<?xml version="1.0" encoding="UTF-8"?>
<!-- Generated by org.testng.reporters.JUnitReportReporter -->
<testsuite skipped="0" hostname="LAPTOP-D8GBQRP8" name="com.platformX.tests.QA_024_Dodavanje_Potpisanog_Ugovora_Test" tests="1" failures="0" timestamp="13 feb 2021 20:34:40 GMT" time="33.947" errors="0">
  <testcase name="qa_024_dodavanje_potpisanog_ugovora_test" time="33.947" classname="com.platformX.tests.QA_024_Dodavanje_Potpisanog_Ugovora_Test"/>
</testsuite> <!-- com.platformX.tests.QA_024_Dodavanje_Potpisanog_Ugovora_Test -->
