<?xml version="1.0" encoding="UTF-8"?>
<!-- Generated by org.testng.reporters.JUnitReportReporter -->
<testsuite skipped="0" hostname="DESKTOP-V755BNS" name="com.platformX.distribution.tests.PX_DIST_011_Verifikacija_Sekcije_Administracija_Test" tests="1" failures="0" timestamp="26 Oct 2022 13:17:37 GMT" time="18.068" errors="0">
  <testcase name="px_dist_011_verifikacija_sekcija_administracija_test" time="18.068" classname="com.platformX.distribution.tests.PX_DIST_011_Verifikacija_Sekcije_Administracija_Test"/>
</testsuite> <!-- com.platformX.distribution.tests.PX_DIST_011_Verifikacija_Sekcije_Administracija_Test -->
