<?xml version="1.0" encoding="UTF-8"?>
<!-- Generated by org.testng.reporters.JUnitReportReporter -->
<testsuite skipped="0" hostname="LAPTOP-D8GBQRP8" name="com.platformX.distribution.tests.PX_DIST_003_Verifikacije_Sekcija_Test" tests="1" failures="0" timestamp="08 apr 2024 20:21:27 GMT" time="42.417" errors="0">
  <testcase name="px_dist_003_07_verifikacija_sekcije_obracunski_ugovori_test" time="42.417" classname="com.platformX.distribution.tests.PX_DIST_003_Verifikacije_Sekcija_Test"/>
</testsuite> <!-- com.platformX.distribution.tests.PX_DIST_003_Verifikacije_Sekcija_Test -->
