<?xml version="1.0" encoding="UTF-8"?>
<!-- Generated by org.testng.reporters.JUnitReportReporter -->
<testsuite skipped="0" hostname="LAPTOP-D8GBQRP8" name="com.platformX.tests.PX_007_Verifikacija_Sekcije_Obracun_Test" tests="1" failures="0" timestamp="25 jan 2022 20:15:02 GMT" time="30.567" errors="0">
  <testcase name="px_007_verifikacija_sekcije_obracun_test" time="30.567" classname="com.platformX.tests.PX_007_Verifikacija_Sekcije_Obracun_Test"/>
</testsuite> <!-- com.platformX.tests.PX_007_Verifikacija_Sekcije_Obracun_Test -->
