<?xml version="1.0" encoding="UTF-8"?>
<!-- Generated by org.testng.reporters.JUnitReportReporter -->
<testsuite skipped="0" hostname="LAPTOP-D8GBQRP8" name="com.platformX.tests.PX_062_Dodavanje_Operativnog_Podrucja_Test" tests="1" failures="0" timestamp="26 okt 2021 09:30:51 GMT" time="20.341" errors="0">
  <testcase name="px_062_dodavanje_operativnog_podrucja_test" time="20.341" classname="com.platformX.tests.PX_062_Dodavanje_Operativnog_Podrucja_Test"/>
</testsuite> <!-- com.platformX.tests.PX_062_Dodavanje_Operativnog_Podrucja_Test -->
