<?xml version="1.0" encoding="UTF-8"?>
<!-- Generated by org.testng.reporters.JUnitReportReporter -->
<testsuite hostname="DESKTOP-KCELP7P" failures="0" tests="1" name="com.platformX.tests.PX_005_Verifikacija_Sekcije_Kupci_Test" time="40.015" errors="0" timestamp="01 jul 2022 09:17:32 GMT" skipped="0">
  <testcase classname="com.platformX.tests.PX_005_Verifikacija_Sekcije_Kupci_Test" name="px_005_verifikacija_sekcije_kupci_test" time="40.015"/>
</testsuite> <!-- com.platformX.tests.PX_005_Verifikacija_Sekcije_Kupci_Test -->
