<?xml version="1.0" encoding="UTF-8"?>
<!-- Generated by org.testng.reporters.JUnitReportReporter -->
<testsuite skipped="0" hostname="LAPTOP-D8GBQRP8" name="com.platformX.tests.QA_027_Provjera_Validacija_Na_Ugovoru_Test2" tests="1" failures="0" timestamp="16 maj 2021 12:32:25 GMT" time="26.470" errors="0">
  <testcase name="qa_027_provjera_validacija_na_ugovoru_test2" time="26.470" classname="com.platformX.tests.QA_027_Provjera_Validacija_Na_Ugovoru_Test2"/>
</testsuite> <!-- com.platformX.tests.QA_027_Provjera_Validacija_Na_Ugovoru_Test2 -->
