<?xml version="1.0" encoding="UTF-8"?>
<!-- Generated by org.testng.reporters.JUnitReportReporter -->
<testsuite skipped="0" hostname="LAPTOP-D8GBQRP8" name="com.platformX.tests.PX_020_Izmjena_Djelatnosti_Test" tests="1" failures="0" timestamp="25 feb 2022 11:12:27 GMT" time="20.548" errors="0">
  <testcase name="px_020_izmjena_djelatnosti_test" time="20.548" classname="com.platformX.tests.PX_020_Izmjena_Djelatnosti_Test"/>
</testsuite> <!-- com.platformX.tests.PX_020_Izmjena_Djelatnosti_Test -->
