<?xml version="1.0" encoding="UTF-8"?>
<!-- Generated by org.testng.reporters.JUnitReportReporter -->
<testsuite skipped="0" hostname="LAPTOP-D8GBQRP8" name="com.platformX.tests.QA_017_Neuspjesno_Dodavanje_Ugovora_Test4" tests="1" failures="0" timestamp="07 feb 2021 19:36:01 GMT" time="45.934" errors="0">
  <testcase name="qa_017_nesupjesno_dodavanje_ugovora_test4" time="45.934" classname="com.platformX.tests.QA_017_Neuspjesno_Dodavanje_Ugovora_Test4"/>
</testsuite> <!-- com.platformX.tests.QA_017_Neuspjesno_Dodavanje_Ugovora_Test4 -->
