<?xml version="1.0" encoding="UTF-8"?>
<!-- Generated by org.testng.reporters.JUnitReportReporter -->
<testsuite skipped="0" hostname="LAPTOP-D8GBQRP8" name="com.platformX.tests.PX_035_Dodavanje_Uplate_Sa_Kupcem_Test" tests="1" failures="0" timestamp="01 jun 2022 08:21:45 GMT" time="57.748" errors="0">
  <testcase name="qa_035_dodavanje_uplate_sa_kupcem_test" time="57.748" classname="com.platformX.tests.PX_035_Dodavanje_Uplate_Sa_Kupcem_Test"/>
</testsuite> <!-- com.platformX.tests.PX_035_Dodavanje_Uplate_Sa_Kupcem_Test -->
