<?xml version="1.0" encoding="UTF-8"?>
<!-- Generated by org.testng.reporters.JUnitReportReporter -->
<testsuite skipped="0" hostname="DESKTOP-V755BNS" name="com.platformX.distribution.tests.PX_DIST_008_Verifikacija_Sekcije_ObracunskiUgovori_Test" tests="1" failures="0" timestamp="29 Sep 2022 08:35:37 GMT" time="15.868" errors="0">
  <testcase name="px_dist_007_verifikacije_sekcije_obracunski_ugovori_test" time="15.868" classname="com.platformX.distribution.tests.PX_DIST_008_Verifikacija_Sekcije_ObracunskiUgovori_Test"/>
</testsuite> <!-- com.platformX.distribution.tests.PX_DIST_008_Verifikacija_Sekcije_ObracunskiUgovori_Test -->
