<?xml version="1.0" encoding="UTF-8"?>
<!-- Generated by org.testng.reporters.JUnitReportReporter -->
<testsuite skipped="0" hostname="LAPTOP-D8GBQRP8" name="com.platformX.tests.QA_004_Verifikacija_Sekcije_Kupci_Test" tests="1" failures="0" timestamp="15 maj 2021 08:49:18 GMT" time="33.988" errors="0">
  <testcase name="qa_004_verifikacija_sekcije_kupci_test" time="33.988" classname="com.platformX.tests.QA_004_Verifikacija_Sekcije_Kupci_Test"/>
</testsuite> <!-- com.platformX.tests.QA_004_Verifikacija_Sekcije_Kupci_Test -->
