<?xml version="1.0" encoding="UTF-8"?>
<!-- Generated by org.testng.reporters.JUnitReportReporter -->
<testsuite skipped="0" hostname="LAPTOP-D8GBQRP8" name="com.platformX.api.tests.PXD_013_BasicCatalogs_Streets_Test" tests="1" failures="0" timestamp="07 jan 2024 16:20:51 GMT" time="7.016" errors="0">
  <testcase name="pxd_013_01_get_street_test3" time="7.016" classname="com.platformX.api.tests.PXD_013_BasicCatalogs_Streets_Test"/>
</testsuite> <!-- com.platformX.api.tests.PXD_013_BasicCatalogs_Streets_Test -->
