<?xml version="1.0" encoding="UTF-8"?>
<!-- Generated by org.testng.reporters.JUnitReportReporter -->
<testsuite skipped="0" hostname="LAPTOP-D8GBQRP8" name="com.platformX.tests.QA_008_Verifikacija_Sekcije_Pravni_Odnosi_Test" tests="1" failures="0" timestamp="19 maj 2021 13:26:42 GMT" time="25.811" errors="0">
  <testcase name="qa_008_verifikacija_sekcije_pravni_odnosi_test" time="25.811" classname="com.platformX.tests.QA_008_Verifikacija_Sekcije_Pravni_Odnosi_Test"/>
</testsuite> <!-- com.platformX.tests.QA_008_Verifikacija_Sekcije_Pravni_Odnosi_Test -->
