<?xml version="1.0" encoding="UTF-8"?>
<!-- Generated by org.testng.reporters.JUnitReportReporter -->
<testsuite skipped="0" hostname="LAPTOP-D8GBQRP8" name="com.platformX.tests.PX_075_Neuspjesno_Dodavanje_Poste_Test" tests="1" failures="0" timestamp="02 dec 2021 19:17:50 GMT" time="19.423" errors="0">
  <testcase name="px_075_neuspjesno_dodavanje_poste_test" time="19.423" classname="com.platformX.tests.PX_075_Neuspjesno_Dodavanje_Poste_Test"/>
</testsuite> <!-- com.platformX.tests.PX_075_Neuspjesno_Dodavanje_Poste_Test -->
