<?xml version="1.0" encoding="UTF-8"?>
<!-- Generated by org.testng.reporters.JUnitReportReporter -->
<testsuite hostname="DESKTOP-DCVP31V" failures="0" tests="1" name="com.platformX.tests.PX_039_Dodavanje_Tarifne_Grupe_Test" time="19.104" errors="0" timestamp="21 Sep 2022 13:28:30 GMT" skipped="0">
  <testcase classname="com.platformX.tests.PX_039_Dodavanje_Tarifne_Grupe_Test" name="px_039_dodavanje_tarifne_grupe_test" time="19.104"/>
</testsuite> <!-- com.platformX.tests.PX_039_Dodavanje_Tarifne_Grupe_Test -->
