<?xml version="1.0" encoding="UTF-8"?>
<!-- Generated by org.testng.reporters.JUnitReportReporter -->
<testsuite skipped="0" hostname="LAPTOP-D8GBQRP8" name="com.platformX.api.tests.PXD_015_BasicCatalogs_InstallmentPersonLocations_Test" tests="11" failures="0" timestamp="08 apr 2024 19:49:01 GMT" time="3.912" errors="0">
  <testcase name="pxd_015_03_get_active_installment_person_location_lookup_test2" time="0.186" classname="com.platformX.api.tests.PXD_015_BasicCatalogs_InstallmentPersonLocations_Test"/>
  <testcase name="pxd_015_05_update_installment_person_location_test1" time="0.222" classname="com.platformX.api.tests.PXD_015_BasicCatalogs_InstallmentPersonLocations_Test"/>
  <testcase name="pxd_015_01_get_installment_person_location_test2" time="0.271" classname="com.platformX.api.tests.PXD_015_BasicCatalogs_InstallmentPersonLocations_Test"/>
  <testcase name="pxd_015_03_get_active_installment_person_lookup_test1" time="0.177" classname="com.platformX.api.tests.PXD_015_BasicCatalogs_InstallmentPersonLocations_Test"/>
  <testcase name="pxd_015_01_get_installment_person_location_test3" time="0.277" classname="com.platformX.api.tests.PXD_015_BasicCatalogs_InstallmentPersonLocations_Test"/>
  <testcase name="pxd_015_01_get_installment_person_location_test4" time="0.179" classname="com.platformX.api.tests.PXD_015_BasicCatalogs_InstallmentPersonLocations_Test"/>
  <testcase name="pxd_015_00_create_installment_person_test" time="1.305" classname="com.platformX.api.tests.PXD_015_BasicCatalogs_InstallmentPersonLocations_Test"/>
  <testcase name="pxd_015_02_post_installment_persons_location_list_test1" time="0.355" classname="com.platformX.api.tests.PXD_015_BasicCatalogs_InstallmentPersonLocations_Test"/>
  <testcase name="pxd_015_04_create_installment_persons_location_test1" time="0.464" classname="com.platformX.api.tests.PXD_015_BasicCatalogs_InstallmentPersonLocations_Test"/>
  <testcase name="pxd_015_01_get_installment_person_location_test1" time="0.306" classname="com.platformX.api.tests.PXD_015_BasicCatalogs_InstallmentPersonLocations_Test"/>
  <testcase name="pxd_015_06_delete_installment_person_location_test1" time="0.170" classname="com.platformX.api.tests.PXD_015_BasicCatalogs_InstallmentPersonLocations_Test"/>
</testsuite> <!-- com.platformX.api.tests.PXD_015_BasicCatalogs_InstallmentPersonLocations_Test -->
