<?xml version="1.0" encoding="UTF-8"?>
<!-- Generated by org.testng.reporters.JUnitReportReporter -->
<testsuite skipped="0" hostname="LAPTOP-D8GBQRP8" name="com.platformX.tests.PX_079_Neuspjesno_Brisanje_Ulice_Test" tests="1" failures="0" timestamp="08 jan 2022 12:53:31 GMT" time="19.138" errors="0">
  <testcase name="px_079_neuspjesno_brisanje_ulice_test" time="19.138" classname="com.platformX.tests.PX_079_Neuspjesno_Brisanje_Ulice_Test"/>
</testsuite> <!-- com.platformX.tests.PX_079_Neuspjesno_Brisanje_Ulice_Test -->
