<?xml version="1.0" encoding="UTF-8"?>
<!-- Generated by org.testng.reporters.JUnitReportReporter -->
<testsuite hostname="DESKTOP-DCVP31V" failures="0" tests="1" name="com.platformX.tests.PX_052_Deaktivacija_Ugovora_Test" time="58.300" errors="0" timestamp="22 Sep 2022 10:15:11 GMT" skipped="0">
  <testcase classname="com.platformX.tests.PX_052_Deaktivacija_Ugovora_Test" name="px_052_deaktivacija_ugovora_test" time="58.300"/>
</testsuite> <!-- com.platformX.tests.PX_052_Deaktivacija_Ugovora_Test -->
