<?xml version="1.0" encoding="UTF-8"?>
<!-- Generated by org.testng.reporters.JUnitReportReporter -->
<testsuite hostname="DESKTOP-DCVP31V" failures="0" tests="1" name="com.platformX.distribution.tests.PX_DIST_Brisanje_Obracunskog_Ugovora_PxD_Test" time="68.529" errors="0" timestamp="07 Nov 2022 09:43:00 GMT" skipped="0">
  <testcase classname="com.platformX.distribution.tests.PX_DIST_Brisanje_Obracunskog_Ugovora_PxD_Test" name="px_dist_brisanje_obracunskog_ugovora_pxd_test" time="68.529"/>
</testsuite> <!-- com.platformX.distribution.tests.PX_DIST_Brisanje_Obracunskog_Ugovora_PxD_Test -->
