<?xml version="1.0" encoding="UTF-8"?>
<!-- Generated by org.testng.reporters.JUnitReportReporter -->
<testsuite skipped="0" hostname="LAPTOP-D8GBQRP8" name="com.platformX.tests.QA_017_Dodavanje_Pravnog_Lica_Test" tests="1" failures="0" timestamp="23 feb 2021 07:25:22 GMT" time="33.512" errors="0">
  <testcase name="qa_017_dodavanje_pravnog_lica_test" time="33.512" classname="com.platformX.tests.QA_017_Dodavanje_Pravnog_Lica_Test"/>
</testsuite> <!-- com.platformX.tests.QA_017_Dodavanje_Pravnog_Lica_Test -->
