<?xml version="1.0" encoding="UTF-8"?>
<!-- Generated by org.testng.reporters.JUnitReportReporter -->
<testsuite skipped="0" hostname="LAPTOP-D8GBQRP8" name="com.platformX.tests.QA_009_Preknjizi_Dnevnik_Uplata_Test" tests="1" failures="0" timestamp="13 feb 2021 19:54:37 GMT" time="67.994" errors="0">
  <testcase name="qa_009_preknjizi_dnevnik_uplata_test" time="67.994" classname="com.platformX.tests.QA_009_Preknjizi_Dnevnik_Uplata_Test"/>
</testsuite> <!-- com.platformX.tests.QA_009_Preknjizi_Dnevnik_Uplata_Test -->
