<?xml version="1.0" encoding="UTF-8"?>
<!-- Generated by org.testng.reporters.JUnitReportReporter -->
<testsuite skipped="0" hostname="LAPTOP-D8GBQRP8" name="com.platformX.tests.PX_004_Verifikacija_Sekcije_Tarifni_Sistem_Test" tests="1" failures="0" timestamp="17 maj 2022 03:38:25 GMT" time="20.939" errors="0">
  <testcase name="px_004_verifikacije_sekcije_tarifni_sistem_test" time="20.939" classname="com.platformX.tests.PX_004_Verifikacija_Sekcije_Tarifni_Sistem_Test"/>
</testsuite> <!-- com.platformX.tests.PX_004_Verifikacija_Sekcije_Tarifni_Sistem_Test -->
