<?xml version="1.0" encoding="UTF-8"?>
<!-- Generated by org.testng.reporters.JUnitReportReporter -->
<testsuite skipped="0" hostname="LAPTOP-D8GBQRP8" name="com.platformX.tests.PX_007_Verifikacija_Sekcije_Obracun_Test" tests="1" failures="0" timestamp="17 maj 2022 03:42:50 GMT" time="26.769" errors="0">
  <testcase name="px_007_verifikacija_sekcije_obracun_test" time="26.769" classname="com.platformX.tests.PX_007_Verifikacija_Sekcije_Obracun_Test"/>
</testsuite> <!-- com.platformX.tests.PX_007_Verifikacija_Sekcije_Obracun_Test -->
