<?xml version="1.0" encoding="UTF-8"?>
<!-- Generated by org.testng.reporters.JUnitReportReporter -->
<testsuite skipped="0" hostname="LAPTOP-D8GBQRP8" name="com.platformX.distribution.tests.PX_DIST_004_Verifikacija_Sekcije_Tarifni_Sistem_Test" tests="1" failures="0" timestamp="18 mar 2022 10:28:05 GMT" time="20.831" errors="0">
  <testcase name="px_004_verifikacije_sekcije_tarifni_sistem_test" time="20.831" classname="com.platformX.distribution.tests.PX_DIST_004_Verifikacija_Sekcije_Tarifni_Sistem_Test"/>
</testsuite> <!-- com.platformX.distribution.tests.PX_DIST_004_Verifikacija_Sekcije_Tarifni_Sistem_Test -->
