<?xml version="1.0" encoding="UTF-8"?>
<!-- Generated by org.testng.reporters.JUnitReportReporter -->
<testsuite skipped="0" hostname="LAPTOP-D8GBQRP8" name="com.platformX.tests.QA_004_Dodaj_Ziro_Racun_Test" tests="1" failures="0" timestamp="07 feb 2021 18:50:29 GMT" time="39.386" errors="0">
  <testcase name="qa_004_dodaj_ziro_racun_test" time="39.386" classname="com.platformX.tests.QA_004_Dodaj_Ziro_Racun_Test"/>
</testsuite> <!-- com.platformX.tests.QA_004_Dodaj_Ziro_Racun_Test -->
