<?xml version="1.0" encoding="UTF-8"?>
<!-- Generated by org.testng.reporters.JUnitReportReporter -->
<testsuite skipped="0" hostname="LAPTOP-D8GBQRP8" name="com.platformX.tests.QA_014_Dodavanje_Operativnog_Podrucja_Test" tests="1" failures="0" timestamp="07 apr 2021 18:54:48 GMT" time="18.209" errors="0">
  <testcase name="qa_014_dodavanje_operativnog_podrucja_test" time="18.209" classname="com.platformX.tests.QA_014_Dodavanje_Operativnog_Podrucja_Test"/>
</testsuite> <!-- com.platformX.tests.QA_014_Dodavanje_Operativnog_Podrucja_Test -->
