<?xml version="1.0" encoding="UTF-8"?>
<!-- Generated by org.testng.reporters.JUnitReportReporter -->
<testsuite skipped="0" hostname="LAPTOP-D8GBQRP8" name="com.platformX.tests.PX_018_Brisanje_Kategorije_Cijene_Test" tests="1" failures="0" timestamp="26 jan 2022 06:05:58 GMT" time="21.826" errors="0">
  <testcase name="px_018_brisanje_kategorije_cijene_test" time="21.826" classname="com.platformX.tests.PX_018_Brisanje_Kategorije_Cijene_Test"/>
</testsuite> <!-- com.platformX.tests.PX_018_Brisanje_Kategorije_Cijene_Test -->
