<?xml version="1.0" encoding="UTF-8"?>
<!-- Generated by org.testng.reporters.JUnitReportReporter -->
<testsuite skipped="0" hostname="LAPTOP-D8GBQRP8" name="com.platformX.api.tests.PXD_002_Administration_Users_Test" tests="4" failures="0" timestamp="07 jan 2024 20:12:05 GMT" time="3.526" errors="0">
  <testcase name="pxd_002_01_get_user_test1" time="1.941" classname="com.platformX.api.tests.PXD_002_Administration_Users_Test"/>
  <testcase name="pxd_002_01_get_user_test2" time="0.417" classname="com.platformX.api.tests.PXD_002_Administration_Users_Test"/>
  <testcase name="pxd_002_01_get_user_test4" time="0.666" classname="com.platformX.api.tests.PXD_002_Administration_Users_Test"/>
  <testcase name="pxd_002_01_get_user_test3" time="0.502" classname="com.platformX.api.tests.PXD_002_Administration_Users_Test"/>
</testsuite> <!-- com.platformX.api.tests.PXD_002_Administration_Users_Test -->
