<?xml version="1.0" encoding="UTF-8"?>
<!-- Generated by org.testng.reporters.JUnitReportReporter -->
<testsuite hostname="DESKTOP-DCVP31V" failures="0" tests="1" name="com.platformX.tests.PX_077_Izmjena_Ulice_Test" time="21.936" errors="0" timestamp="22 Sep 2022 10:19:03 GMT" skipped="0">
  <testcase classname="com.platformX.tests.PX_077_Izmjena_Ulice_Test" name="px_077_izmjena_ulice_test" time="21.936"/>
</testsuite> <!-- com.platformX.tests.PX_077_Izmjena_Ulice_Test -->
