<?xml version="1.0" encoding="UTF-8"?>
<!-- Generated by org.testng.reporters.JUnitReportReporter -->
<testsuite skipped="0" hostname="LAPTOP-D8GBQRP8" name="com.platformX.tests.QA_005_Verifikuj_Sekciju_Mjerna_Mjesta_Test" tests="1" failures="0" timestamp="17 feb 2021 12:18:14 GMT" time="17.264" errors="0">
  <testcase name="qa_005_verifikuj_sekciju_mjerna_mjesta_test" time="17.264" classname="com.platformX.tests.QA_005_Verifikuj_Sekciju_Mjerna_Mjesta_Test"/>
</testsuite> <!-- com.platformX.tests.QA_005_Verifikuj_Sekciju_Mjerna_Mjesta_Test -->
