<?xml version="1.0" encoding="UTF-8"?>
<!-- Generated by org.testng.reporters.JUnitReportReporter -->
<testsuite skipped="0" hostname="LAPTOP-D8GBQRP8" name="com.platformX.tests.PX_063_Izmjena_Operativnog_Podrucja_Test" tests="1" failures="0" timestamp="28 sep 2021 11:01:49 GMT" time="29.185" errors="0">
  <testcase name="px_063_izmjena_operativnog_podrucja_test" time="29.185" classname="com.platformX.tests.PX_063_Izmjena_Operativnog_Podrucja_Test"/>
</testsuite> <!-- com.platformX.tests.PX_063_Izmjena_Operativnog_Podrucja_Test -->
