<?xml version="1.0" encoding="UTF-8"?>
<!-- Generated by org.testng.reporters.JUnitReportReporter -->
<testsuite skipped="0" hostname="LAPTOP-D8GBQRP8" name="com.platformX.tests.QA_002_Verifikuj_Stranice_Test" tests="1" failures="0" timestamp="23 jan 2021 07:45:36 GMT" time="138.013" errors="0">
  <testcase name="qa_002_verifikuj_stranice_test" time="138.013" classname="com.platformX.tests.QA_002_Verifikuj_Stranice_Test"/>
</testsuite> <!-- com.platformX.tests.QA_002_Verifikuj_Stranice_Test -->
