<?xml version="1.0" encoding="UTF-8"?>
<!-- Generated by org.testng.reporters.JUnitReportReporter -->
<testsuite skipped="0" hostname="LAPTOP-D8GBQRP8" name="com.platformX.tests.QA_012_Dodavanje_Uplate_Poziv_Na_Broj_Test2" tests="1" failures="0" timestamp="04 maj 2021 17:00:33 GMT" time="58.528" errors="0">
  <testcase name="qa_012_dodavanje_uplate_poziv_na_broj_test2" time="58.528" classname="com.platformX.tests.QA_012_Dodavanje_Uplate_Poziv_Na_Broj_Test2"/>
</testsuite> <!-- com.platformX.tests.QA_012_Dodavanje_Uplate_Poziv_Na_Broj_Test2 -->
