<?xml version="1.0" encoding="UTF-8"?>
<!-- Generated by org.testng.reporters.JUnitReportReporter -->
<testsuite skipped="0" hostname="LAPTOP-D8GBQRP8" name="com.platformX.api.tests.PXD_004_Get_Administration_Users_Test" tests="4" failures="0" timestamp="01 apr 2023 21:10:12 GMT" time="10.689" errors="0">
  <testcase name="pxd_get_user_data_test4" time="0.997" classname="com.platformX.api.tests.PXD_004_Get_Administration_Users_Test"/>
  <testcase name="pxd_get_user_data_test3" time="0.312" classname="com.platformX.api.tests.PXD_004_Get_Administration_Users_Test"/>
  <testcase name="pxd_get_administration_users_test1" time="9.232" classname="com.platformX.api.tests.PXD_004_Get_Administration_Users_Test"/>
  <testcase name="pxd_get_administration_users_test2" time="0.148" classname="com.platformX.api.tests.PXD_004_Get_Administration_Users_Test"/>
</testsuite> <!-- com.platformX.api.tests.PXD_004_Get_Administration_Users_Test -->
