<?xml version="1.0" encoding="UTF-8"?>
<!-- Generated by org.testng.reporters.JUnitReportReporter -->
<testsuite skipped="0" hostname="LAPTOP-D8GBQRP8" name="com.platformX.tests.QA_043_Izmjena_Djelatnosti_Test" tests="1" failures="0" timestamp="16 maj 2021 20:25:03 GMT" time="19.961" errors="0">
  <testcase name="qa_043_izmjena_djelatnosti_test" time="19.961" classname="com.platformX.tests.QA_043_Izmjena_Djelatnosti_Test"/>
</testsuite> <!-- com.platformX.tests.QA_043_Izmjena_Djelatnosti_Test -->
