<?xml version="1.0" encoding="UTF-8"?>
<!-- Generated by org.testng.reporters.JUnitReportReporter -->
<testsuite skipped="0" hostname="LAPTOP-D8GBQRP8" name="com.platformX.tests.PX_018_Brisanje_Kategorije_Cijene_Test" tests="1" failures="0" timestamp="02 feb 2022 18:13:48 GMT" time="22.827" errors="0">
  <testcase name="px_018_brisanje_kategorije_cijene_test" time="22.827" classname="com.platformX.tests.PX_018_Brisanje_Kategorije_Cijene_Test"/>
</testsuite> <!-- com.platformX.tests.PX_018_Brisanje_Kategorije_Cijene_Test -->
