<?xml version="1.0" encoding="UTF-8"?>
<!-- Generated by org.testng.reporters.JUnitReportReporter -->
<testsuite hostname="DESKTOP-DCVP31V" failures="0" tests="1" name="com.platformX.distribution.tests.PX_DIST_011_Verifikacija_Sekcije_Administracija_Test" time="17.088" errors="0" timestamp="07 Nov 2022 09:27:52 GMT" skipped="0">
  <testcase classname="com.platformX.distribution.tests.PX_DIST_011_Verifikacija_Sekcije_Administracija_Test" name="px_dist_011_verifikacija_sekcija_administracija_test" time="17.088"/>
</testsuite> <!-- com.platformX.distribution.tests.PX_DIST_011_Verifikacija_Sekcije_Administracija_Test -->
