<?xml version="1.0" encoding="UTF-8"?>
<!-- Generated by org.testng.reporters.JUnitReportReporter -->
<testsuite skipped="0" hostname="LAPTOP-D8GBQRP8" name="com.platformX.distribution.tests.PX_DIST_003_Verifikacija_Sekcije_Sifarnici_Test" tests="1" failures="0" timestamp="24 feb 2022 09:05:45 GMT" time="38.365" errors="0">
  <testcase name="px_dist_003_verifikacije_sekcije_sifarnici_test" time="38.365" classname="com.platformX.distribution.tests.PX_DIST_003_Verifikacija_Sekcije_Sifarnici_Test"/>
</testsuite> <!-- com.platformX.distribution.tests.PX_DIST_003_Verifikacija_Sekcije_Sifarnici_Test -->
