<?xml version="1.0" encoding="UTF-8"?>
<!-- Generated by org.testng.reporters.JUnitReportReporter -->
<testsuite skipped="0" hostname="LAPTOP-D8GBQRP8" name="com.platformX.tests.QA_011_Dodaj_Radnu_Jedinicu_Test" tests="1" failures="0" timestamp="13 feb 2021 20:14:54 GMT" time="32.990" errors="0">
  <testcase name="qa_011_dodaj_radnu_jedinicu_test" time="32.990" classname="com.platformX.tests.QA_011_Dodaj_Radnu_Jedinicu_Test"/>
</testsuite> <!-- com.platformX.tests.QA_011_Dodaj_Radnu_Jedinicu_Test -->
