<?xml version="1.0" encoding="UTF-8"?>
<!-- Generated by org.testng.reporters.JUnitReportReporter -->
<testsuite skipped="0" hostname="DESKTOP-V755BNS" name="com.platformX.tests.PX_014_Brisanje_Umanjenja_Cijene_Test" tests="1" failures="0" timestamp="25 Oct 2022 13:16:12 GMT" time="26.234" errors="0">
  <testcase name="px_014_brisanje_umanjenja_cijene_test" time="26.234" classname="com.platformX.tests.PX_014_Brisanje_Umanjenja_Cijene_Test"/>
</testsuite> <!-- com.platformX.tests.PX_014_Brisanje_Umanjenja_Cijene_Test -->
