<?xml version="1.0" encoding="UTF-8"?>
<!-- Generated by org.testng.reporters.JUnitReportReporter -->
<testsuite skipped="0" hostname="LAPTOP-D8GBQRP8" name="com.platformX.tests.QA_018_Dodavanje_Ugovora_Test" tests="1" failures="0" timestamp="28 mar 2021 09:29:57 GMT" time="44.140" errors="0">
  <testcase name="qa_018_dodavanje_ugovora_test" time="44.140" classname="com.platformX.tests.QA_018_Dodavanje_Ugovora_Test"/>
</testsuite> <!-- com.platformX.tests.QA_018_Dodavanje_Ugovora_Test -->
