<?xml version="1.0" encoding="UTF-8"?>
<!-- Generated by org.testng.reporters.JUnitReportReporter -->
<testsuite skipped="0" hostname="LAPTOP-D8GBQRP8" name="com.platformX.distribution.tests.PX_DIST_Neuspjesno_Dodavanje_Poste_Test" tests="1" failures="0" timestamp="31 jul 2022 18:35:02 GMT" time="21.129" errors="0">
  <testcase name="px_dist_neuspjesno_dodavanje_poste_test" time="21.129" classname="com.platformX.distribution.tests.PX_DIST_Neuspjesno_Dodavanje_Poste_Test"/>
</testsuite> <!-- com.platformX.distribution.tests.PX_DIST_Neuspjesno_Dodavanje_Poste_Test -->
