<?xml version="1.0" encoding="UTF-8"?>
<!-- Generated by org.testng.reporters.JUnitReportReporter -->
<testsuite skipped="0" hostname="LAPTOP-D8GBQRP8" name="com.platformX.tests.QA_005_Dodaj_Dnevnik_Uplata_Test" tests="1" failures="0" timestamp="24 jan 2021 08:38:18 GMT" time="63.069" errors="0">
  <testcase name="qa_005_dodaj_dnevnik_uplata_test" time="63.069" classname="com.platformX.tests.QA_005_Dodaj_Dnevnik_Uplata_Test"/>
</testsuite> <!-- com.platformX.tests.QA_005_Dodaj_Dnevnik_Uplata_Test -->
