<?xml version="1.0" encoding="UTF-8"?>
<!-- Generated by org.testng.reporters.JUnitReportReporter -->
<testsuite hostname="DWELT-PREZ-001" failures="0" tests="1" name="com.platformX.distribution.tests.PX_DIST_004_Verifikacija_Sekcije_Sifarnici_Za_Zapisnike_Test" time="21.633" errors="0" timestamp="13 Dec 2022 12:32:27 GMT" skipped="0">
  <testcase classname="com.platformX.distribution.tests.PX_DIST_004_Verifikacija_Sekcije_Sifarnici_Za_Zapisnike_Test" name="px_dist_004_verifikacije_sekcije_sifarnici_za_zapisnike_test" time="21.633"/>
</testsuite> <!-- com.platformX.distribution.tests.PX_DIST_004_Verifikacija_Sekcije_Sifarnici_Za_Zapisnike_Test -->
