<?xml version="1.0" encoding="UTF-8"?>
<!-- Generated by org.testng.reporters.JUnitReportReporter -->
<testsuite skipped="0" hostname="LAPTOP-D8GBQRP8" name="com.platformX.tests.QA_041_Preregistracija_Ugovora_Test" tests="1" failures="0" timestamp="28 mar 2021 09:23:30 GMT" time="25.103" errors="0">
  <testcase name="qa_040_provjera_validacija_na_preregistraciji_ugovora_test" time="25.103" classname="com.platformX.tests.QA_041_Preregistracija_Ugovora_Test"/>
</testsuite> <!-- com.platformX.tests.QA_041_Preregistracija_Ugovora_Test -->
