<?xml version="1.0" encoding="UTF-8"?>
<!-- Generated by org.testng.reporters.JUnitReportReporter -->
<testsuite skipped="0" hostname="DESKTOP-V755BNS" name="com.platformX.distribution.tests.PX_DIST_Uredjivanje_Pravnog_Lica_Test" tests="1" failures="0" timestamp="14 Oct 2022 06:33:57 GMT" time="28.634" errors="0">
  <testcase name="px_dist_dodavanje_pravnog_lica_test" time="28.634" classname="com.platformX.distribution.tests.PX_DIST_Uredjivanje_Pravnog_Lica_Test"/>
</testsuite> <!-- com.platformX.distribution.tests.PX_DIST_Uredjivanje_Pravnog_Lica_Test -->
