<?xml version="1.0" encoding="UTF-8"?>
<!-- Generated by org.testng.reporters.JUnitReportReporter -->
<testsuite skipped="0" hostname="LAPTOP-D8GBQRP8" name="com.platformX.api.tests.PXD_001_Authentication_Test" tests="1" failures="0" timestamp="22 jan 2024 14:48:05 GMT" time="1.256" errors="0">
  <testcase name="pxd_001_02_get_user_data_test1" time="1.256" classname="com.platformX.api.tests.PXD_001_Authentication_Test"/>
</testsuite> <!-- com.platformX.api.tests.PXD_001_Authentication_Test -->
