<?xml version="1.0" encoding="UTF-8"?>
<!-- Generated by org.testng.reporters.JUnitReportReporter -->
<testsuite skipped="0" hostname="LAPTOP-D8GBQRP8" name="com.platformX.tests.PX_022_Dodavanje_Banke_Test" tests="1" failures="0" timestamp="13 jan 2022 11:39:14 GMT" time="21.762" errors="0">
  <testcase name="px_022_dodavanje_banke_test" time="21.762" classname="com.platformX.tests.PX_022_Dodavanje_Banke_Test"/>
</testsuite> <!-- com.platformX.tests.PX_022_Dodavanje_Banke_Test -->
