<?xml version="1.0" encoding="UTF-8"?>
<!-- Generated by org.testng.reporters.JUnitReportReporter -->
<testsuite skipped="0" hostname="LAPTOP-D8GBQRP8" name="com.platformX.tests.QA_003_Dodaj_Banku_Test" tests="1" failures="0" timestamp="23 jan 2021 07:46:11 GMT" time="20.533" errors="0">
  <testcase name="qa_003_dodaj_banku_test" time="20.533" classname="com.platformX.tests.QA_003_Dodaj_Banku_Test"/>
</testsuite> <!-- com.platformX.tests.QA_003_Dodaj_Banku_Test -->
