<?xml version="1.0" encoding="UTF-8"?>
<!-- Generated by org.testng.reporters.JUnitReportReporter -->
<testsuite hostname="DESKTOP-KCELP7P" failures="0" tests="1" name="com.platformX.distribution.tests.PX_DIST_Dodavanje_Fizicke_Lokacije_Test" time="20.985" errors="0" timestamp="12 okt 2022 13:12:29 GMT" skipped="0">
  <testcase classname="com.platformX.distribution.tests.PX_DIST_Dodavanje_Fizicke_Lokacije_Test" name="px_dist_dodavanje_fizicke_lokacije_test" time="20.985"/>
</testsuite> <!-- com.platformX.distribution.tests.PX_DIST_Dodavanje_Fizicke_Lokacije_Test -->
