<?xml version="1.0" encoding="UTF-8"?>
<!-- Generated by org.testng.reporters.JUnitReportReporter -->
<testsuite skipped="0" hostname="LAPTOP-D8GBQRP8" name="com.platformX.tests.PX_006_Verifikacija_Sekcije_Mjerna_Mjesta_Test" tests="1" failures="0" timestamp="21 nov 2021 10:22:03 GMT" time="17.130" errors="0">
  <testcase name="qa_006_verifikacija_sekcije_mjerna_mjesta_test" time="17.130" classname="com.platformX.tests.PX_006_Verifikacija_Sekcije_Mjerna_Mjesta_Test"/>
</testsuite> <!-- com.platformX.tests.PX_006_Verifikacija_Sekcije_Mjerna_Mjesta_Test -->
