<?xml version="1.0" encoding="UTF-8"?>
<!-- Generated by org.testng.reporters.JUnitReportReporter -->
<testsuite skipped="0" hostname="LAPTOP-D8GBQRP8" name="com.platformX.tests.PX_040_Izmjena_Tarifne_Grupe_Test" tests="1" failures="0" timestamp="24 maj 2023 12:22:33 GMT" time="20.850" errors="0">
  <testcase name="px_040_izmjena_tarifne_grupe_test" time="20.850" classname="com.platformX.tests.PX_040_Izmjena_Tarifne_Grupe_Test"/>
</testsuite> <!-- com.platformX.tests.PX_040_Izmjena_Tarifne_Grupe_Test -->
