<?xml version="1.0" encoding="UTF-8"?>
<!-- Generated by org.testng.reporters.JUnitReportReporter -->
<testsuite skipped="0" hostname="LAPTOP-D8GBQRP8" name="com.platformX.distribution.tests.PX_DIST_050_Dodavanje_Uredjivanje_Brisanje_Sezone_Test" tests="1" failures="0" timestamp="24 maj 2023 18:20:34 GMT" time="49.792" errors="0">
  <testcase name="px_dist_050_dodavanje_uredjivanje_brisanje_sezone_test" time="49.792" classname="com.platformX.distribution.tests.PX_DIST_050_Dodavanje_Uredjivanje_Brisanje_Sezone_Test"/>
</testsuite> <!-- com.platformX.distribution.tests.PX_DIST_050_Dodavanje_Uredjivanje_Brisanje_Sezone_Test -->
