<?xml version="1.0" encoding="UTF-8"?>
<!-- Generated by org.testng.reporters.JUnitReportReporter -->
<testsuite skipped="0" hostname="LAPTOP-D8GBQRP8" name="com.platformX.tests.QA_034_Odbacivanje_Ugovora_Test" tests="1" failures="0" timestamp="07 apr 2021 19:39:27 GMT" time="42.863" errors="0">
  <testcase name="qa_034_odbacivanje_ugovora_test" time="42.863" classname="com.platformX.tests.QA_034_Odbacivanje_Ugovora_Test"/>
</testsuite> <!-- com.platformX.tests.QA_034_Odbacivanje_Ugovora_Test -->
