<?xml version="1.0" encoding="UTF-8"?>
<!-- Generated by org.testng.reporters.JUnitReportReporter -->
<testsuite skipped="0" hostname="LAPTOP-D8GBQRP8" name="com.platformX.tests.QA_045_Provjera_Validacija_Na_LogIn_Formi_Test" tests="3" failures="0" timestamp="18 maj 2021 17:53:45 GMT" time="26.946" errors="0">
  <testcase name="qa_001_validna_lozinka_test" time="8.294" classname="com.platformX.tests.QA_045_Provjera_Validacija_Na_LogIn_Formi_Test"/>
  <testcase name="qa_001_nevalidni_kredencijali_test" time="9.452" classname="com.platformX.tests.QA_045_Provjera_Validacija_Na_LogIn_Formi_Test"/>
  <testcase name="qa_001_validno_korisnicko_ime_test" time="9.200" classname="com.platformX.tests.QA_045_Provjera_Validacija_Na_LogIn_Formi_Test"/>
</testsuite> <!-- com.platformX.tests.QA_045_Provjera_Validacija_Na_LogIn_Formi_Test -->
