<?xml version="1.0" encoding="UTF-8"?>
<!-- Generated by org.testng.reporters.JUnitReportReporter -->
<testsuite skipped="0" hostname="LAPTOP-D8GBQRP8" name="com.platformX.api.tests.PXD_013_BasicCatalogs_Streets_Test" tests="10" failures="0" timestamp="08 apr 2024 19:48:36 GMT" time="4.432" errors="0">
  <testcase name="pxd_013_01_get_street_test1" time="0.267" classname="com.platformX.api.tests.PXD_013_BasicCatalogs_Streets_Test"/>
  <testcase name="pxd_013_01_get_street_test4" time="0.155" classname="com.platformX.api.tests.PXD_013_BasicCatalogs_Streets_Test"/>
  <testcase name="pxd_013_06_delete_street_test1" time="0.613" classname="com.platformX.api.tests.PXD_013_BasicCatalogs_Streets_Test"/>
  <testcase name="pxd_013_01_get_street_test2" time="0.632" classname="com.platformX.api.tests.PXD_013_BasicCatalogs_Streets_Test"/>
  <testcase name="pxd_013_04_create_street_test1" time="1.302" classname="com.platformX.api.tests.PXD_013_BasicCatalogs_Streets_Test"/>
  <testcase name="pxd_013_03_get_street_lookup_test1" time="0.272" classname="com.platformX.api.tests.PXD_013_BasicCatalogs_Streets_Test"/>
  <testcase name="pxd_013_05_update_street_test1" time="0.587" classname="com.platformX.api.tests.PXD_013_BasicCatalogs_Streets_Test"/>
  <testcase name="pxd_013_01_get_street_test3" time="0.211" classname="com.platformX.api.tests.PXD_013_BasicCatalogs_Streets_Test"/>
  <testcase name="pxd_013_03_get_street_lookup_test2" time="0.147" classname="com.platformX.api.tests.PXD_013_BasicCatalogs_Streets_Test"/>
  <testcase name="pxd_013_02_post_streets_list_test1" time="0.246" classname="com.platformX.api.tests.PXD_013_BasicCatalogs_Streets_Test"/>
</testsuite> <!-- com.platformX.api.tests.PXD_013_BasicCatalogs_Streets_Test -->
