<?xml version="1.0" encoding="UTF-8"?>
<!-- Generated by org.testng.reporters.JUnitReportReporter -->
<testsuite hostname="DESKTOP-O3FB7AP" failures="0" tests="1" name="com.application.tests.VCI_001_Verify_Homepage_Test" time="18.844" errors="0" timestamp="2025-05-08T14:34:35 CEST" skipped="0">
  <testcase classname="com.application.tests.VCI_001_Verify_Homepage_Test" name="vci_001_verify_homepage_test" time="18.844"/>
</testsuite> <!-- com.application.tests.VCI_001_Verify_Homepage_Test -->
