<?xml version="1.0" encoding="UTF-8"?>
<!-- Generated by org.testng.reporters.JUnitReportReporter -->
<testsuite skipped="0" hostname="LAPTOP-D8GBQRP8" name="com.platformX.tests.QA_036_Neuspjesno_Ukljucivanje_Ugovora_Test" tests="1" failures="0" timestamp="08 mar 2021 10:54:03 GMT" time="52.582" errors="0">
  <testcase name="qa_036_neuspjesno_ukljucivanje_ugovora_test" time="52.582" classname="com.platformX.tests.QA_036_Neuspjesno_Ukljucivanje_Ugovora_Test"/>
</testsuite> <!-- com.platformX.tests.QA_036_Neuspjesno_Ukljucivanje_Ugovora_Test -->
