<?xml version="1.0" encoding="UTF-8"?>
<!-- Generated by org.testng.reporters.JUnitReportReporter -->
<testsuite hostname="DESKTOP-KCELP7P" failures="0" tests="1" name="com.platformX.tests.PX_001_LogIn_LogOut_Test" time="14.829" errors="0" timestamp="01 jul 2022 09:15:01 GMT" skipped="0">
  <testcase classname="com.platformX.tests.PX_001_LogIn_LogOut_Test" name="px_001_logIn_logOut_test" time="14.829"/>
</testsuite> <!-- com.platformX.tests.PX_001_LogIn_LogOut_Test -->
