<?xml version="1.0" encoding="UTF-8"?>
<!-- Generated by org.testng.reporters.JUnitReportReporter -->
<testsuite skipped="0" hostname="LAPTOP-D8GBQRP8" name="com.platformX.tests.QA_004_Verifikuj_Sekciju_Kupci_Test" tests="1" failures="0" timestamp="17 feb 2021 12:11:21 GMT" time="29.727" errors="0">
  <testcase name="qa_004_verifikuj_sekciju_kupci_test" time="29.727" classname="com.platformX.tests.QA_004_Verifikuj_Sekciju_Kupci_Test"/>
</testsuite> <!-- com.platformX.tests.QA_004_Verifikuj_Sekciju_Kupci_Test -->
