<?xml version="1.0" encoding="UTF-8"?>
<!-- Generated by org.testng.reporters.JUnitReportReporter -->
<testsuite skipped="0" hostname="LAPTOP-D8GBQRP8" name="com.platformX.tests.QA_007_Verifikuj_Sekciju_Finansije_Test" tests="1" failures="0" timestamp="17 feb 2021 14:16:00 GMT" time="28.921" errors="0">
  <testcase name="qa_007_verifikuj_sekciju_finansije_test" time="28.921" classname="com.platformX.tests.QA_007_Verifikuj_Sekciju_Finansije_Test"/>
</testsuite> <!-- com.platformX.tests.QA_007_Verifikuj_Sekciju_Finansije_Test -->
