<?xml version="1.0" encoding="UTF-8"?>
<!-- Generated by org.testng.reporters.JUnitReportReporter -->
<testsuite hostname="DESKTOP-DCVP31V" failures="0" tests="1" name="com.platformX.tests.PX_063_Izmjena_Operativnog_Podrucja_Test" time="21.230" errors="0" timestamp="22 Sep 2022 07:06:33 GMT" skipped="0">
  <testcase classname="com.platformX.tests.PX_063_Izmjena_Operativnog_Podrucja_Test" name="px_063_izmjena_operativnog_podrucja_test" time="21.230"/>
</testsuite> <!-- com.platformX.tests.PX_063_Izmjena_Operativnog_Podrucja_Test -->
