<?xml version="1.0" encoding="UTF-8"?>
<!-- Generated by org.testng.reporters.JUnitReportReporter -->
<testsuite skipped="0" hostname="LAPTOP-D8GBQRP8" name="com.platformX.tests.QA_008_Dodaj_Uplatu_Sa_Kupcem_Test" tests="1" failures="0" timestamp="13 feb 2021 20:10:48 GMT" time="49.769" errors="0">
  <testcase name="qa_008_dodaj_uplatu_sa_kupcem_test" time="49.769" classname="com.platformX.tests.QA_008_Dodaj_Uplatu_Sa_Kupcem_Test"/>
</testsuite> <!-- com.platformX.tests.QA_008_Dodaj_Uplatu_Sa_Kupcem_Test -->
