<?xml version="1.0" encoding="UTF-8"?>
<!-- Generated by org.testng.reporters.JUnitReportReporter -->
<testsuite skipped="0" hostname="LAPTOP-D8GBQRP8" name="com.platformX.tests.QA_011_Dodavanje_Uplate_Poziv_Na_Broj_Test1" tests="1" failures="0" timestamp="08 mar 2021 12:08:01 GMT" time="53.756" errors="0">
  <testcase name="qa_011_dodavanje_uplata_poziv_na_broj_test1" time="53.756" classname="com.platformX.tests.QA_011_Dodavanje_Uplate_Poziv_Na_Broj_Test1"/>
</testsuite> <!-- com.platformX.tests.QA_011_Dodavanje_Uplate_Poziv_Na_Broj_Test1 -->
