<?xml version="1.0" encoding="UTF-8"?>
<!-- Generated by org.testng.reporters.JUnitReportReporter -->
<testsuite skipped="0" hostname="LAPTOP-D8GBQRP8" name="com.platformX.tests.PX_065_Dodavanje_Pravnog_Lica_Test" tests="1" failures="0" timestamp="03 feb 2022 15:15:04 GMT" time="28.130" errors="0">
  <testcase name="px_065_dodavanje_pravnog_lica_test" time="28.130" classname="com.platformX.tests.PX_065_Dodavanje_Pravnog_Lica_Test"/>
</testsuite> <!-- com.platformX.tests.PX_065_Dodavanje_Pravnog_Lica_Test -->
