<?xml version="1.0" encoding="UTF-8"?>
<!-- Generated by org.testng.reporters.JUnitReportReporter -->
<testsuite skipped="0" hostname="LAPTOP-D8GBQRP8" name="com.platformX.tests.QA_021_Provjera_Validacija_Na_Ugovoru_Test1" tests="1" failures="0" timestamp="03 feb 2021 19:25:12 GMT" time="18.478" errors="0">
  <testcase name="qa_021_provjera_validacija_na_ugovoru_test1" time="18.478" classname="com.platformX.tests.QA_021_Provjera_Validacija_Na_Ugovoru_Test1"/>
</testsuite> <!-- com.platformX.tests.QA_021_Provjera_Validacija_Na_Ugovoru_Test1 -->
