<?xml version="1.0" encoding="UTF-8"?>
<!-- Generated by org.testng.reporters.JUnitReportReporter -->
<testsuite skipped="0" hostname="LAPTOP-D8GBQRP8" name="com.platformX.distribution.tests.PX_DIST_004_Terenske_Jedinice_CRUD_Test" tests="1" failures="0" timestamp="07 jan 2024 20:52:45 GMT" time="33.000" errors="0">
  <testcase name="px_dist_004_0_pronadji_terensku_jedinicu_test" time="33.000" classname="com.platformX.distribution.tests.PX_DIST_004_Terenske_Jedinice_CRUD_Test"/>
</testsuite> <!-- com.platformX.distribution.tests.PX_DIST_004_Terenske_Jedinice_CRUD_Test -->
