<?xml version="1.0" encoding="UTF-8"?>
<!-- Generated by org.testng.reporters.JUnitReportReporter -->
<testsuite skipped="0" hostname="LAPTOP-D8GBQRP8" name="com.platformX.tests.QA_009_Dodavanje_Ziro_Racuna_Test" tests="1" failures="0" timestamp="28 mar 2021 09:29:57 GMT" time="29.500" errors="0">
  <testcase name="qa_009_dodavanje_ziro_racuna_test" time="29.500" classname="com.platformX.tests.QA_009_Dodavanje_Ziro_Racuna_Test"/>
</testsuite> <!-- com.platformX.tests.QA_009_Dodavanje_Ziro_Racuna_Test -->
