<?xml version="1.0" encoding="UTF-8"?>
<!-- Generated by org.testng.reporters.JUnitReportReporter -->
<testsuite skipped="0" hostname="LAPTOP-D8GBQRP8" name="com.platformX.tests.PX_006_Verifikacija_Sekcije_Mjerna_Mjesta_Test" tests="1" failures="0" timestamp="17 maj 2022 03:39:35 GMT" time="16.766" errors="0">
  <testcase name="px_006_verifikacija_sekcije_mjerna_mjesta_test" time="16.766" classname="com.platformX.tests.PX_006_Verifikacija_Sekcije_Mjerna_Mjesta_Test"/>
</testsuite> <!-- com.platformX.tests.PX_006_Verifikacija_Sekcije_Mjerna_Mjesta_Test -->
