<?xml version="1.0" encoding="UTF-8"?>
<!-- Generated by org.testng.reporters.JUnitReportReporter -->
<testsuite skipped="0" hostname="LAPTOP-D8GBQRP8" name="com.platformX.tests.QA_008_Verifikacija_Sekcije_Pravni_Odnosi_Test" tests="1" failures="0" timestamp="30 maj 2021 01:23:26 GMT" time="24.642" errors="0">
  <testcase name="qa_008_verifikacija_sekcije_pravni_odnosi_test" time="24.642" classname="com.platformX.tests.QA_008_Verifikacija_Sekcije_Pravni_Odnosi_Test"/>
</testsuite> <!-- com.platformX.tests.QA_008_Verifikacija_Sekcije_Pravni_Odnosi_Test -->
