<?xml version="1.0" encoding="UTF-8"?>
<!-- Generated by org.testng.reporters.JUnitReportReporter -->
<testsuite skipped="0" hostname="LAPTOP-D8GBQRP8" name="com.platformX.tests.PX_048_Provjera_Validacija_Na_Ugovoru_Test2" tests="1" failures="0" timestamp="24 jun 2022 12:39:44 GMT" time="27.683" errors="0">
  <testcase name="px_048_provjera_validacija_na_ugovoru_test2" time="27.683" classname="com.platformX.tests.PX_048_Provjera_Validacija_Na_Ugovoru_Test2"/>
</testsuite> <!-- com.platformX.tests.PX_048_Provjera_Validacija_Na_Ugovoru_Test2 -->
