<?xml version="1.0" encoding="UTF-8"?>
<!-- Generated by org.testng.reporters.JUnitReportReporter -->
<testsuite skipped="0" hostname="LAPTOP-D8GBQRP8" name="com.platformX.api.tests.PXD_000_End_To_End_Tests" tests="1" failures="0" timestamp="07 jan 2024 21:36:56 GMT" time="26.516" errors="0">
  <testcase name="pxd_005_01_get_field_unit_test1" time="26.516" classname="com.platformX.api.tests.PXD_000_End_To_End_Tests"/>
</testsuite> <!-- com.platformX.api.tests.PXD_000_End_To_End_Tests -->
