<?xml version="1.0" encoding="UTF-8"?>
<!-- Generated by org.testng.reporters.JUnitReportReporter -->
<testsuite skipped="0" hostname="LAPTOP-D8GBQRP8" name="com.platformX.api.tests.PXD_Get_Administration_Message_Test" tests="1" failures="0" timestamp="11 mar 2023 20:22:51 GMT" time="1.342" errors="0">
  <testcase name="get_administration_message_test1" time="1.342" classname="com.platformX.api.tests.PXD_Get_Administration_Message_Test"/>
</testsuite> <!-- com.platformX.api.tests.PXD_Get_Administration_Message_Test -->
