<?xml version="1.0" encoding="UTF-8"?>
<!-- Generated by org.testng.reporters.JUnitReportReporter -->
<testsuite skipped="0" hostname="LAPTOP-D8GBQRP8" name="com.platformX.api.tests.PXD_001_Authentication_Test" tests="9" failures="0" timestamp="08 apr 2024 19:46:12 GMT" time="2.955" errors="0">
  <testcase name="pxd_001_01_authentication_test5" time="0.166" classname="com.platformX.api.tests.PXD_001_Authentication_Test"/>
  <testcase name="pxd_001_02_get_user_data_test3" time="0.169" classname="com.platformX.api.tests.PXD_001_Authentication_Test"/>
  <testcase name="pxd_001_01_authentication_test2" time="0.182" classname="com.platformX.api.tests.PXD_001_Authentication_Test"/>
  <testcase name="pxd_001_01_authentication_test3" time="0.187" classname="com.platformX.api.tests.PXD_001_Authentication_Test"/>
  <testcase name="pxd_001_02_get_user_data_test1" time="0.464" classname="com.platformX.api.tests.PXD_001_Authentication_Test"/>
  <testcase name="pxd_001_01_authentication_test4" time="0.235" classname="com.platformX.api.tests.PXD_001_Authentication_Test"/>
  <testcase name="pxd_001_01_authentication_test1" time="1.120" classname="com.platformX.api.tests.PXD_001_Authentication_Test"/>
  <testcase name="pxd_001_02_get_user_data_test2" time="0.192" classname="com.platformX.api.tests.PXD_001_Authentication_Test"/>
  <testcase name="pxd_001_01_authentication_test6" time="0.240" classname="com.platformX.api.tests.PXD_001_Authentication_Test"/>
</testsuite> <!-- com.platformX.api.tests.PXD_001_Authentication_Test -->
