<?xml version="1.0" encoding="UTF-8"?>
<!-- Generated by org.testng.reporters.JUnitReportReporter -->
<testsuite skipped="0" hostname="LAPTOP-D8GBQRP8" name="com.platformX.tests.PX_006_Verifikacija_Sekcije_Mjerna_Mjesta_Test" tests="1" failures="0" timestamp="18 apr 2022 08:10:38 GMT" time="19.059" errors="0">
  <testcase name="px_006_verifikacija_sekcije_mjerna_mjesta_test" time="19.059" classname="com.platformX.tests.PX_006_Verifikacija_Sekcije_Mjerna_Mjesta_Test"/>
</testsuite> <!-- com.platformX.tests.PX_006_Verifikacija_Sekcije_Mjerna_Mjesta_Test -->
