<?xml version="1.0" encoding="UTF-8"?>
<!-- Generated by org.testng.reporters.JUnitReportReporter -->
<testsuite skipped="0" hostname="LAPTOP-D8GBQRP8" name="com.platformX.tests.PX_076_Dodavanje_Ulice_Test" tests="1" failures="0" timestamp="08 jan 2022 12:45:06 GMT" time="24.065" errors="0">
  <testcase name="px_076_dodavanje_ulice_test" time="24.065" classname="com.platformX.tests.PX_076_Dodavanje_Ulice_Test"/>
</testsuite> <!-- com.platformX.tests.PX_076_Dodavanje_Ulice_Test -->
