<?xml version="1.0" encoding="UTF-8"?>
<!-- Generated by org.testng.reporters.JUnitReportReporter -->
<testsuite hostname="DESKTOP-DCVP31V" failures="0" tests="1" name="com.platformX.tests.PX_073_Izmjena_Poste_Test" time="22.556" errors="0" timestamp="22 Sep 2022 07:18:07 GMT" skipped="0">
  <testcase classname="com.platformX.tests.PX_073_Izmjena_Poste_Test" name="px_073_izmjena_poste_test" time="22.556"/>
</testsuite> <!-- com.platformX.tests.PX_073_Izmjena_Poste_Test -->
