<?xml version="1.0" encoding="UTF-8"?>
<!-- Generated by org.testng.reporters.JUnitReportReporter -->
<testsuite skipped="0" hostname="LAPTOP-D8GBQRP8" name="com.platformX.tests.PX_071_Brisanje_Radne_Jedinice_Test" tests="1" failures="0" timestamp="31 jan 2022 17:33:43 GMT" time="26.096" errors="0">
  <testcase name="px_071_brisanje_radne_jedinice_test" time="26.096" classname="com.platformX.tests.PX_071_Brisanje_Radne_Jedinice_Test"/>
</testsuite> <!-- com.platformX.tests.PX_071_Brisanje_Radne_Jedinice_Test -->
