<?xml version="1.0" encoding="UTF-8"?>
<!-- Generated by org.testng.reporters.JUnitReportReporter -->
<testsuite skipped="0" hostname="LAPTOP-D8GBQRP8" name="com.platformX.tests.QA_058_Dodavanje_Umanjenja_Cijene_Test" tests="1" failures="0" timestamp="11 avg 2021 09:11:12 GMT" time="14.503" errors="0">
  <testcase name="qa_058_dodavanje_umanjenja_cijene_test" time="14.503" classname="com.platformX.tests.QA_058_Dodavanje_Umanjenja_Cijene_Test"/>
</testsuite> <!-- com.platformX.tests.QA_058_Dodavanje_Umanjenja_Cijene_Test -->
