<?xml version="1.0" encoding="UTF-8"?>
<!-- Generated by org.testng.reporters.JUnitReportReporter -->
<testsuite skipped="0" hostname="LAPTOP-D8GBQRP8" name="com.platformX.tests.QA_028_Izmjena_Ugovora_Test" tests="1" failures="0" timestamp="26 feb 2021 08:37:22 GMT" time="92.859" errors="0">
  <testcase name="qa_028_izmjena_ugovora_test" time="92.859" classname="com.platformX.tests.QA_028_Izmjena_Ugovora_Test"/>
</testsuite> <!-- com.platformX.tests.QA_028_Izmjena_Ugovora_Test -->
