<?xml version="1.0" encoding="UTF-8"?>
<!-- Generated by org.testng.reporters.JUnitReportReporter -->
<testsuite skipped="0" hostname="LAPTOP-D8GBQRP8" name="com.platformX.tests.PX_070_Brisanje_Radne_Jedinice_Test" tests="1" failures="0" timestamp="26 okt 2021 11:36:11 GMT" time="24.997" errors="0">
  <testcase name="px_070_brisanje_radne_jedinice_test" time="24.997" classname="com.platformX.tests.PX_070_Brisanje_Radne_Jedinice_Test"/>
</testsuite> <!-- com.platformX.tests.PX_070_Brisanje_Radne_Jedinice_Test -->
