<?xml version="1.0" encoding="UTF-8"?>
<!-- Generated by org.testng.reporters.JUnitReportReporter -->
<testsuite skipped="0" hostname="LAPTOP-D8GBQRP8" name="com.platformX.tests.QA_005_Dodaj_Ziro_Racun_Test" tests="1" failures="0" timestamp="12 avg 2020 17:52:45 GMT" time="23.614" errors="0">
  <testcase name="qa_005_dodaj_ziro_racun_test" time="23.614" classname="com.platformX.tests.QA_005_Dodaj_Ziro_Racun_Test"/>
</testsuite> <!-- com.platformX.tests.QA_005_Dodaj_Ziro_Racun_Test -->
