<?xml version="1.0" encoding="UTF-8"?>
<!-- Generated by org.testng.reporters.JUnitReportReporter -->
<testsuite hostname="DESKTOP-DCVP31V" failures="0" tests="1" name="com.platformX.tests.PX_080_Verifikacija_Sekcija_Administracija_Izvjestaji_Test" time="16.043" errors="0" timestamp="22 Sep 2022 07:21:27 GMT" skipped="0">
  <testcase classname="com.platformX.tests.PX_080_Verifikacija_Sekcija_Administracija_Izvjestaji_Test" name="px_080_verifikacija_sekcija_administracija_izvjestaji_test" time="16.043"/>
</testsuite> <!-- com.platformX.tests.PX_080_Verifikacija_Sekcija_Administracija_Izvjestaji_Test -->
