<?xml version="1.0" encoding="UTF-8"?>
<!-- Generated by org.testng.reporters.JUnitReportReporter -->
<testsuite skipped="0" hostname="LAPTOP-D8GBQRP8" name="com.platformX.tests.PX_017_Izmjena_Kategorije_Cijene_Test" tests="1" failures="0" timestamp="07 sep 2022 07:47:35 GMT" time="17.019" errors="0">
  <testcase name="px_017_izmjena_kategorije_cijene_test" time="17.019" classname="com.platformX.tests.PX_017_Izmjena_Kategorije_Cijene_Test"/>
</testsuite> <!-- com.platformX.tests.PX_017_Izmjena_Kategorije_Cijene_Test -->
