<?xml version="1.0" encoding="UTF-8"?>
<!-- Generated by org.testng.reporters.JUnitReportReporter -->
<testsuite skipped="0" hostname="LAPTOP-D8GBQRP8" name="com.platformX.tests.QA_006_Dodaj_Uplatu_Poziv_Na_Broj_Test1" tests="1" failures="0" timestamp="24 jan 2021 08:44:30 GMT" time="95.431" errors="0">
  <testcase name="qa_006_dodaj_uplatu_poziv_na_broj_test1" time="95.431" classname="com.platformX.tests.QA_006_Dodaj_Uplatu_Poziv_Na_Broj_Test1"/>
</testsuite> <!-- com.platformX.tests.QA_006_Dodaj_Uplatu_Poziv_Na_Broj_Test1 -->
