<?xml version="1.0" encoding="UTF-8"?>
<!-- Generated by org.testng.reporters.JUnitReportReporter -->
<testsuite hostname="DESKTOP-DCVP31V" failures="0" tests="1" name="com.platformX.tests.PX_066_Izmjena_Pravnog_Lica_Test" time="56.897" errors="0" timestamp="22 Sep 2022 07:13:22 GMT" skipped="0">
  <testcase classname="com.platformX.tests.PX_066_Izmjena_Pravnog_Lica_Test" name="px_066_izmjena_pravnog_lica_test" time="56.897"/>
</testsuite> <!-- com.platformX.tests.PX_066_Izmjena_Pravnog_Lica_Test -->
