<?xml version="1.0" encoding="UTF-8"?>
<!-- Generated by org.testng.reporters.JUnitReportReporter -->
<testsuite skipped="0" hostname="LAPTOP-D8GBQRP8" name="com.platformX.tests.QA_024_Neuspjesno_Dodavanje_Ugovora_Test6" tests="1" failures="0" timestamp="12 mar 2021 08:35:52 GMT" time="40.828" errors="0">
  <testcase name="qa_024_nesupjesno_dodavanje_ugovora_test6" time="40.828" classname="com.platformX.tests.QA_024_Neuspjesno_Dodavanje_Ugovora_Test6"/>
</testsuite> <!-- com.platformX.tests.QA_024_Neuspjesno_Dodavanje_Ugovora_Test6 -->
