<?xml version="1.0" encoding="UTF-8"?>
<!-- Generated by org.testng.reporters.JUnitReportReporter -->
<testsuite skipped="0" hostname="LAPTOP-D8GBQRP8" name="com.platformX.tests.PX_069_Dodavanje_Radne_Jedinice_Test" tests="1" failures="0" timestamp="28 apr 2022 06:04:16 GMT" time="22.088" errors="0">
  <testcase name="px_069_dodavanje_radne_jedinice_test" time="22.088" classname="com.platformX.tests.PX_069_Dodavanje_Radne_Jedinice_Test"/>
</testsuite> <!-- com.platformX.tests.PX_069_Dodavanje_Radne_Jedinice_Test -->
