<?xml version="1.0" encoding="UTF-8"?>
<!-- Generated by org.testng.reporters.JUnitReportReporter -->
<testsuite skipped="0" hostname="LAPTOP-D8GBQRP8" name="com.platformX.api.tests.PXD_003_Get_Administration_Message_Test" tests="4" failures="0" timestamp="24 maj 2023 18:09:39 GMT" time="1.958" errors="0">
  <testcase name="get_administration_message_test1" time="1.401" classname="com.platformX.api.tests.PXD_003_Get_Administration_Message_Test"/>
  <testcase name="get_administration_message_test3" time="0.106" classname="com.platformX.api.tests.PXD_003_Get_Administration_Message_Test"/>
  <testcase name="get_administration_message_test4" time="0.340" classname="com.platformX.api.tests.PXD_003_Get_Administration_Message_Test"/>
  <testcase name="get_administration_message_test2" time="0.111" classname="com.platformX.api.tests.PXD_003_Get_Administration_Message_Test"/>
</testsuite> <!-- com.platformX.api.tests.PXD_003_Get_Administration_Message_Test -->
