<?xml version="1.0" encoding="UTF-8"?>
<!-- Generated by org.testng.reporters.JUnitReportReporter -->
<testsuite skipped="0" hostname="LAPTOP-D8GBQRP8" name="com.platformX.tests.PX_020_Banke_CRUD_Test" tests="1" failures="0" timestamp="15 okt 2024 19:34:11 GMT" time="38.504" errors="0">
  <testcase name="px_020_1_dodavanje_banke_test" time="38.504" classname="com.platformX.tests.PX_020_Banke_CRUD_Test"/>
</testsuite> <!-- com.platformX.tests.PX_020_Banke_CRUD_Test -->
