<?xml version="1.0" encoding="UTF-8"?>
<!-- Generated by org.testng.reporters.JUnitReportReporter -->
<testsuite skipped="0" hostname="LAPTOP-D8GBQRP8" name="com.platformX.tests.QA_033_Neuspjesna_Deaktivacija_Ugovora_Test" tests="1" failures="0" timestamp="06 jun 2021 08:10:35 GMT" time="55.975" errors="0">
  <testcase name="qa_033_neuspjesna_deaktivacija_ugovora_test" time="55.975" classname="com.platformX.tests.QA_033_Neuspjesna_Deaktivacija_Ugovora_Test"/>
</testsuite> <!-- com.platformX.tests.QA_033_Neuspjesna_Deaktivacija_Ugovora_Test -->
