<?xml version="1.0" encoding="UTF-8"?>
<!-- Generated by org.testng.reporters.JUnitReportReporter -->
<testsuite skipped="0" hostname="LAPTOP-D8GBQRP8" name="com.platformX.api.tests.PXD_001_Authentication_Test" tests="9" failures="0" timestamp="07 jan 2024 20:11:55 GMT" time="6.119" errors="0">
  <testcase name="pxd_001_01_authentication_test3" time="0.644" classname="com.platformX.api.tests.PXD_001_Authentication_Test"/>
  <testcase name="pxd_001_01_authentication_test4" time="0.344" classname="com.platformX.api.tests.PXD_001_Authentication_Test"/>
  <testcase name="pxd_001_01_authentication_test5" time="0.561" classname="com.platformX.api.tests.PXD_001_Authentication_Test"/>
  <testcase name="pxd_001_01_authentication_test6" time="0.914" classname="com.platformX.api.tests.PXD_001_Authentication_Test"/>
  <testcase name="pxd_001_01_authentication_test1" time="1.358" classname="com.platformX.api.tests.PXD_001_Authentication_Test"/>
  <testcase name="pxd_001_01_authentication_test2" time="0.637" classname="com.platformX.api.tests.PXD_001_Authentication_Test"/>
  <testcase name="pxd_001_02_get_user_data_test1" time="1.054" classname="com.platformX.api.tests.PXD_001_Authentication_Test"/>
  <testcase name="pxd_001_02_get_user_data_test3" time="0.341" classname="com.platformX.api.tests.PXD_001_Authentication_Test"/>
  <testcase name="pxd_001_02_get_user_data_test2" time="0.266" classname="com.platformX.api.tests.PXD_001_Authentication_Test"/>
</testsuite> <!-- com.platformX.api.tests.PXD_001_Authentication_Test -->
