<?xml version="1.0" encoding="UTF-8"?>
<!-- Generated by org.testng.reporters.JUnitReportReporter -->
<testsuite skipped="0" hostname="LAPTOP-D8GBQRP8" name="com.platformX.tests.QA_026_Provjera_Validacija_Na_Ugovoru_Test1" tests="1" failures="0" timestamp="21 maj 2021 18:08:02 GMT" time="17.892" errors="0">
  <testcase name="qa_026_provjera_validacija_na_ugovoru_test1" time="17.892" classname="com.platformX.tests.QA_026_Provjera_Validacija_Na_Ugovoru_Test1"/>
</testsuite> <!-- com.platformX.tests.QA_026_Provjera_Validacija_Na_Ugovoru_Test1 -->
