<?xml version="1.0" encoding="UTF-8"?>
<!-- Generated by org.testng.reporters.JUnitReportReporter -->
<testsuite skipped="0" hostname="LAPTOP-D8GBQRP8" name="com.platformX.tests.PX_033_Dodavanje_Uplate_Poziv_Na_Broj_Test2" tests="1" failures="0" timestamp="30 jan 2022 15:31:08 GMT" time="63.421" errors="0">
  <testcase name="px_033_dodavanje_uplate_poziv_na_broj_test2" time="63.421" classname="com.platformX.tests.PX_033_Dodavanje_Uplate_Poziv_Na_Broj_Test2"/>
</testsuite> <!-- com.platformX.tests.PX_033_Dodavanje_Uplate_Poziv_Na_Broj_Test2 -->
