<?xml version="1.0" encoding="UTF-8"?>
<!-- Generated by org.testng.reporters.JUnitReportReporter -->
<testsuite skipped="0" hostname="LAPTOP-D8GBQRP8" name="com.platformX.tests.QA_008_Dodavanje_Banke_Test" tests="1" failures="0" timestamp="04 maj 2021 16:43:29 GMT" time="17.021" errors="0">
  <testcase name="qa_008_dodavanje_banke_test" time="17.021" classname="com.platformX.tests.QA_008_Dodavanje_Banke_Test"/>
</testsuite> <!-- com.platformX.tests.QA_008_Dodavanje_Banke_Test -->
