<?xml version="1.0" encoding="UTF-8"?>
<!-- Generated by org.testng.reporters.JUnitReportReporter -->
<testsuite hostname="DESKTOP-DCVP31V" failures="0" tests="1" name="com.platformX.distribution.tests.PX_DIST_Dodavanje_Zbirnog_Kontrolnog_Mjernog_Mjesta" time="34.843" errors="0" timestamp="07 Nov 2022 09:43:50 GMT" skipped="0">
  <testcase classname="com.platformX.distribution.tests.PX_DIST_Dodavanje_Zbirnog_Kontrolnog_Mjernog_Mjesta" name="px_dist_dodavanje_zbirnog_kontrolnog_mjernog_mjesta_test" time="34.843"/>
</testsuite> <!-- com.platformX.distribution.tests.PX_DIST_Dodavanje_Zbirnog_Kontrolnog_Mjernog_Mjesta -->
