<?xml version="1.0" encoding="UTF-8"?>
<!-- Generated by org.testng.reporters.JUnitReportReporter -->
<testsuite skipped="0" hostname="LAPTOP-D8GBQRP8" name="com.platformX.api.tests.PXD_006_BasicCatalogs_FieldOffices_Test" tests="10" failures="0" timestamp="08 apr 2024 19:47:25 GMT" time="3.572" errors="0">
  <testcase name="pxd_006_03_get_field_office_lookup_test1" time="0.208" classname="com.platformX.api.tests.PXD_006_BasicCatalogs_FieldOffices_Test"/>
  <testcase name="pxd_006_01_get_field_office_test2" time="0.626" classname="com.platformX.api.tests.PXD_006_BasicCatalogs_FieldOffices_Test"/>
  <testcase name="pxd_006_04_create_field_office_test1" time="0.973" classname="com.platformX.api.tests.PXD_006_BasicCatalogs_FieldOffices_Test"/>
  <testcase name="pxd_006_06_delete_field_office_test1" time="0.404" classname="com.platformX.api.tests.PXD_006_BasicCatalogs_FieldOffices_Test"/>
  <testcase name="pxd_006_02_post_field_offices_list_test1" time="0.237" classname="com.platformX.api.tests.PXD_006_BasicCatalogs_FieldOffices_Test"/>
  <testcase name="pxd_006_01_get_field_office_test4" time="0.218" classname="com.platformX.api.tests.PXD_006_BasicCatalogs_FieldOffices_Test"/>
  <testcase name="pxd_006_01_get_field_office_test1" time="0.277" classname="com.platformX.api.tests.PXD_006_BasicCatalogs_FieldOffices_Test"/>
  <testcase name="pxd_006_03_get_field_office_lookup_test2" time="0.155" classname="com.platformX.api.tests.PXD_006_BasicCatalogs_FieldOffices_Test"/>
  <testcase name="pxd_006_01_get_field_office_test3" time="0.227" classname="com.platformX.api.tests.PXD_006_BasicCatalogs_FieldOffices_Test"/>
  <testcase name="pxd_006_05_update_field_office_test1" time="0.247" classname="com.platformX.api.tests.PXD_006_BasicCatalogs_FieldOffices_Test"/>
</testsuite> <!-- com.platformX.api.tests.PXD_006_BasicCatalogs_FieldOffices_Test -->
