<?xml version="1.0" encoding="UTF-8"?>
<!-- Generated by org.testng.reporters.JUnitReportReporter -->
<testsuite skipped="0" hostname="LAPTOP-D8GBQRP8" name="com.platformX.tests.PX_003_Verifikacija_Sekcije_Sifarnici_Test" tests="1" failures="0" timestamp="15 feb 2022 17:44:30 GMT" time="29.448" errors="0">
  <testcase name="px_003_verifikacije_sekcije_sifarnici_test" time="29.448" classname="com.platformX.tests.PX_003_Verifikacija_Sekcije_Sifarnici_Test"/>
</testsuite> <!-- com.platformX.tests.PX_003_Verifikacija_Sekcije_Sifarnici_Test -->
