<?xml version="1.0" encoding="UTF-8"?>
<!-- Generated by org.testng.reporters.JUnitReportReporter -->
<testsuite skipped="0" hostname="LAPTOP-D8GBQRP8" name="com.platformX.tests.QA_010_Dodavanje_Dnevnika_Uplata_Test" tests="1" failures="0" timestamp="04 maj 2021 16:45:16 GMT" time="46.482" errors="0">
  <testcase name="qa_010_dodavanje_dnevnika_uplata_test" time="46.482" classname="com.platformX.tests.QA_010_Dodavanje_Dnevnika_Uplata_Test"/>
</testsuite> <!-- com.platformX.tests.QA_010_Dodavanje_Dnevnika_Uplata_Test -->
