<?xml version="1.0" encoding="UTF-8"?>
<!-- Generated by org.testng.reporters.JUnitReportReporter -->
<testsuite skipped="0" hostname="LAPTOP-D8GBQRP8" name="com.platformX.tests.QA_042_Dodavanje_Djelatnosti_Test" tests="1" failures="0" timestamp="22 maj 2021 18:34:46 GMT" time="18.341" errors="0">
  <testcase name="qa_042_dodavanje_djelatnosti_test" time="18.341" classname="com.platformX.tests.QA_042_Dodavanje_Djelatnosti_Test"/>
</testsuite> <!-- com.platformX.tests.QA_042_Dodavanje_Djelatnosti_Test -->
