<?xml version="1.0" encoding="UTF-8"?>
<!-- Generated by org.testng.reporters.JUnitReportReporter -->
<testsuite skipped="0" hostname="LAPTOP-D8GBQRP8" name="com.platformX.tests.PX_014_Brisanje_Umanjenja_Cijene_Test" tests="1" failures="0" timestamp="26 jan 2022 06:05:28 GMT" time="34.503" errors="0">
  <testcase name="px_014_brisanje_umanjenja_cijene_test" time="34.503" classname="com.platformX.tests.PX_014_Brisanje_Umanjenja_Cijene_Test"/>
</testsuite> <!-- com.platformX.tests.PX_014_Brisanje_Umanjenja_Cijene_Test -->
