<?xml version="1.0" encoding="UTF-8"?>
<!-- Generated by org.testng.reporters.JUnitReportReporter -->
<testsuite skipped="0" hostname="LAPTOP-D8GBQRP8" name="com.platformX.tests.QA_011_Dodavanje_Uplate_Poziv_Na_Broj_Test1" tests="1" failures="0" timestamp="09 maj 2021 08:34:32 GMT" time="56.101" errors="0">
  <testcase name="qa_011_dodavanje_uplata_poziv_na_broj_test1" time="56.101" classname="com.platformX.tests.QA_011_Dodavanje_Uplate_Poziv_Na_Broj_Test1"/>
</testsuite> <!-- com.platformX.tests.QA_011_Dodavanje_Uplate_Poziv_Na_Broj_Test1 -->
