<?xml version="1.0" encoding="UTF-8"?>
<!-- Generated by org.testng.reporters.JUnitReportReporter -->
<testsuite skipped="0" hostname="LAPTOP-D8GBQRP8" name="com.platformX.api.tests.PXD_001_Authentication_Test" tests="9" failures="0" timestamp="07 jan 2024 19:19:11 GMT" time="2.859" errors="0">
  <testcase name="pxd_001_01_authentication_test3" time="0.220" classname="com.platformX.api.tests.PXD_001_Authentication_Test"/>
  <testcase name="pxd_001_01_authentication_test4" time="0.278" classname="com.platformX.api.tests.PXD_001_Authentication_Test"/>
  <testcase name="pxd_001_01_authentication_test5" time="0.179" classname="com.platformX.api.tests.PXD_001_Authentication_Test"/>
  <testcase name="pxd_001_01_authentication_test6" time="0.209" classname="com.platformX.api.tests.PXD_001_Authentication_Test"/>
  <testcase name="pxd_001_01_authentication_test1" time="1.004" classname="com.platformX.api.tests.PXD_001_Authentication_Test"/>
  <testcase name="pxd_001_01_authentication_test2" time="0.208" classname="com.platformX.api.tests.PXD_001_Authentication_Test"/>
  <testcase name="pxd_001_02_get_user_data_test1" time="0.444" classname="com.platformX.api.tests.PXD_001_Authentication_Test"/>
  <testcase name="pxd_001_02_get_user_data_test3" time="0.170" classname="com.platformX.api.tests.PXD_001_Authentication_Test"/>
  <testcase name="pxd_001_02_get_user_data_test2" time="0.147" classname="com.platformX.api.tests.PXD_001_Authentication_Test"/>
</testsuite> <!-- com.platformX.api.tests.PXD_001_Authentication_Test -->
