<?xml version="1.0" encoding="UTF-8"?>
<!-- Generated by org.testng.reporters.JUnitReportReporter -->
<testsuite skipped="0" hostname="LAPTOP-D8GBQRP8" name="scp.test.SCP_00X_Dodavanje_Ugovora_Test" tests="1" failures="0" timestamp="20 sep 2022 11:33:28 GMT" time="22.032" errors="0">
  <testcase name="scp_002_dodavanje_ugovora_test" time="22.032" classname="scp.test.SCP_00X_Dodavanje_Ugovora_Test"/>
</testsuite> <!-- scp.test.SCP_00X_Dodavanje_Ugovora_Test -->
