<?xml version="1.0" encoding="UTF-8"?>
<!-- Generated by org.testng.reporters.JUnitReportReporter -->
<testsuite skipped="0" hostname="DESKTOP-V755BNS" name="com.platformX.distribution.tests.PX_DIST_Brisanje_Fizickog_Lica_Test" tests="1" failures="0" timestamp="13 Oct 2022 13:52:45 GMT" time="27.497" errors="0">
  <testcase name="px_dist_brisanje_fizickog_lica_test" time="27.497" classname="com.platformX.distribution.tests.PX_DIST_Brisanje_Fizickog_Lica_Test"/>
</testsuite> <!-- com.platformX.distribution.tests.PX_DIST_Brisanje_Fizickog_Lica_Test -->
