<?xml version="1.0" encoding="UTF-8"?>
<!-- Generated by org.testng.reporters.JUnitReportReporter -->
<testsuite skipped="0" hostname="LAPTOP-D8GBQRP8" name="com.platformX.tests.PX_006_Verifikacija_Sekcije_Mjerna_Mjesta_Test" tests="1" failures="0" timestamp="18 mar 2022 10:19:26 GMT" time="15.343" errors="0">
  <testcase name="qa_006_verifikacija_sekcije_mjerna_mjesta_test" time="15.343" classname="com.platformX.tests.PX_006_Verifikacija_Sekcije_Mjerna_Mjesta_Test"/>
</testsuite> <!-- com.platformX.tests.PX_006_Verifikacija_Sekcije_Mjerna_Mjesta_Test -->
