<?xml version="1.0" encoding="UTF-8"?>
<!-- Generated by org.testng.reporters.JUnitReportReporter -->
<testsuite skipped="0" hostname="LAPTOP-D8GBQRP8" name="com.platformX.tests.QA_009_Dodavanje_Ziro_Racuna_Test" tests="1" failures="0" timestamp="07 apr 2021 18:45:04 GMT" time="33.672" errors="0">
  <testcase name="qa_009_dodavanje_ziro_racuna_test" time="33.672" classname="com.platformX.tests.QA_009_Dodavanje_Ziro_Racuna_Test"/>
</testsuite> <!-- com.platformX.tests.QA_009_Dodavanje_Ziro_Racuna_Test -->
