<?xml version="1.0" encoding="UTF-8"?>
<!-- Generated by org.testng.reporters.JUnitReportReporter -->
<testsuite skipped="0" hostname="LAPTOP-D8GBQRP8" name="com.platformX.tests.PX_051_Provjera_Validacija_Na_Izmjeni_Ugovora_Test" tests="1" failures="0" timestamp="24 maj 2023 12:23:18 GMT" time="22.356" errors="0">
  <testcase name="px_051_provjera_validacija_na_izmjeni_ugovora_test" time="22.356" classname="com.platformX.tests.PX_051_Provjera_Validacija_Na_Izmjeni_Ugovora_Test"/>
</testsuite> <!-- com.platformX.tests.PX_051_Provjera_Validacija_Na_Izmjeni_Ugovora_Test -->
