<?xml version="1.0" encoding="UTF-8"?>
<!-- Generated by org.testng.reporters.JUnitReportReporter -->
<testsuite hostname="DESKTOP-DCVP31V" failures="0" tests="1" name="com.platformX.distribution.tests.PX_DIST_010_Verifikacija_Sekcije_Obracun" time="18.462" errors="0" timestamp="29 Sep 2022 11:51:03 GMT" skipped="0">
  <testcase classname="com.platformX.distribution.tests.PX_DIST_010_Verifikacija_Sekcije_Obracun" name="px_dist_010_verifikacija_sekcija_obracuna_test" time="18.462"/>
</testsuite> <!-- com.platformX.distribution.tests.PX_DIST_010_Verifikacija_Sekcije_Obracun -->
