<?xml version="1.0" encoding="UTF-8"?>
<!-- Generated by org.testng.reporters.JUnitReportReporter -->
<testsuite skipped="0" hostname="LAPTOP-D8GBQRP8" name="com.platformX.tests.PX_011_Pretraga_Mjernih_Mjesta_Sa_Pocetne_Stranice_Test" tests="1" failures="0" timestamp="07 maj 2022 08:17:53 GMT" time="12.028" errors="0">
  <testcase name="px_011_pretraga_mjernih_mjesta_sa_pocetne_stranice_test" time="12.028" classname="com.platformX.tests.PX_011_Pretraga_Mjernih_Mjesta_Sa_Pocetne_Stranice_Test"/>
</testsuite> <!-- com.platformX.tests.PX_011_Pretraga_Mjernih_Mjesta_Sa_Pocetne_Stranice_Test -->
