<?xml version="1.0" encoding="UTF-8"?>
<!-- Generated by org.testng.reporters.JUnitReportReporter -->
<testsuite skipped="0" hostname="LAPTOP-D8GBQRP8" name="com.platformX.tests.PX_021_Brisanje_Djelatnosti_Test" tests="1" failures="0" timestamp="26 okt 2021 09:16:11 GMT" time="23.886" errors="0">
  <testcase name="px_021_brisanje_djelatnosti_test" time="23.886" classname="com.platformX.tests.PX_021_Brisanje_Djelatnosti_Test"/>
</testsuite> <!-- com.platformX.tests.PX_021_Brisanje_Djelatnosti_Test -->
