<?xml version="1.0" encoding="UTF-8"?>
<!-- Generated by org.testng.reporters.JUnitReportReporter -->
<testsuite hostname="DESKTOP-DCVP31V" failures="0" tests="1" name="com.platformX.tests.PX_057_Provjera_Validacija_Na_Preregistraciji_Ugovora_Test" time="20.882" errors="0" timestamp="22 Sep 2022 10:17:38 GMT" skipped="0">
  <testcase classname="com.platformX.tests.PX_057_Provjera_Validacija_Na_Preregistraciji_Ugovora_Test" name="px_057_provjera_validacija_na_preregistraciji_ugovora_test" time="20.882"/>
</testsuite> <!-- com.platformX.tests.PX_057_Provjera_Validacija_Na_Preregistraciji_Ugovora_Test -->
