<?xml version="1.0" encoding="UTF-8"?>
<!-- Generated by org.testng.reporters.JUnitReportReporter -->
<testsuite skipped="0" hostname="LAPTOP-D8GBQRP8" name="com.platformX.distribution.tests.PX_DIST_Brisanje_Poste_Test" tests="1" failures="0" timestamp="06 apr 2022 18:15:23 GMT" time="26.376" errors="0">
  <testcase name="px_dist_brisanje_poste_test" time="26.376" classname="com.platformX.distribution.tests.PX_DIST_Brisanje_Poste_Test"/>
</testsuite> <!-- com.platformX.distribution.tests.PX_DIST_Brisanje_Poste_Test -->
