<?xml version="1.0" encoding="UTF-8"?>
<!-- Generated by org.testng.reporters.JUnitReportReporter -->
<testsuite skipped="0" hostname="LAPTOP-D8GBQRP8" name="com.platformX.api.tests.PXD_Smoke_Testing_Lists" tests="2" failures="0" timestamp="15 okt 2024 19:22:15 GMT" time="51.475" errors="0">
  <testcase name="pxd_smoke_001_02_post_basic_lists_asc_test" time="23.982" classname="com.platformX.api.tests.PXD_Smoke_Testing_Lists"/>
  <testcase name="pxd_smoke_001_01_post_basic_lists_desc_test" time="27.493" classname="com.platformX.api.tests.PXD_Smoke_Testing_Lists"/>
</testsuite> <!-- com.platformX.api.tests.PXD_Smoke_Testing_Lists -->
