<?xml version="1.0" encoding="UTF-8"?>
<!-- Generated by org.testng.reporters.JUnitReportReporter -->
<testsuite skipped="0" hostname="LAPTOP-D8GBQRP8" name="com.platformX.tests.QA_017_Dodavanje_Pravnog_Lica_Test" tests="1" failures="0" timestamp="04 maj 2021 17:04:39 GMT" time="24.598" errors="0">
  <testcase name="qa_017_dodavanje_pravnog_lica_test" time="24.598" classname="com.platformX.tests.QA_017_Dodavanje_Pravnog_Lica_Test"/>
</testsuite> <!-- com.platformX.tests.QA_017_Dodavanje_Pravnog_Lica_Test -->
