<?xml version="1.0" encoding="UTF-8"?>
<!-- Generated by org.testng.reporters.JUnitReportReporter -->
<testsuite skipped="0" hostname="LAPTOP-D8GBQRP8" name="com.platformX.api.tests.PXD_Administrations_001_Users_Tests" tests="4" failures="0" timestamp="15 okt 2024 19:20:56 GMT" time="2.257" errors="0">
  <testcase name="pxd_administrations_001_01_get_user_test1" time="1.373" classname="com.platformX.api.tests.PXD_Administrations_001_Users_Tests"/>
  <testcase name="pxd_administrations_001_01_get_user_test3" time="0.189" classname="com.platformX.api.tests.PXD_Administrations_001_Users_Tests"/>
  <testcase name="pxd_administrations_001_01_get_user_test4" time="0.329" classname="com.platformX.api.tests.PXD_Administrations_001_Users_Tests"/>
  <testcase name="pxd_administrations_001_01_get_user_test2" time="0.366" classname="com.platformX.api.tests.PXD_Administrations_001_Users_Tests"/>
</testsuite> <!-- com.platformX.api.tests.PXD_Administrations_001_Users_Tests -->
