<?xml version="1.0" encoding="UTF-8"?>
<!-- Generated by org.testng.reporters.JUnitReportReporter -->
<testsuite skipped="0" hostname="LAPTOP-D8GBQRP8" name="com.platformX.tests.QA_031_Ukljuci_Ugovor_Test" tests="1" failures="0" timestamp="13 feb 2021 21:04:51 GMT" time="55.610" errors="0">
  <testcase name="qa_031_ukljuci_ugovor_test" time="55.610" classname="com.platformX.tests.QA_031_Ukljuci_Ugovor_Test"/>
</testsuite> <!-- com.platformX.tests.QA_031_Ukljuci_Ugovor_Test -->
