<?xml version="1.0" encoding="UTF-8"?>
<!-- Generated by org.testng.reporters.JUnitReportReporter -->
<testsuite skipped="0" hostname="DESKTOP-V755BNS" name="com.platformX.distribution.tests.PX_DIST_012_Dodavanje_Ugovora_PxD_Test" tests="1" failures="0" timestamp="14 Oct 2022 06:35:58 GMT" time="63.604" errors="0">
  <testcase name="px_dist_012_dodavanje_ugovora_pxd_test" time="63.604" classname="com.platformX.distribution.tests.PX_DIST_012_Dodavanje_Ugovora_PxD_Test"/>
</testsuite> <!-- com.platformX.distribution.tests.PX_DIST_012_Dodavanje_Ugovora_PxD_Test -->
