<?xml version="1.0" encoding="UTF-8"?>
<!-- Generated by org.testng.reporters.JUnitReportReporter -->
<testsuite skipped="0" hostname="LAPTOP-D8GBQRP8" name="com.platformX.tests.PX_015_Neuspjesno_Dodavanje_Umanjenja_Cijene_Test" tests="1" failures="0" timestamp="26 okt 2021 11:30:48 GMT" time="21.980" errors="0">
  <testcase name="px_015_neuspjesno_dodavanje_umanjenja_cijene_test" time="21.980" classname="com.platformX.tests.PX_015_Neuspjesno_Dodavanje_Umanjenja_Cijene_Test"/>
</testsuite> <!-- com.platformX.tests.PX_015_Neuspjesno_Dodavanje_Umanjenja_Cijene_Test -->
