<?xml version="1.0" encoding="UTF-8"?>
<!-- Generated by org.testng.reporters.JUnitReportReporter -->
<testsuite hostname="DESKTOP-DCVP31V" failures="0" tests="1" name="com.platformX.tests.PX_074_Brisanje_Poste_Test" time="22.132" errors="0" timestamp="22 Sep 2022 07:18:56 GMT" skipped="0">
  <testcase classname="com.platformX.tests.PX_074_Brisanje_Poste_Test" name="px_074_brisanje_poste_test" time="22.132"/>
</testsuite> <!-- com.platformX.tests.PX_074_Brisanje_Poste_Test -->
