<?xml version="1.0" encoding="UTF-8"?>
<!-- Generated by org.testng.reporters.JUnitReportReporter -->
<testsuite skipped="0" hostname="LAPTOP-D8GBQRP8" name="com.platformX.tests.X_QA_025_Provjera_Validacija_Na_Izmjeni_Ugovora_Test" tests="1" failures="0" timestamp="13 feb 2021 20:51:45 GMT" time="38.186" errors="0">
  <testcase name="qa_025_provjera_validacija_na_izmjeni_ugovora_test" time="38.186" classname="com.platformX.tests.X_QA_025_Provjera_Validacija_Na_Izmjeni_Ugovora_Test"/>
</testsuite> <!-- com.platformX.tests.X_QA_025_Provjera_Validacija_Na_Izmjeni_Ugovora_Test -->
