<?xml version="1.0" encoding="UTF-8"?>
<!-- Generated by org.testng.reporters.JUnitReportReporter -->
<testsuite skipped="0" hostname="LAPTOP-D8GBQRP8" name="com.platformX.tests.QA_019_Neuspjesno_Dodavanje_Ugovora_Test1" tests="1" failures="0" timestamp="24 mar 2021 09:59:58 GMT" time="79.715" errors="0">
  <testcase name="qa_019_neuspjesno_dodavanje_ugovora_test1" time="79.715" classname="com.platformX.tests.QA_019_Neuspjesno_Dodavanje_Ugovora_Test1"/>
</testsuite> <!-- com.platformX.tests.QA_019_Neuspjesno_Dodavanje_Ugovora_Test1 -->
