<?xml version="1.0" encoding="UTF-8"?>
<!-- Generated by org.testng.reporters.JUnitReportReporter -->
<testsuite skipped="0" hostname="LAPTOP-D8GBQRP8" name="com.platformX.distribution.tests.PX_DIST_Brisanje_Ulice_Test" tests="1" failures="0" timestamp="09 mar 2022 09:27:53 GMT" time="21.808" errors="0">
  <testcase name="px_dist_brisanje_ulice_test" time="21.808" classname="com.platformX.distribution.tests.PX_DIST_Brisanje_Ulice_Test"/>
</testsuite> <!-- com.platformX.distribution.tests.PX_DIST_Brisanje_Ulice_Test -->
