<?xml version="1.0" encoding="UTF-8"?>
<!-- Generated by org.testng.reporters.JUnitReportReporter -->
<testsuite skipped="0" hostname="LAPTOP-D8GBQRP8" name="com.platformX.tests.QA_014_Dodavanje_Operativnog_Podrucja_Test" tests="1" failures="0" timestamp="04 maj 2021 17:01:35 GMT" time="16.011" errors="0">
  <testcase name="qa_014_dodavanje_operativnog_podrucja_test" time="16.011" classname="com.platformX.tests.QA_014_Dodavanje_Operativnog_Podrucja_Test"/>
</testsuite> <!-- com.platformX.tests.QA_014_Dodavanje_Operativnog_Podrucja_Test -->
