<?xml version="1.0" encoding="UTF-8"?>
<!-- Generated by org.testng.reporters.JUnitReportReporter -->
<testsuite skipped="0" hostname="LAPTOP-D8GBQRP8" name="com.platformX.distribution.tests.PX_DIST_001_LogIn_LogOut_Test" tests="1" failures="0" timestamp="05 feb 2022 11:48:23 GMT" time="14.030" errors="0">
  <testcase name="px_dist_001_logIn_logOut_test" time="14.030" classname="com.platformX.distribution.tests.PX_DIST_001_LogIn_LogOut_Test"/>
</testsuite> <!-- com.platformX.distribution.tests.PX_DIST_001_LogIn_LogOut_Test -->
