<?xml version="1.0" encoding="UTF-8"?>
<!-- Generated by org.testng.reporters.JUnitReportReporter -->
<testsuite skipped="0" hostname="LAPTOP-D8GBQRP8" name="com.platformX.tests.PX_069_Izmjena_Radne_Jedinice_Test" tests="1" failures="0" timestamp="26 okt 2021 09:05:11 GMT" time="29.035" errors="0">
  <testcase name="px_069_izmjena_radne_jedinice_test" time="29.035" classname="com.platformX.tests.PX_069_Izmjena_Radne_Jedinice_Test"/>
</testsuite> <!-- com.platformX.tests.PX_069_Izmjena_Radne_Jedinice_Test -->
