<?xml version="1.0" encoding="UTF-8"?>
<!-- Generated by org.testng.reporters.JUnitReportReporter -->
<testsuite skipped="0" hostname="LAPTOP-D8GBQRP8" name="com.platformX.api.tests.PXD_009_BasicCatalogs_Entities_Test" tests="10" failures="0" timestamp="08 apr 2024 19:48:00 GMT" time="2.894" errors="0">
  <testcase name="pxd_009_01_get_entity_test2" time="0.619" classname="com.platformX.api.tests.PXD_009_BasicCatalogs_Entities_Test"/>
  <testcase name="pxd_009_04_create_entity_test1" time="0.837" classname="com.platformX.api.tests.PXD_009_BasicCatalogs_Entities_Test"/>
  <testcase name="pxd_009_01_get_entity_test1" time="0.124" classname="com.platformX.api.tests.PXD_009_BasicCatalogs_Entities_Test"/>
  <testcase name="pxd_009_01_get_entity_test4" time="0.134" classname="com.platformX.api.tests.PXD_009_BasicCatalogs_Entities_Test"/>
  <testcase name="pxd_009_03_get_entity_lookup_test2" time="0.149" classname="com.platformX.api.tests.PXD_009_BasicCatalogs_Entities_Test"/>
  <testcase name="pxd_009_01_get_entity_test3" time="0.190" classname="com.platformX.api.tests.PXD_009_BasicCatalogs_Entities_Test"/>
  <testcase name="pxd_009_06_delete_entity_test1" time="0.150" classname="com.platformX.api.tests.PXD_009_BasicCatalogs_Entities_Test"/>
  <testcase name="pxd_009_03_get_entity_lookup_test1" time="0.161" classname="com.platformX.api.tests.PXD_009_BasicCatalogs_Entities_Test"/>
  <testcase name="pxd_009_02_post_entities_list_test1" time="0.286" classname="com.platformX.api.tests.PXD_009_BasicCatalogs_Entities_Test"/>
  <testcase name="pxd_009_05_update_entity_test1" time="0.244" classname="com.platformX.api.tests.PXD_009_BasicCatalogs_Entities_Test"/>
</testsuite> <!-- com.platformX.api.tests.PXD_009_BasicCatalogs_Entities_Test -->
