<?xml version="1.0" encoding="UTF-8"?>
<!-- Generated by org.testng.reporters.JUnitReportReporter -->
<testsuite skipped="0" hostname="LAPTOP-D8GBQRP8" name="com.platformX.tests.PX_001_LogIn_LogOut_Test" tests="1" failures="0" timestamp="07 maj 2022 08:12:58 GMT" time="19.213" errors="0">
  <testcase name="px_001_logIn_logOut_test" time="19.213" classname="com.platformX.tests.PX_001_LogIn_LogOut_Test"/>
</testsuite> <!-- com.platformX.tests.PX_001_LogIn_LogOut_Test -->
