<?xml version="1.0" encoding="UTF-8"?>
<!-- Generated by org.testng.reporters.JUnitReportReporter -->
<testsuite skipped="0" hostname="LAPTOP-D8GBQRP8" name="com.platformX.tests.QA_017_Dodavanje_Pravnog_Lica_Test" tests="1" failures="0" timestamp="07 apr 2021 18:57:35 GMT" time="23.697" errors="0">
  <testcase name="qa_017_dodavanje_pravnog_lica_test" time="23.697" classname="com.platformX.tests.QA_017_Dodavanje_Pravnog_Lica_Test"/>
</testsuite> <!-- com.platformX.tests.QA_017_Dodavanje_Pravnog_Lica_Test -->
