<?xml version="1.0" encoding="UTF-8"?>
<!-- Generated by org.testng.reporters.JUnitReportReporter -->
<testsuite skipped="0" hostname="LAPTOP-D8GBQRP8" name="com.platformX.api.tests.PXD_003_Get_Administration_Message_Test" tests="4" failures="0" timestamp="30 maj 2023 06:56:31 GMT" time="36.004" errors="0">
  <testcase name="get_administration_message_test1" time="16.598" classname="com.platformX.api.tests.PXD_003_Get_Administration_Message_Test"/>
  <testcase name="get_administration_message_test4" time="6.090" classname="com.platformX.api.tests.PXD_003_Get_Administration_Message_Test"/>
  <testcase name="get_administration_message_test2" time="6.735" classname="com.platformX.api.tests.PXD_003_Get_Administration_Message_Test"/>
  <testcase name="get_administration_message_test3" time="6.581" classname="com.platformX.api.tests.PXD_003_Get_Administration_Message_Test"/>
</testsuite> <!-- com.platformX.api.tests.PXD_003_Get_Administration_Message_Test -->
