<?xml version="1.0" encoding="UTF-8"?>
<!-- Generated by org.testng.reporters.JUnitReportReporter -->
<testsuite skipped="0" hostname="LAPTOP-D8GBQRP8" name="com.platformX.tests.QA_027_Provjera_Validacija_Na_Ugovoru_Test2" tests="1" failures="0" timestamp="08 mar 2021 12:08:01 GMT" time="37.301" errors="0">
  <testcase name="qa_027_provjera_validacija_na_ugovoru_test2" time="37.301" classname="com.platformX.tests.QA_027_Provjera_Validacija_Na_Ugovoru_Test2"/>
</testsuite> <!-- com.platformX.tests.QA_027_Provjera_Validacija_Na_Ugovoru_Test2 -->
