<?xml version="1.0" encoding="UTF-8"?>
<!-- Generated by org.testng.reporters.JUnitReportReporter -->
<testsuite hostname="DESKTOP-O3FB7AP" failures="0" tests="1" name="com.application.tests.APP_001_LogIn_LogOut_Test" time="32.325" errors="0" timestamp="19 mar 2025 17:59:06 GMT" skipped="0">
  <testcase classname="com.application.tests.APP_001_LogIn_LogOut_Test" name="px_dist_001_logIn_logOut_test" time="32.325"/>
</testsuite> <!-- com.application.tests.APP_001_LogIn_LogOut_Test -->
