<?xml version="1.0" encoding="UTF-8"?>
<!-- Generated by org.testng.reporters.JUnitReportReporter -->
<testsuite skipped="0" hostname="LAPTOP-D8GBQRP8" name="com.platformX.tests.QA_023_Izmjeni_Ugovor_Test" tests="1" failures="0" timestamp="14 feb 2021 00:16:47 GMT" time="95.336" errors="0">
  <testcase name="qa_023_izmjeni_ugovor_test" time="95.336" classname="com.platformX.tests.QA_023_Izmjeni_Ugovor_Test"/>
</testsuite> <!-- com.platformX.tests.QA_023_Izmjeni_Ugovor_Test -->
