<?xml version="1.0" encoding="UTF-8"?>
<!-- Generated by org.testng.reporters.JUnitReportReporter -->
<testsuite skipped="0" hostname="LAPTOP-D8GBQRP8" name="com.platformX.tests.QA_010_Dodaj_Uplatu_Test" tests="1" failures="0" timestamp="23 feb 2021 07:13:47 GMT" time="66.673" errors="0">
  <testcase name="qa_010_dodaj_uplatu_test" time="66.673" classname="com.platformX.tests.QA_010_Dodaj_Uplatu_Test"/>
</testsuite> <!-- com.platformX.tests.QA_010_Dodaj_Uplatu_Test -->
