<?xml version="1.0" encoding="UTF-8"?>
<!-- Generated by org.testng.reporters.JUnitReportReporter -->
<testsuite skipped="0" hostname="LAPTOP-D8GBQRP8" name="com.platformX.tests.PX_019_Dodavanje_Djelatnosti_Test" tests="1" failures="0" timestamp="25 feb 2022 11:11:47 GMT" time="15.437" errors="0">
  <testcase name="px_019_dodavanje_djelatnosti_test" time="15.437" classname="com.platformX.tests.PX_019_Dodavanje_Djelatnosti_Test"/>
</testsuite> <!-- com.platformX.tests.PX_019_Dodavanje_Djelatnosti_Test -->
