<?xml version="1.0" encoding="UTF-8"?>
<!-- Generated by org.testng.reporters.JUnitReportReporter -->
<testsuite skipped="0" hostname="LAPTOP-D8GBQRP8" name="com.platformX.tests.QA_012_Dodaj_Operativno_Podrucje_Test" tests="1" failures="0" timestamp="03 feb 2021 19:23:42 GMT" time="32.248" errors="0">
  <testcase name="qa_012_dodaj_operativno_podrucje_test" time="32.248" classname="com.platformX.tests.QA_012_Dodaj_Operativno_Podrucje_Test"/>
</testsuite> <!-- com.platformX.tests.QA_012_Dodaj_Operativno_Podrucje_Test -->
