<?xml version="1.0" encoding="UTF-8"?>
<!-- Generated by org.testng.reporters.JUnitReportReporter -->
<testsuite skipped="0" hostname="LAPTOP-D8GBQRP8" name="com.platformX.api.tests.PXD_005_BasicCatalogs_FieldUnits_Test" tests="10" failures="0" timestamp="16 jan 2024 19:32:00 GMT" time="3.099" errors="0">
  <testcase name="pxd_005_06_delete_field_unit_test1" time="0.136" classname="com.platformX.api.tests.PXD_005_BasicCatalogs_FieldUnits_Test"/>
  <testcase name="pxd_005_01_get_field_unit_test2" time="0.683" classname="com.platformX.api.tests.PXD_005_BasicCatalogs_FieldUnits_Test"/>
  <testcase name="pxd_005_01_get_field_unit_test3" time="0.155" classname="com.platformX.api.tests.PXD_005_BasicCatalogs_FieldUnits_Test"/>
  <testcase name="pxd_005_03_get_field_unit_lookup_test1" time="0.180" classname="com.platformX.api.tests.PXD_005_BasicCatalogs_FieldUnits_Test"/>
  <testcase name="pxd_005_04_create_field_unit_test1" time="1.045" classname="com.platformX.api.tests.PXD_005_BasicCatalogs_FieldUnits_Test"/>
  <testcase name="pxd_005_05_update_field_unit_test1" time="0.114" classname="com.platformX.api.tests.PXD_005_BasicCatalogs_FieldUnits_Test"/>
  <testcase name="pxd_005_01_get_field_unit_test4" time="0.145" classname="com.platformX.api.tests.PXD_005_BasicCatalogs_FieldUnits_Test"/>
  <testcase name="pxd_005_03_get_field_unit_lookup_test2" time="0.195" classname="com.platformX.api.tests.PXD_005_BasicCatalogs_FieldUnits_Test"/>
  <testcase name="pxd_005_01_get_field_unit_test1" time="0.186" classname="com.platformX.api.tests.PXD_005_BasicCatalogs_FieldUnits_Test"/>
  <testcase name="pxd_005_02_post_field_units_list_test1" time="0.260" classname="com.platformX.api.tests.PXD_005_BasicCatalogs_FieldUnits_Test"/>
</testsuite> <!-- com.platformX.api.tests.PXD_005_BasicCatalogs_FieldUnits_Test -->
