<?xml version="1.0" encoding="UTF-8"?>
<!-- Generated by org.testng.reporters.JUnitReportReporter -->
<testsuite skipped="0" hostname="LAPTOP-D8GBQRP8" name="com.platformX.api.tests.PXD_005_BasicCatalogs_FieldUnits_Test" tests="10" failures="0" timestamp="08 apr 2024 19:47:13 GMT" time="3.421" errors="0">
  <testcase name="pxd_005_01_get_field_unit_test2" time="0.147" classname="com.platformX.api.tests.PXD_005_BasicCatalogs_FieldUnits_Test"/>
  <testcase name="pxd_005_05_update_field_unit_test" time="0.222" classname="com.platformX.api.tests.PXD_005_BasicCatalogs_FieldUnits_Test"/>
  <testcase name="pxd_005_02_post_field_units_list_test" time="0.271" classname="com.platformX.api.tests.PXD_005_BasicCatalogs_FieldUnits_Test"/>
  <testcase name="pxd_005_01_get_field_unit_test3" time="0.689" classname="com.platformX.api.tests.PXD_005_BasicCatalogs_FieldUnits_Test"/>
  <testcase name="pxd_005_01_get_field_unit_test4" time="0.185" classname="com.platformX.api.tests.PXD_005_BasicCatalogs_FieldUnits_Test"/>
  <testcase name="pxd_005_06_delete_field_unit_test" time="0.235" classname="com.platformX.api.tests.PXD_005_BasicCatalogs_FieldUnits_Test"/>
  <testcase name="pxd_005_03_get_field_unit_lookup_test2" time="0.136" classname="com.platformX.api.tests.PXD_005_BasicCatalogs_FieldUnits_Test"/>
  <testcase name="pxd_005_04_create_field_unit_test1" time="0.922" classname="com.platformX.api.tests.PXD_005_BasicCatalogs_FieldUnits_Test"/>
  <testcase name="pxd_005_01_get_field_unit_test1" time="0.230" classname="com.platformX.api.tests.PXD_005_BasicCatalogs_FieldUnits_Test"/>
  <testcase name="pxd_005_03_get_field_unit_lookup_test1" time="0.384" classname="com.platformX.api.tests.PXD_005_BasicCatalogs_FieldUnits_Test"/>
</testsuite> <!-- com.platformX.api.tests.PXD_005_BasicCatalogs_FieldUnits_Test -->
