<?xml version="1.0" encoding="UTF-8"?>
<!-- Generated by org.testng.reporters.JUnitReportReporter -->
<testsuite skipped="0" hostname="LAPTOP-D8GBQRP8" name="scp.test.SCP_001_LogIn_LogOut_Test" tests="1" failures="0" timestamp="07 sep 2022 09:56:58 GMT" time="13.203" errors="0">
  <testcase name="scp_001_logIn_logOut_test" time="13.203" classname="scp.test.SCP_001_LogIn_LogOut_Test"/>
</testsuite> <!-- scp.test.SCP_001_LogIn_LogOut_Test -->
