<?xml version="1.0" encoding="UTF-8"?>
<!-- Generated by org.testng.reporters.JUnitReportReporter -->
<testsuite skipped="0" hostname="DESKTOP-V755BNS" name="com.platformX.distribution.tests.PX_DIST_Brisanje_Pravnog_Lica_Test" tests="1" failures="0" timestamp="13 Oct 2022 13:52:14 GMT" time="27.819" errors="0">
  <testcase name="px_dist_brisanje_pravnog_lica_test" time="27.819" classname="com.platformX.distribution.tests.PX_DIST_Brisanje_Pravnog_Lica_Test"/>
</testsuite> <!-- com.platformX.distribution.tests.PX_DIST_Brisanje_Pravnog_Lica_Test -->
