<?xml version="1.0" encoding="UTF-8"?>
<!-- Generated by org.testng.reporters.JUnitReportReporter -->
<testsuite skipped="0" hostname="LAPTOP-D8GBQRP8" name="com.platformX.api.tests.PXD_006_BasicCatalogs_FieldOffices_Test" tests="2" failures="0" timestamp="22 jan 2024 15:03:05 GMT" time="1.692" errors="0">
  <testcase name="pxd_006_04_create_field_office_test1" time="1.272" classname="com.platformX.api.tests.PXD_006_BasicCatalogs_FieldOffices_Test"/>
  <testcase name="pxd_006_01_get_field_office_test1" time="0.420" classname="com.platformX.api.tests.PXD_006_BasicCatalogs_FieldOffices_Test"/>
</testsuite> <!-- com.platformX.api.tests.PXD_006_BasicCatalogs_FieldOffices_Test -->
