<?xml version="1.0" encoding="UTF-8"?>
<!-- Generated by org.testng.reporters.JUnitReportReporter -->
<testsuite skipped="0" hostname="LAPTOP-D8GBQRP8" name="com.platformX.tests.QA_023_Izmjeni_Ugovor_Test" tests="1" failures="0" timestamp="12 dec 2020 07:57:54 GMT" time="67.686" errors="0">
  <testcase name="qa_023_izmjeni_ugovor_test" time="67.686" classname="com.platformX.tests.QA_023_Izmjeni_Ugovor_Test"/>
</testsuite> <!-- com.platformX.tests.QA_023_Izmjeni_Ugovor_Test -->
