<?xml version="1.0" encoding="UTF-8"?>
<!-- Generated by org.testng.reporters.JUnitReportReporter -->
<testsuite skipped="0" hostname="LAPTOP-D8GBQRP8" name="com.platformX.tests.PX_035_Dodavanje_Uplate_Sa_Kupcem_Test" tests="1" failures="0" timestamp="30 jan 2022 16:20:10 GMT" time="65.032" errors="0">
  <testcase name="qa_035_dodavanje_uplate_sa_kupcem_test" time="65.032" classname="com.platformX.tests.PX_035_Dodavanje_Uplate_Sa_Kupcem_Test"/>
</testsuite> <!-- com.platformX.tests.PX_035_Dodavanje_Uplate_Sa_Kupcem_Test -->
