<?xml version="1.0" encoding="UTF-8"?>
<!-- Generated by org.testng.reporters.JUnitReportReporter -->
<testsuite skipped="0" hostname="LAPTOP-D8GBQRP8" name="com.platformX.distribution.tests.PX_DIST_013_Dodavanje_Administracijske_Poruke_Test" tests="1" failures="0" timestamp="30 maj 2023 05:43:07 GMT" time="12.250" errors="0">
  <testcase name="px_dist_013_dodavanje_administracijske_poruke_test" time="12.250" classname="com.platformX.distribution.tests.PX_DIST_013_Dodavanje_Administracijske_Poruke_Test"/>
</testsuite> <!-- com.platformX.distribution.tests.PX_DIST_013_Dodavanje_Administracijske_Poruke_Test -->
