<?xml version="1.0" encoding="UTF-8"?>
<!-- Generated by org.testng.reporters.JUnitReportReporter -->
<testsuite skipped="0" hostname="LAPTOP-D8GBQRP8" name="com.platformX.tests.PX_034_Preknjizavanje_Dnevnika_Uplata_Test" tests="1" failures="0" timestamp="24 maj 2023 12:30:17 GMT" time="36.151" errors="0">
  <testcase name="px_034_preknjizavanje_dnevnika_uplata_test" time="36.151" classname="com.platformX.tests.PX_034_Preknjizavanje_Dnevnika_Uplata_Test"/>
</testsuite> <!-- com.platformX.tests.PX_034_Preknjizavanje_Dnevnika_Uplata_Test -->
