<?xml version="1.0" encoding="UTF-8"?>
<!-- Generated by org.testng.reporters.JUnitReportReporter -->
<testsuite skipped="0" hostname="LAPTOP-D8GBQRP8" name="com.platformX.distribution.tests.PX_DIST_023_Brojila_CRUD_Test" tests="1" failures="0" timestamp="08 apr 2024 20:22:09 GMT" time="22.892" errors="0">
  <testcase name="px_dist_023_1_dodavanje_brojila_test" time="22.892" classname="com.platformX.distribution.tests.PX_DIST_023_Brojila_CRUD_Test"/>
</testsuite> <!-- com.platformX.distribution.tests.PX_DIST_023_Brojila_CRUD_Test -->
