<?xml version="1.0" encoding="UTF-8"?>
<!-- Generated by org.testng.reporters.JUnitReportReporter -->
<testsuite skipped="0" hostname="LAPTOP-D8GBQRP8" name="com.platformX.api.tests.PXD_004_Get_Administration_Message_Negative_Test" tests="3" failures="0" timestamp="30 maj 2023 07:01:39 GMT" time="1.607" errors="0">
  <testcase name="get_administration_message_negative_test3" time="0.867" classname="com.platformX.api.tests.PXD_004_Get_Administration_Message_Negative_Test"/>
  <testcase name="get_administration_message_negative_test2" time="0.087" classname="com.platformX.api.tests.PXD_004_Get_Administration_Message_Negative_Test"/>
  <testcase name="get_administration_message_negative_test1" time="0.653" classname="com.platformX.api.tests.PXD_004_Get_Administration_Message_Negative_Test"/>
</testsuite> <!-- com.platformX.api.tests.PXD_004_Get_Administration_Message_Negative_Test -->
