<?xml version="1.0" encoding="UTF-8"?>
<!-- Generated by org.testng.reporters.JUnitReportReporter -->
<testsuite skipped="0" hostname="LAPTOP-D8GBQRP8" name="com.platformX.tests.QA_002_Verifikacija_Sekcije_Sifarnici_Test" tests="1" failures="0" timestamp="19 maj 2021 13:18:09 GMT" time="29.883" errors="0">
  <testcase name="qa_002_verifikacije_sekcije_sifarnici_test" time="29.883" classname="com.platformX.tests.QA_002_Verifikacija_Sekcije_Sifarnici_Test"/>
</testsuite> <!-- com.platformX.tests.QA_002_Verifikacija_Sekcije_Sifarnici_Test -->
