<?xml version="1.0" encoding="UTF-8"?>
<!-- Generated by org.testng.reporters.JUnitReportReporter -->
<testsuite skipped="0" hostname="LAPTOP-D8GBQRP8" name="com.platformX.tests.PX_004_Verifikacija_Sekcije_Tarifni_Sistem_Test" tests="1" failures="0" timestamp="25 jan 2022 19:59:47 GMT" time="27.729" errors="0">
  <testcase name="px_004_verifikacije_sekcije_tarifni_sistem_test" time="27.729" classname="com.platformX.tests.PX_004_Verifikacija_Sekcije_Tarifni_Sistem_Test"/>
</testsuite> <!-- com.platformX.tests.PX_004_Verifikacija_Sekcije_Tarifni_Sistem_Test -->
