<?xml version="1.0" encoding="UTF-8"?>
<!-- Generated by org.testng.reporters.JUnitReportReporter -->
<testsuite skipped="0" hostname="LAPTOP-D8GBQRP8" name="com.platformX.tests.QA_023_Neuspjesno_Dodavanje_Ugovora_Test5" tests="1" failures="0" timestamp="01 mar 2021 08:11:45 GMT" time="35.852" errors="0">
  <testcase name="qa_023_nesupjesno_dodavanje_ugovora_test5" time="35.852" classname="com.platformX.tests.QA_023_Neuspjesno_Dodavanje_Ugovora_Test5"/>
</testsuite> <!-- com.platformX.tests.QA_023_Neuspjesno_Dodavanje_Ugovora_Test5 -->
