<?xml version="1.0" encoding="UTF-8"?>
<!-- Generated by org.testng.reporters.JUnitReportReporter -->
<testsuite skipped="0" hostname="LAPTOP-D8GBQRP8" name="com.platformX.tests.PX_007_Verifikacija_Sekcije_Obracun_Test" tests="1" failures="0" timestamp="08 apr 2022 06:24:54 GMT" time="21.525" errors="0">
  <testcase name="px_007_verifikacija_sekcije_obracun_test" time="21.525" classname="com.platformX.tests.PX_007_Verifikacija_Sekcije_Obracun_Test"/>
</testsuite> <!-- com.platformX.tests.PX_007_Verifikacija_Sekcije_Obracun_Test -->
