<?xml version="1.0" encoding="UTF-8"?>
<!-- Generated by org.testng.reporters.JUnitReportReporter -->
<testsuite skipped="0" hostname="LAPTOP-D8GBQRP8" name="com.platformX.tests.PX_072_Dodavanje_Poste_Test" tests="1" failures="0" timestamp="07 nov 2021 21:34:51 GMT" time="17.123" errors="0">
  <testcase name="px_072_dodavanje_poste_test" time="17.123" classname="com.platformX.tests.PX_072_Dodavanje_Poste_Test"/>
</testsuite> <!-- com.platformX.tests.PX_072_Dodavanje_Poste_Test -->
