<?xml version="1.0" encoding="UTF-8"?>
<!-- Generated by org.testng.reporters.JUnitReportReporter -->
<testsuite hostname="DESKTOP-DCVP31V" failures="0" tests="1" name="com.platformX.tests.PX_013_Izmjena_Umanjenja_Cijene_Test" time="26.735" errors="0" timestamp="28 Sep 2022 06:54:56 GMT" skipped="0">
  <testcase classname="com.platformX.tests.PX_013_Izmjena_Umanjenja_Cijene_Test" name="px_013_izmjena_umanjenja_cijene_test" time="26.735"/>
</testsuite> <!-- com.platformX.tests.PX_013_Izmjena_Umanjenja_Cijene_Test -->
