<?xml version="1.0" encoding="UTF-8"?>
<!-- Generated by org.testng.reporters.JUnitReportReporter -->
<testsuite skipped="0" hostname="LAPTOP-D8GBQRP8" name="com.platformX.tests.PX_066_Izmjena_Pravnog_Lica_Test" tests="1" failures="0" timestamp="03 feb 2022 15:15:58 GMT" time="32.441" errors="0">
  <testcase name="px_066_izmjena_pravnog_lica_test" time="32.441" classname="com.platformX.tests.PX_066_Izmjena_Pravnog_Lica_Test"/>
</testsuite> <!-- com.platformX.tests.PX_066_Izmjena_Pravnog_Lica_Test -->
