<?xml version="1.0" encoding="UTF-8"?>
<!-- Generated by org.testng.reporters.JUnitReportReporter -->
<testsuite skipped="0" hostname="LAPTOP-D8GBQRP8" name="com.platformX.tests.PX_077_Izmjena_Ulice_Test" tests="1" failures="0" timestamp="23 nov 2021 22:34:39 GMT" time="27.286" errors="0">
  <testcase name="px_077_izmjena_ulice_test" time="27.286" classname="com.platformX.tests.PX_077_Izmjena_Ulice_Test"/>
</testsuite> <!-- com.platformX.tests.PX_077_Izmjena_Ulice_Test -->
