<?xml version="1.0" encoding="UTF-8"?>
<!-- Generated by org.testng.reporters.JUnitReportReporter -->
<testsuite skipped="0" hostname="LAPTOP-D8GBQRP8" name="com.platformX.distribution.tests.PX_DIST_Izmjena_Ulice_Test" tests="1" failures="0" timestamp="09 mar 2022 09:26:49 GMT" time="23.744" errors="0">
  <testcase name="px_dist_izmjena_ulice_test" time="23.744" classname="com.platformX.distribution.tests.PX_DIST_Izmjena_Ulice_Test"/>
</testsuite> <!-- com.platformX.distribution.tests.PX_DIST_Izmjena_Ulice_Test -->
