<?xml version="1.0" encoding="UTF-8"?>
<!-- Generated by org.testng.reporters.JUnitReportReporter -->
<testsuite skipped="0" hostname="LAPTOP-D8GBQRP8" name="com.platformX.tests.PX_067_Brisanje_Pravnog_Lica_Test" tests="1" failures="0" timestamp="26 okt 2021 09:29:56 GMT" time="37.618" errors="0">
  <testcase name="px_067_brisanje_pravnog_lica_test" time="37.618" classname="com.platformX.tests.PX_067_Brisanje_Pravnog_Lica_Test"/>
</testsuite> <!-- com.platformX.tests.PX_067_Brisanje_Pravnog_Lica_Test -->
