<?xml version="1.0" encoding="UTF-8"?>
<!-- Generated by org.testng.reporters.JUnitReportReporter -->
<testsuite hostname="DESKTOP-P42STSI" failures="0" tests="1" name="com.platformX.distribution.tests.PX_DIST_003_Verifikacije_Sekcija_Test" time="35.677" errors="0" timestamp="20 Feb 2025 13:37:19 GMT" skipped="0">
  <testcase classname="com.platformX.distribution.tests.PX_DIST_003_Verifikacije_Sekcija_Test" name="px_dist_003_04_verifikacija_sekcije_kupci_test" time="35.677"/>
</testsuite> <!-- com.platformX.distribution.tests.PX_DIST_003_Verifikacije_Sekcija_Test -->
