<?xml version="1.0" encoding="UTF-8"?>
<!-- Generated by org.testng.reporters.JUnitReportReporter -->
<testsuite hostname="DESKTOP-DCVP31V" failures="0" tests="1" name="com.platformX.distribution.tests.PX_DIST_Verifikacija_Sekcije_Brojila_Test" time="23.377" errors="0" timestamp="26 Sep 2022 09:45:32 GMT" skipped="0">
  <testcase classname="com.platformX.distribution.tests.PX_DIST_Verifikacija_Sekcije_Brojila_Test" name="px_dist_verifikacije_sekcije_brojila_test" time="23.377"/>
</testsuite> <!-- com.platformX.distribution.tests.PX_DIST_Verifikacija_Sekcije_Brojila_Test -->
