<?xml version="1.0" encoding="UTF-8"?>
<!-- Generated by org.testng.reporters.JUnitReportReporter -->
<testsuite skipped="0" hostname="LAPTOP-D8GBQRP8" name="com.platformX.tests.PX_001_LogIn_LogOut_Test" tests="1" failures="0" timestamp="13 jan 2022 11:33:14 GMT" time="33.338" errors="0">
  <testcase name="px_001_logIn_logOut_test" time="33.338" classname="com.platformX.tests.PX_001_LogIn_LogOut_Test"/>
</testsuite> <!-- com.platformX.tests.PX_001_LogIn_LogOut_Test -->
