<?xml version="1.0" encoding="UTF-8"?>
<!-- Generated by org.testng.reporters.JUnitReportReporter -->
<testsuite hostname="DESKTOP-DCVP31V" failures="0" tests="1" name="com.platformX.tests.PX_055_Neuspjesno_Odbacivanje_Ugovora_Test" time="21.073" errors="0" timestamp="22 Sep 2022 10:16:06 GMT" skipped="0">
  <testcase classname="com.platformX.tests.PX_055_Neuspjesno_Odbacivanje_Ugovora_Test" name="px_055_neuspjesno_odbacivanje_ugovora_test" time="21.073"/>
</testsuite> <!-- com.platformX.tests.PX_055_Neuspjesno_Odbacivanje_Ugovora_Test -->
