<?xml version="1.0" encoding="UTF-8"?>
<!-- Generated by org.testng.reporters.JUnitReportReporter -->
<testsuite skipped="0" hostname="LAPTOP-D8GBQRP8" name="com.platformX.api.tests.GetAdministrationMessageScenario" tests="1" failures="0" timestamp="26 feb 2023 15:27:51 GMT" time="1.014" errors="0">
  <testcase name="get_administration_message_test" time="1.014" classname="com.platformX.api.tests.GetAdministrationMessageScenario"/>
</testsuite> <!-- com.platformX.api.tests.GetAdministrationMessageScenario -->
