<?xml version="1.0" encoding="UTF-8"?>
<!-- Generated by org.testng.reporters.JUnitReportReporter -->
<testsuite hostname="DESKTOP-DCVP31V" failures="0" tests="1" name="com.platformX.tests.PX_071_Brisanje_Radne_Jedinice_Test" time="21.268" errors="0" timestamp="22 Sep 2022 07:15:18 GMT" skipped="0">
  <testcase classname="com.platformX.tests.PX_071_Brisanje_Radne_Jedinice_Test" name="px_071_brisanje_radne_jedinice_test" time="21.268"/>
</testsuite> <!-- com.platformX.tests.PX_071_Brisanje_Radne_Jedinice_Test -->
