<?xml version="1.0" encoding="UTF-8"?>
<!-- Generated by org.testng.reporters.JUnitReportReporter -->
<testsuite skipped="0" hostname="LAPTOP-D8GBQRP8" name="com.platformX.tests.QA_005_Verifikacija_Sekcije_Mjerna_Mjesta_Test" tests="1" failures="0" timestamp="04 maj 2021 16:40:39 GMT" time="17.018" errors="0">
  <testcase name="qa_005_verifikacija_sekcije_mjerna_mjesta_test" time="17.018" classname="com.platformX.tests.QA_005_Verifikacija_Sekcije_Mjerna_Mjesta_Test"/>
</testsuite> <!-- com.platformX.tests.QA_005_Verifikacija_Sekcije_Mjerna_Mjesta_Test -->
