<?xml version="1.0" encoding="UTF-8"?>
<!-- Generated by org.testng.reporters.JUnitReportReporter -->
<testsuite skipped="2" hostname="LAPTOP-D8GBQRP8" name="com.platformX.api.tests.PXD_005_BasicCatalogs_FieldUnits_Test" tests="10" failures="0" timestamp="07 jan 2024 22:33:47 GMT" time="3.292" errors="0">
  <testcase name="pxd_005_04_create_field_unit_test1" time="0.322" classname="com.platformX.api.tests.PXD_005_BasicCatalogs_FieldUnits_Test"/>
  <testcase name="pxd_005_01_get_field_unit_test4" time="0.789" classname="com.platformX.api.tests.PXD_005_BasicCatalogs_FieldUnits_Test"/>
  <testcase name="pxd_005_02_post_field_units_list_test1" time="0.569" classname="com.platformX.api.tests.PXD_005_BasicCatalogs_FieldUnits_Test"/>
  <testcase name="pxd_005_05_update_field_unit_test1" time="0.266" classname="com.platformX.api.tests.PXD_005_BasicCatalogs_FieldUnits_Test"/>
  <testcase name="pxd_005_06_delete_field_unit_test1" time="0.280" classname="com.platformX.api.tests.PXD_005_BasicCatalogs_FieldUnits_Test"/>
  <testcase name="pxd_005_01_get_field_unit_test3" time="0.548" classname="com.platformX.api.tests.PXD_005_BasicCatalogs_FieldUnits_Test"/>
  <testcase name="pxd_005_01_get_field_unit_test1" time="0.000" classname="com.platformX.api.tests.PXD_005_BasicCatalogs_FieldUnits_Test">
    <skipped/>
  </testcase> <!-- pxd_005_01_get_field_unit_test1 -->
  <testcase name="pxd_005_03_get_field_unit_lookup_test1" time="0.000" classname="com.platformX.api.tests.PXD_005_BasicCatalogs_FieldUnits_Test">
    <skipped/>
  </testcase> <!-- pxd_005_03_get_field_unit_lookup_test1 -->
  <testcase name="pxd_005_01_get_field_unit_test2" time="0.133" classname="com.platformX.api.tests.PXD_005_BasicCatalogs_FieldUnits_Test"/>
  <testcase name="pxd_005_03_get_field_unit_lookup_test2" time="0.385" classname="com.platformX.api.tests.PXD_005_BasicCatalogs_FieldUnits_Test"/>
</testsuite> <!-- com.platformX.api.tests.PXD_005_BasicCatalogs_FieldUnits_Test -->
