<?xml version="1.0" encoding="UTF-8"?>
<!-- Generated by org.testng.reporters.JUnitReportReporter -->
<testsuite skipped="0" hostname="LAPTOP-D8GBQRP8" name="com.platformX.tests.PX_012_Dodavanje_Umanjenja_Cijene_Test" tests="1" failures="0" timestamp="07 sep 2022 07:46:57 GMT" time="17.482" errors="0">
  <testcase name="px_012_dodavanje_umanjenja_cijene_test" time="17.482" classname="com.platformX.tests.PX_012_Dodavanje_Umanjenja_Cijene_Test"/>
</testsuite> <!-- com.platformX.tests.PX_012_Dodavanje_Umanjenja_Cijene_Test -->
