<?xml version="1.0" encoding="UTF-8"?>
<!-- Generated by org.testng.reporters.JUnitReportReporter -->
<testsuite skipped="0" hostname="LAPTOP-D8GBQRP8" name="com.platformX.api.tests.PXD_002_Administration_Users_Test" tests="4" failures="0" timestamp="07 jan 2024 19:19:31 GMT" time="2.428" errors="0">
  <testcase name="pxd_002_01_get_user_test1" time="1.638" classname="com.platformX.api.tests.PXD_002_Administration_Users_Test"/>
  <testcase name="pxd_002_01_get_user_test2" time="0.144" classname="com.platformX.api.tests.PXD_002_Administration_Users_Test"/>
  <testcase name="pxd_002_01_get_user_test4" time="0.444" classname="com.platformX.api.tests.PXD_002_Administration_Users_Test"/>
  <testcase name="pxd_002_01_get_user_test3" time="0.202" classname="com.platformX.api.tests.PXD_002_Administration_Users_Test"/>
</testsuite> <!-- com.platformX.api.tests.PXD_002_Administration_Users_Test -->
