<?xml version="1.0" encoding="UTF-8"?>
<!-- Generated by org.testng.reporters.JUnitReportReporter -->
<testsuite skipped="0" hostname="LAPTOP-D8GBQRP8" name="com.platformX.tests.PX_066_Izmjena_Pravnog_Lica_Test" tests="1" failures="0" timestamp="03 okt 2021 13:46:24 GMT" time="134.049" errors="0">
  <testcase name="px_066_izmjena_pravnog_lica_test" time="134.049" classname="com.platformX.tests.PX_066_Izmjena_Pravnog_Lica_Test"/>
</testsuite> <!-- com.platformX.tests.PX_066_Izmjena_Pravnog_Lica_Test -->
