<?xml version="1.0" encoding="UTF-8"?>
<!-- Generated by org.testng.reporters.JUnitReportReporter -->
<testsuite skipped="0" hostname="LAPTOP-D8GBQRP8" name="com.platformX.tests.QA_033_Neuspjesna_Deaktivacija_Ugovora_Test" tests="1" failures="0" timestamp="18 apr 2021 19:04:31 GMT" time="59.300" errors="0">
  <testcase name="qa_033_neuspjesna_deaktivacija_ugovora_test" time="59.300" classname="com.platformX.tests.QA_033_Neuspjesna_Deaktivacija_Ugovora_Test"/>
</testsuite> <!-- com.platformX.tests.QA_033_Neuspjesna_Deaktivacija_Ugovora_Test -->
