<?xml version="1.0" encoding="UTF-8"?>
<!-- Generated by org.testng.reporters.JUnitReportReporter -->
<testsuite skipped="0" hostname="LAPTOP-D8GBQRP8" name="com.platformX.tests.QA_023_Neuspjesno_Dodavanje_Ugovora_Test5" tests="1" failures="0" timestamp="08 mar 2021 12:08:01 GMT" time="45.296" errors="0">
  <testcase name="qa_023_nesupjesno_dodavanje_ugovora_test5" time="45.296" classname="com.platformX.tests.QA_023_Neuspjesno_Dodavanje_Ugovora_Test5"/>
</testsuite> <!-- com.platformX.tests.QA_023_Neuspjesno_Dodavanje_Ugovora_Test5 -->
