<?xml version="1.0" encoding="UTF-8"?>
<!-- Generated by org.testng.reporters.JUnitReportReporter -->
<testsuite skipped="0" hostname="LAPTOP-D8GBQRP8" name="com.platformX.tests.QA_040_Provjera_Validacija_Na_Preregistraciji_Ugovora_Test" tests="1" failures="0" timestamp="16 maj 2021 12:41:17 GMT" time="18.894" errors="0">
  <testcase name="qa_040_provjera_validacija_na_preregistraciji_ugovora_test" time="18.894" classname="com.platformX.tests.QA_040_Provjera_Validacija_Na_Preregistraciji_Ugovora_Test"/>
</testsuite> <!-- com.platformX.tests.QA_040_Provjera_Validacija_Na_Preregistraciji_Ugovora_Test -->
