<?xml version="1.0" encoding="UTF-8"?>
<!-- Generated by org.testng.reporters.JUnitReportReporter -->
<testsuite skipped="0" hostname="LAPTOP-D8GBQRP8" name="com.platformX.tests.PX_008_Verifikacija_Sekcije_Finansije_Test" tests="1" failures="0" timestamp="23 feb 2022 09:14:19 GMT" time="35.197" errors="0">
  <testcase name="px_008_verifikacija_sekcije_finansije_test" time="35.197" classname="com.platformX.tests.PX_008_Verifikacija_Sekcije_Finansije_Test"/>
</testsuite> <!-- com.platformX.tests.PX_008_Verifikacija_Sekcije_Finansije_Test -->
