<?xml version="1.0" encoding="UTF-8"?>
<!-- Generated by org.testng.reporters.JUnitReportReporter -->
<testsuite skipped="0" hostname="LAPTOP-D8GBQRP8" name="com.platformX.tests.QA_029_Provjera_Validacija_Na_Izmjeni_Ugovora_Test" tests="1" failures="0" timestamp="08 mar 2021 10:15:01 GMT" time="37.152" errors="0">
  <testcase name="qa_029_provjera_validacija_na_izmjeni_ugovora_test" time="37.152" classname="com.platformX.tests.QA_029_Provjera_Validacija_Na_Izmjeni_Ugovora_Test"/>
</testsuite> <!-- com.platformX.tests.QA_029_Provjera_Validacija_Na_Izmjeni_Ugovora_Test -->
