<?xml version="1.0" encoding="UTF-8"?>
<!-- Generated by org.testng.reporters.JUnitReportReporter -->
<testsuite skipped="0" hostname="LAPTOP-D8GBQRP8" name="com.platformX.tests.QA_012_Dodavanje_Uplate_Poziv_Na_Broj_Test2" tests="1" failures="0" timestamp="23 feb 2021 07:20:55 GMT" time="52.788" errors="0">
  <testcase name="qa_012_dodavanje_uplate_poziv_na_broj_test2" time="52.788" classname="com.platformX.tests.QA_012_Dodavanje_Uplate_Poziv_Na_Broj_Test2"/>
</testsuite> <!-- com.platformX.tests.QA_012_Dodavanje_Uplate_Poziv_Na_Broj_Test2 -->
