<?xml version="1.0" encoding="UTF-8"?>
<!-- Generated by org.testng.reporters.JUnitReportReporter -->
<testsuite skipped="0" hostname="LAPTOP-D8GBQRP8" name="com.platformX.tests.QA_028_Izmjena_Ugovora_Test" tests="1" failures="0" timestamp="01 apr 2021 04:44:05 GMT" time="71.925" errors="0">
  <testcase name="qa_028_izmjena_ugovora_test" time="71.925" classname="com.platformX.tests.QA_028_Izmjena_Ugovora_Test"/>
</testsuite> <!-- com.platformX.tests.QA_028_Izmjena_Ugovora_Test -->
