<?xml version="1.0" encoding="UTF-8"?>
<!-- Generated by org.testng.reporters.JUnitReportReporter -->
<testsuite skipped="0" hostname="LAPTOP-D8GBQRP8" name="com.platformX.tests.QA_030_Neuspjesno_Iskljucivanje_Ugovora_Test" tests="1" failures="0" timestamp="13 feb 2021 21:03:38 GMT" time="35.418" errors="0">
  <testcase name="qa_030_neuspjesno_iskljucivanje_ugovora_test" time="35.418" classname="com.platformX.tests.QA_030_Neuspjesno_Iskljucivanje_Ugovora_Test"/>
</testsuite> <!-- com.platformX.tests.QA_030_Neuspjesno_Iskljucivanje_Ugovora_Test -->
