<?xml version="1.0" encoding="UTF-8"?>
<!-- Generated by org.testng.reporters.JUnitReportReporter -->
<testsuite skipped="0" hostname="LAPTOP-D8GBQRP8" name="com.platformX.tests.QA_018_Neuspjesno_Dodavanje_Ugovora_Test5" tests="1" failures="0" timestamp="13 feb 2021 20:24:20 GMT" time="46.063" errors="0">
  <testcase name="qa_018_nesupjesno_dodavanje_ugovora_test5" time="46.063" classname="com.platformX.tests.QA_018_Neuspjesno_Dodavanje_Ugovora_Test5"/>
</testsuite> <!-- com.platformX.tests.QA_018_Neuspjesno_Dodavanje_Ugovora_Test5 -->
