<?xml version="1.0" encoding="UTF-8"?>
<!-- Generated by org.testng.reporters.JUnitReportReporter -->
<testsuite hostname="DESKTOP-DCVP31V" failures="0" tests="1" name="com.platformX.distribution.tests.PX_DIST_009_Verifikacija_Sekcije_Ocitanja_Test" time="38.921" errors="0" timestamp="29 Sep 2022 09:34:17 GMT" skipped="0">
  <testcase classname="com.platformX.distribution.tests.PX_DIST_009_Verifikacija_Sekcije_Ocitanja_Test" name="px_dist_009_verifikacija_sekcija_ocitanja_test" time="38.921"/>
</testsuite> <!-- com.platformX.distribution.tests.PX_DIST_009_Verifikacija_Sekcije_Ocitanja_Test -->
