<?xml version="1.0" encoding="UTF-8"?>
<!-- Generated by org.testng.reporters.JUnitReportReporter -->
<testsuite hostname="DESKTOP-DCVP31V" failures="0" tests="1" name="com.platformX.tests.PX_048_Provjera_Validacija_Na_Ugovoru_Test2" time="26.718" errors="0" timestamp="22 Sep 2022 10:13:27 GMT" skipped="0">
  <testcase classname="com.platformX.tests.PX_048_Provjera_Validacija_Na_Ugovoru_Test2" name="px_048_provjera_validacija_na_ugovoru_test2" time="26.718"/>
</testsuite> <!-- com.platformX.tests.PX_048_Provjera_Validacija_Na_Ugovoru_Test2 -->
