<?xml version="1.0" encoding="UTF-8"?>
<!-- Generated by org.testng.reporters.JUnitReportReporter -->
<testsuite skipped="0" hostname="LAPTOP-D8GBQRP8" name="com.platformX.tests.PX_047_Provjera_Validacija_Na_Ugovoru_Test1" tests="1" failures="0" timestamp="26 jan 2022 07:38:17 GMT" time="18.598" errors="0">
  <testcase name="px_047_provjera_validacija_na_ugovoru_test1" time="18.598" classname="com.platformX.tests.PX_047_Provjera_Validacija_Na_Ugovoru_Test1"/>
</testsuite> <!-- com.platformX.tests.PX_047_Provjera_Validacija_Na_Ugovoru_Test1 -->
