<?xml version="1.0" encoding="UTF-8"?>
<!-- Generated by org.testng.reporters.JUnitReportReporter -->
<testsuite skipped="0" hostname="LAPTOP-D8GBQRP8" name="com.platformX.distribution.tests.PX_DIST_071_Brisanje_Fizickog_Lica_Test" tests="1" failures="0" timestamp="24 maj 2023 18:46:16 GMT" time="25.717" errors="0">
  <testcase name="px_dist_071_brisanje_fizickog_lica_test" time="25.717" classname="com.platformX.distribution.tests.PX_DIST_071_Brisanje_Fizickog_Lica_Test"/>
</testsuite> <!-- com.platformX.distribution.tests.PX_DIST_071_Brisanje_Fizickog_Lica_Test -->
