<?xml version="1.0" encoding="UTF-8"?>
<!-- Generated by org.testng.reporters.JUnitReportReporter -->
<testsuite skipped="0" hostname="LAPTOP-D8GBQRP8" name="com.platformX.distribution.tests.PX_DIST_002_Provjera_Validacija_Na_LogIn_Formi_Test" tests="3" failures="0" timestamp="18 feb 2022 07:34:41 GMT" time="30.737" errors="0">
  <testcase name="px_dist_002_nevalidni_kredencijali_test" time="11.027" classname="com.platformX.distribution.tests.PX_DIST_002_Provjera_Validacija_Na_LogIn_Formi_Test"/>
  <testcase name="px_dist_002_validno_korisnicko_ime_test" time="9.474" classname="com.platformX.distribution.tests.PX_DIST_002_Provjera_Validacija_Na_LogIn_Formi_Test"/>
  <testcase name="px_dist_002_validna_lozinka_test" time="10.236" classname="com.platformX.distribution.tests.PX_DIST_002_Provjera_Validacija_Na_LogIn_Formi_Test"/>
</testsuite> <!-- com.platformX.distribution.tests.PX_DIST_002_Provjera_Validacija_Na_LogIn_Formi_Test -->
