<?xml version="1.0" encoding="UTF-8"?>
<!-- Generated by org.testng.reporters.JUnitReportReporter -->
<testsuite skipped="0" hostname="LAPTOP-D8GBQRP8" name="com.platformX.api.tests.PXD_002_Administration_Users_Test" tests="4" failures="0" timestamp="18 feb 2024 17:48:53 GMT" time="1.957" errors="0">
  <testcase name="pxd_002_01_get_user_test2" time="0.103" classname="com.platformX.api.tests.PXD_002_Administration_Users_Test"/>
  <testcase name="pxd_002_01_get_user_test3" time="0.108" classname="com.platformX.api.tests.PXD_002_Administration_Users_Test"/>
  <testcase name="pxd_002_01_get_user_test4" time="0.332" classname="com.platformX.api.tests.PXD_002_Administration_Users_Test"/>
  <testcase name="pxd_002_01_get_user_test1" time="1.414" classname="com.platformX.api.tests.PXD_002_Administration_Users_Test"/>
</testsuite> <!-- com.platformX.api.tests.PXD_002_Administration_Users_Test -->
