<?xml version="1.0" encoding="UTF-8"?>
<!-- Generated by org.testng.reporters.JUnitReportReporter -->
<testsuite skipped="0" hostname="LAPTOP-D8GBQRP8" name="com.platformX.tests.PX_072_Dodavanje_Poste_Test" tests="1" failures="0" timestamp="08 jan 2022 12:54:04 GMT" time="18.363" errors="0">
  <testcase name="px_072_dodavanje_poste_test" time="18.363" classname="com.platformX.tests.PX_072_Dodavanje_Poste_Test"/>
</testsuite> <!-- com.platformX.tests.PX_072_Dodavanje_Poste_Test -->
