<?xml version="1.0" encoding="UTF-8"?>
<!-- Generated by org.testng.reporters.JUnitReportReporter -->
<testsuite skipped="0" hostname="LAPTOP-D8GBQRP8" name="com.platformX.tests.QA_004_Dodaj_Banku_Test" tests="1" failures="0" timestamp="12 avg 2020 17:52:10 GMT" time="15.257" errors="0">
  <testcase name="qa_004_dodaj_banku_test" time="15.257" classname="com.platformX.tests.QA_004_Dodaj_Banku_Test"/>
</testsuite> <!-- com.platformX.tests.QA_004_Dodaj_Banku_Test -->
