<?xml version="1.0" encoding="UTF-8"?>
<!-- Generated by org.testng.reporters.JUnitReportReporter -->
<testsuite skipped="0" hostname="LAPTOP-D8GBQRP8" name="com.platformX.tests.QA_005_Dodaj_Dnevnik_Uplata_Test" tests="1" failures="0" timestamp="03 feb 2021 18:57:22 GMT" time="60.846" errors="0">
  <testcase name="qa_005_dodaj_dnevnik_uplata_test" time="60.846" classname="com.platformX.tests.QA_005_Dodaj_Dnevnik_Uplata_Test"/>
</testsuite> <!-- com.platformX.tests.QA_005_Dodaj_Dnevnik_Uplata_Test -->
