<?xml version="1.0" encoding="UTF-8"?>
<!-- Generated by org.testng.reporters.JUnitReportReporter -->
<testsuite hostname="DESKTOP-KCELP7P" failures="0" tests="1" name="com.platformX.distribution.tests.PX_DIST_005_Verifikacija_Sekcije_Mjerna_Mjesta_Test" time="25.136" errors="0" timestamp="30 avg 2022 14:08:41 GMT" skipped="0">
  <testcase classname="com.platformX.distribution.tests.PX_DIST_005_Verifikacija_Sekcije_Mjerna_Mjesta_Test" name="px_dist_005_verifikacije_sekcije_mjerna_mjesta_test" time="25.136"/>
</testsuite> <!-- com.platformX.distribution.tests.PX_DIST_005_Verifikacija_Sekcije_Mjerna_Mjesta_Test -->
