<?xml version="1.0" encoding="UTF-8"?>
<!-- Generated by org.testng.reporters.JUnitReportReporter -->
<testsuite skipped="0" hostname="LAPTOP-D8GBQRP8" name="com.platformX.tests.QA_019_Dodaj_Pravno_Lice_Test" tests="1" failures="0" timestamp="13 feb 2021 22:11:41 GMT" time="43.242" errors="0">
  <testcase name="qa_019_dodaj_pravno_lice_test" time="43.242" classname="com.platformX.tests.QA_019_Dodaj_Pravno_Lice_Test"/>
</testsuite> <!-- com.platformX.tests.QA_019_Dodaj_Pravno_Lice_Test -->
