<?xml version="1.0" encoding="UTF-8"?>
<!-- Generated by org.testng.reporters.JUnitReportReporter -->
<testsuite skipped="0" hostname="LAPTOP-D8GBQRP8" name="com.qaalpha.tests.QA_0000_Initial_Test" tests="1" failures="0" timestamp="26 Jul 2020 16:29:49 GMT" time="7.638" errors="0">
  <testcase name="qa_0000_initial_test" time="7.638" classname="com.qaalpha.tests.QA_0000_Initial_Test"/>
</testsuite> <!-- com.qaalpha.tests.QA_0000_Initial_Test -->
