<?xml version="1.0" encoding="UTF-8"?>
<!-- Generated by org.testng.reporters.JUnitReportReporter -->
<testsuite hostname="DESKTOP-DCVP31V" failures="0" tests="1" name="com.platformX.tests.PX_075_Neuspjesno_Dodavanje_Poste_Test" time="19.689" errors="0" timestamp="22 Sep 2022 07:19:45 GMT" skipped="0">
  <testcase classname="com.platformX.tests.PX_075_Neuspjesno_Dodavanje_Poste_Test" name="px_075_neuspjesno_dodavanje_poste_test" time="19.689"/>
</testsuite> <!-- com.platformX.tests.PX_075_Neuspjesno_Dodavanje_Poste_Test -->
