<?xml version="1.0" encoding="UTF-8"?>
<!-- Generated by org.testng.reporters.JUnitReportReporter -->
<testsuite skipped="0" hostname="LAPTOP-D8GBQRP8" name="com.platformX.tests.QA_007_Dodaj_Uplatu_Poziv_Na_Broj_Test2" tests="1" failures="0" timestamp="03 feb 2021 19:08:40 GMT" time="96.460" errors="0">
  <testcase name="qa_007_dodaj_uplatu_poziv_na_broj_test2" time="96.460" classname="com.platformX.tests.QA_007_Dodaj_Uplatu_Poziv_Na_Broj_Test2"/>
</testsuite> <!-- com.platformX.tests.QA_007_Dodaj_Uplatu_Poziv_Na_Broj_Test2 -->
