<?xml version="1.0" encoding="UTF-8"?>
<!-- Generated by org.testng.reporters.JUnitReportReporter -->
<testsuite skipped="0" hostname="LAPTOP-D8GBQRP8" name="com.platformX.tests.QA_039_Neuspjesno_Odbacivanje_Ugovora_Test" tests="1" failures="0" timestamp="04 maj 2021 17:30:05 GMT" time="18.365" errors="0">
  <testcase name="qa_039_neuspjesno_odbacivanje_ugovora_test" time="18.365" classname="com.platformX.tests.QA_039_Neuspjesno_Odbacivanje_Ugovora_Test"/>
</testsuite> <!-- com.platformX.tests.QA_039_Neuspjesno_Odbacivanje_Ugovora_Test -->
