<?xml version="1.0" encoding="UTF-8"?>
<!-- Generated by org.testng.reporters.JUnitReportReporter -->
<testsuite skipped="0" hostname="LAPTOP-D8GBQRP8" name="com.platformX.tests.QA_037_Iskljucivanje_Ugovora_Test" tests="1" failures="0" timestamp="26 feb 2021 09:01:14 GMT" time="98.582" errors="0">
  <testcase name="qa_037_iskljucivanje_ugovora_test" time="98.582" classname="com.platformX.tests.QA_037_Iskljucivanje_Ugovora_Test"/>
</testsuite> <!-- com.platformX.tests.QA_037_Iskljucivanje_Ugovora_Test -->
