<?xml version="1.0" encoding="UTF-8"?>
<!-- Generated by org.testng.reporters.JUnitReportReporter -->
<testsuite skipped="0" hostname="LAPTOP-D8GBQRP8" name="com.platformX.api.tests.PXD_001_Authentication_Test" tests="6" failures="0" timestamp="11 mar 2023 20:36:37 GMT" time="3.757" errors="0">
  <testcase name="pxd_authentication_test2" time="0.244" classname="com.platformX.api.tests.PXD_001_Authentication_Test"/>
  <testcase name="pxd_authentication_test1" time="1.957" classname="com.platformX.api.tests.PXD_001_Authentication_Test"/>
  <testcase name="pxd_authentication_test5" time="0.319" classname="com.platformX.api.tests.PXD_001_Authentication_Test"/>
  <testcase name="pxd_authentication_test6" time="0.366" classname="com.platformX.api.tests.PXD_001_Authentication_Test"/>
  <testcase name="pxd_authentication_test3" time="0.481" classname="com.platformX.api.tests.PXD_001_Authentication_Test"/>
  <testcase name="pxd_authentication_test4" time="0.390" classname="com.platformX.api.tests.PXD_001_Authentication_Test"/>
</testsuite> <!-- com.platformX.api.tests.PXD_001_Authentication_Test -->
