<?xml version="1.0" encoding="UTF-8"?>
<!-- Generated by org.testng.reporters.JUnitReportReporter -->
<testsuite skipped="0" hostname="LAPTOP-D8GBQRP8" name="com.platformX.api.tests.PXD_012_BasicCatalogs_PostOffices_Test" tests="10" failures="0" timestamp="08 apr 2024 19:48:27 GMT" time="4.165" errors="0">
  <testcase name="pxd_012_01_get_post_office_test4" time="0.126" classname="com.platformX.api.tests.PXD_012_BasicCatalogs_PostOffices_Test"/>
  <testcase name="pxd_012_01_get_post_office_test2" time="0.621" classname="com.platformX.api.tests.PXD_012_BasicCatalogs_PostOffices_Test"/>
  <testcase name="pxd_012_04_create_post_office_test1" time="1.332" classname="com.platformX.api.tests.PXD_012_BasicCatalogs_PostOffices_Test"/>
  <testcase name="pxd_012_01_get_post_office_test3" time="0.144" classname="com.platformX.api.tests.PXD_012_BasicCatalogs_PostOffices_Test"/>
  <testcase name="pxd_012_03_get_post_office_lookup_test2" time="0.123" classname="com.platformX.api.tests.PXD_012_BasicCatalogs_PostOffices_Test"/>
  <testcase name="pxd_012_06_delete_post_office_test1" time="0.602" classname="com.platformX.api.tests.PXD_012_BasicCatalogs_PostOffices_Test"/>
  <testcase name="pxd_012_01_get_post_office_test1" time="0.196" classname="com.platformX.api.tests.PXD_012_BasicCatalogs_PostOffices_Test"/>
  <testcase name="pxd_012_05_update_post_office_test1" time="0.533" classname="com.platformX.api.tests.PXD_012_BasicCatalogs_PostOffices_Test"/>
  <testcase name="pxd_012_03_get_post_office_lookup_test1" time="0.183" classname="com.platformX.api.tests.PXD_012_BasicCatalogs_PostOffices_Test"/>
  <testcase name="pxd_012_02_post_post_offices_list_test1" time="0.305" classname="com.platformX.api.tests.PXD_012_BasicCatalogs_PostOffices_Test"/>
</testsuite> <!-- com.platformX.api.tests.PXD_012_BasicCatalogs_PostOffices_Test -->
