<?xml version="1.0" encoding="UTF-8"?>
<!-- Generated by org.testng.reporters.JUnitReportReporter -->
<testsuite skipped="0" hostname="LAPTOP-D8GBQRP8" name="com.platformX.tests.QA_011_Dodavanje_Uplate_Test" tests="1" failures="0" timestamp="22 mar 2021 13:42:32 GMT" time="60.033" errors="0">
  <testcase name="qa_011_dodavanje_uplate_test" time="60.033" classname="com.platformX.tests.QA_011_Dodavanje_Uplate_Test"/>
</testsuite> <!-- com.platformX.tests.QA_011_Dodavanje_Uplate_Test -->
