<?xml version="1.0" encoding="UTF-8"?>
<!-- Generated by org.testng.reporters.JUnitReportReporter -->
<testsuite skipped="0" hostname="LAPTOP-D8GBQRP8" name="com.platformX.tests.PX_025_Neuspjesno_Dodavanje_Banke" tests="1" failures="0" timestamp="05 feb 2022 11:02:13 GMT" time="21.612" errors="0">
  <testcase name="px_025_neuspjesno_dodavanje_banke_test" time="21.612" classname="com.platformX.tests.PX_025_Neuspjesno_Dodavanje_Banke"/>
</testsuite> <!-- com.platformX.tests.PX_025_Neuspjesno_Dodavanje_Banke -->
