<?xml version="1.0" encoding="UTF-8"?>
<!-- Generated by org.testng.reporters.JUnitReportReporter -->
<testsuite skipped="0" hostname="LAPTOP-D8GBQRP8" name="com.platformX.distribution.tests.PX_DIST_005_Verifikacija_Mjerna_Mjesta_Test" tests="1" failures="0" timestamp="18 mar 2022 10:28:27 GMT" time="14.488" errors="0">
  <testcase name="px_005_verifikacije_sekcije_mjerna_mjesta_test" time="14.488" classname="com.platformX.distribution.tests.PX_DIST_005_Verifikacija_Mjerna_Mjesta_Test"/>
</testsuite> <!-- com.platformX.distribution.tests.PX_DIST_005_Verifikacija_Mjerna_Mjesta_Test -->
