<?xml version="1.0" encoding="UTF-8"?>
<!-- Generated by org.testng.reporters.JUnitReportReporter -->
<testsuite skipped="0" hostname="LAPTOP-D8GBQRP8" name="com.platformX.distribution.tests.PX_DIST_Dodavanje_Poste_Test" tests="1" failures="0" timestamp="27 sep 2022 18:42:49 GMT" time="27.463" errors="0">
  <testcase name="px_dist_dodavanje_poste_test" time="27.463" classname="com.platformX.distribution.tests.PX_DIST_Dodavanje_Poste_Test"/>
</testsuite> <!-- com.platformX.distribution.tests.PX_DIST_Dodavanje_Poste_Test -->
