<?xml version="1.0" encoding="UTF-8"?>
<!-- Generated by org.testng.reporters.JUnitReportReporter -->
<testsuite skipped="0" hostname="LAPTOP-D8GBQRP8" name="com.platformX.api.tests.PXD_008_BasicCatalogs_Readers_Test" tests="10" failures="0" timestamp="08 apr 2024 19:47:49 GMT" time="3.698" errors="0">
  <testcase name="pxd_008_01_get_reader_test2" time="0.640" classname="com.platformX.api.tests.PXD_008_BasicCatalogs_Readers_Test"/>
  <testcase name="pxd_008_04_create_reader_test1" time="1.019" classname="com.platformX.api.tests.PXD_008_BasicCatalogs_Readers_Test"/>
  <testcase name="pxd_008_03_get_reader_lookup_test1" time="0.347" classname="com.platformX.api.tests.PXD_008_BasicCatalogs_Readers_Test"/>
  <testcase name="pxd_008_05_update_reader_test1" time="0.247" classname="com.platformX.api.tests.PXD_008_BasicCatalogs_Readers_Test"/>
  <testcase name="pxd_008_02_post_readers_list_test1" time="0.318" classname="com.platformX.api.tests.PXD_008_BasicCatalogs_Readers_Test"/>
  <testcase name="pxd_008_03_get_reader_lookup_test2" time="0.258" classname="com.platformX.api.tests.PXD_008_BasicCatalogs_Readers_Test"/>
  <testcase name="pxd_008_01_get_reader_test4" time="0.188" classname="com.platformX.api.tests.PXD_008_BasicCatalogs_Readers_Test"/>
  <testcase name="pxd_008_01_get_reader_test3" time="0.150" classname="com.platformX.api.tests.PXD_008_BasicCatalogs_Readers_Test"/>
  <testcase name="pxd_008_01_get_reader_test1" time="0.282" classname="com.platformX.api.tests.PXD_008_BasicCatalogs_Readers_Test"/>
  <testcase name="pxd_008_06_delete_reader_test1" time="0.249" classname="com.platformX.api.tests.PXD_008_BasicCatalogs_Readers_Test"/>
</testsuite> <!-- com.platformX.api.tests.PXD_008_BasicCatalogs_Readers_Test -->
