<?xml version="1.0" encoding="UTF-8"?>
<!-- Generated by org.testng.reporters.JUnitReportReporter -->
<testsuite skipped="0" hostname="LAPTOP-D8GBQRP8" name="com.platformX.tests.PX_037_Izmjena_Vrste_Zahtjeva_Test" tests="1" failures="0" timestamp="31 jan 2022 17:19:24 GMT" time="22.006" errors="0">
  <testcase name="px_037_izmjena_vrste_zahtjeva_test" time="22.006" classname="com.platformX.tests.PX_037_Izmjena_Vrste_Zahtjeva_Test"/>
</testsuite> <!-- com.platformX.tests.PX_037_Izmjena_Vrste_Zahtjeva_Test -->
