<?xml version="1.0" encoding="UTF-8"?>
<!-- Generated by org.testng.reporters.JUnitReportReporter -->
<testsuite skipped="0" hostname="LAPTOP-D8GBQRP8" name="com.platformX.tests.QA_063_Pretraga_Mjernih_Mjesta_Sa_Pocetne_Stranice_Test" tests="1" failures="0" timestamp="11 avg 2021 10:43:56 GMT" time="11.676" errors="0">
  <testcase name="qa_062_pretraga_pravnih_lica_sa_pocetne_stranice_test" time="11.676" classname="com.platformX.tests.QA_063_Pretraga_Mjernih_Mjesta_Sa_Pocetne_Stranice_Test"/>
</testsuite> <!-- com.platformX.tests.QA_063_Pretraga_Mjernih_Mjesta_Sa_Pocetne_Stranice_Test -->
