<?xml version="1.0" encoding="UTF-8"?>
<!-- Generated by org.testng.reporters.JUnitReportReporter -->
<testsuite skipped="0" hostname="LAPTOP-D8GBQRP8" name="com.platformX.tests.QA_025_Dodavanje_Potpisanog_Ugovora_Test" tests="1" failures="0" timestamp="07 apr 2021 19:17:49 GMT" time="36.191" errors="0">
  <testcase name="qa_025_dodavanje_potpisanog_ugovora_test" time="36.191" classname="com.platformX.tests.QA_025_Dodavanje_Potpisanog_Ugovora_Test"/>
</testsuite> <!-- com.platformX.tests.QA_025_Dodavanje_Potpisanog_Ugovora_Test -->
