<?xml version="1.0" encoding="UTF-8"?>
<!-- Generated by org.testng.reporters.JUnitReportReporter -->
<testsuite skipped="0" hostname="LAPTOP-D8GBQRP8" name="com.platformX.tests.QA_002_Verifikuj_Stranice_Test" tests="1" failures="0" timestamp="15 jan 2021 11:45:54 GMT" time="126.710" errors="0">
  <testcase name="qa_002_verifikuj_stranice_test" time="126.710" classname="com.platformX.tests.QA_002_Verifikuj_Stranice_Test"/>
</testsuite> <!-- com.platformX.tests.QA_002_Verifikuj_Stranice_Test -->
