<?xml version="1.0" encoding="UTF-8"?>
<!-- Generated by org.testng.reporters.JUnitReportReporter -->
<testsuite skipped="0" hostname="LAPTOP-D8GBQRP8" name="com.platformX.tests.PX_072_Neuspjesno_Brisanje_Poste_Test" tests="1" failures="0" timestamp="30 jan 2022 15:33:03 GMT" time="19.126" errors="0">
  <testcase name="px_072_neuspjesno_brisanje_poste_test" time="19.126" classname="com.platformX.tests.PX_072_Neuspjesno_Brisanje_Poste_Test"/>
</testsuite> <!-- com.platformX.tests.PX_072_Neuspjesno_Brisanje_Poste_Test -->
