<?xml version="1.0" encoding="UTF-8"?>
<!-- Generated by org.testng.reporters.JUnitReportReporter -->
<testsuite skipped="0" hostname="LAPTOP-D8GBQRP8" name="com.platformX.tests.QA_054_Brisanje_Vrste_Zahtjeva_Test" tests="1" failures="0" timestamp="05 jul 2021 19:18:16 GMT" time="19.103" errors="0">
  <testcase name="qa_054_brisanje_vrste_zahtjeva_test" time="19.103" classname="com.platformX.tests.QA_054_Brisanje_Vrste_Zahtjeva_Test"/>
</testsuite> <!-- com.platformX.tests.QA_054_Brisanje_Vrste_Zahtjeva_Test -->
