<?xml version="1.0" encoding="UTF-8"?>
<!-- Generated by org.testng.reporters.JUnitReportReporter -->
<testsuite hostname="DESKTOP-DCVP31V" failures="0" tests="1" name="com.platformX.tests.PX_070_Izmjena_Radne_Jedinice_Test" time="21.310" errors="0" timestamp="22 Sep 2022 10:18:35 GMT" skipped="0">
  <testcase classname="com.platformX.tests.PX_070_Izmjena_Radne_Jedinice_Test" name="px_070_izmjena_radne_jedinice_test" time="21.310"/>
</testsuite> <!-- com.platformX.tests.PX_070_Izmjena_Radne_Jedinice_Test -->
