<?xml version="1.0" encoding="UTF-8"?>
<!-- Generated by org.testng.reporters.JUnitReportReporter -->
<testsuite skipped="0" hostname="LAPTOP-D8GBQRP8" name="com.platformX.tests.QA_021_Neuspjesno_Dodavanje_Ugovora_Test3" tests="1" failures="0" timestamp="21 maj 2021 18:45:09 GMT" time="46.963" errors="0">
  <testcase name="qa_021_nesupjesno_dodavanje_ugovora_test3" time="46.963" classname="com.platformX.tests.QA_021_Neuspjesno_Dodavanje_Ugovora_Test3"/>
</testsuite> <!-- com.platformX.tests.QA_021_Neuspjesno_Dodavanje_Ugovora_Test3 -->
