<?xml version="1.0" encoding="UTF-8"?>
<!-- Generated by org.testng.reporters.JUnitReportReporter -->
<testsuite skipped="0" hostname="LAPTOP-D8GBQRP8" name="com.platformX.tests.QA_044_Brisanje_Djelatnosti_Test" tests="1" failures="0" timestamp="22 maj 2021 18:36:27 GMT" time="22.089" errors="0">
  <testcase name="qa_044_brisanje_djelatnosti_test" time="22.089" classname="com.platformX.tests.QA_044_Brisanje_Djelatnosti_Test"/>
</testsuite> <!-- com.platformX.tests.QA_044_Brisanje_Djelatnosti_Test -->
