<?xml version="1.0" encoding="UTF-8"?>
<!-- Generated by org.testng.reporters.JUnitReportReporter -->
<testsuite skipped="0" hostname="LAPTOP-D8GBQRP8" name="com.platformX.api.tests.FirstApiTest" tests="1" failures="0" timestamp="06 dec 2022 19:45:28 GMT" time="1.028" errors="0">
  <testcase name="firstApiTest" time="1.028" classname="com.platformX.api.tests.FirstApiTest"/>
</testsuite> <!-- com.platformX.api.tests.FirstApiTest -->
