<?xml version="1.0" encoding="UTF-8"?>
<!-- Generated by org.testng.reporters.JUnitReportReporter -->
<testsuite skipped="0" hostname="LAPTOP-D8GBQRP8" name="com.platformX.tests.QA_002_Verifikacija_Sekcije_Sifarnici_Test" tests="1" failures="0" timestamp="04 maj 2021 16:33:34 GMT" time="27.248" errors="0">
  <testcase name="qa_002_verifikacije_sekcije_sifarnici_test" time="27.248" classname="com.platformX.tests.QA_002_Verifikacija_Sekcije_Sifarnici_Test"/>
</testsuite> <!-- com.platformX.tests.QA_002_Verifikacija_Sekcije_Sifarnici_Test -->
