<?xml version="1.0" encoding="UTF-8"?>
<!-- Generated by org.testng.reporters.JUnitReportReporter -->
<testsuite skipped="0" hostname="LAPTOP-D8GBQRP8" name="com.platformX.tests.QA_027_Provjera_Validacija_Na_Ugovoru_Test2" tests="1" failures="0" timestamp="28 mar 2021 09:29:57 GMT" time="28.348" errors="0">
  <testcase name="qa_027_provjera_validacija_na_ugovoru_test2" time="28.348" classname="com.platformX.tests.QA_027_Provjera_Validacija_Na_Ugovoru_Test2"/>
</testsuite> <!-- com.platformX.tests.QA_027_Provjera_Validacija_Na_Ugovoru_Test2 -->
