<?xml version="1.0" encoding="UTF-8"?>
<!-- Generated by org.testng.reporters.JUnitReportReporter -->
<testsuite skipped="0" hostname="LAPTOP-D8GBQRP8" name="com.platformX.tests.QA_034_Odbacivanje_Ugovora_Test" tests="1" failures="0" timestamp="06 jun 2021 08:11:50 GMT" time="60.110" errors="0">
  <testcase name="qa_034_odbacivanje_ugovora_test" time="60.110" classname="com.platformX.tests.QA_034_Odbacivanje_Ugovora_Test"/>
</testsuite> <!-- com.platformX.tests.QA_034_Odbacivanje_Ugovora_Test -->
