<?xml version="1.0" encoding="UTF-8"?>
<!-- Generated by org.testng.reporters.JUnitReportReporter -->
<testsuite skipped="0" hostname="LAPTOP-D8GBQRP8" name="com.platformX.tests.QA_006_Verifikacija_Sekcije_Obracun_Test" tests="1" failures="0" timestamp="01 mar 2021 08:11:45 GMT" time="23.547" errors="0">
  <testcase name="qa_006_verifikacija_sekcije_obracun_test" time="23.547" classname="com.platformX.tests.QA_006_Verifikacija_Sekcije_Obracun_Test"/>
</testsuite> <!-- com.platformX.tests.QA_006_Verifikacija_Sekcije_Obracun_Test -->
