<?xml version="1.0" encoding="UTF-8"?>
<!-- Generated by org.testng.reporters.JUnitReportReporter -->
<testsuite skipped="0" hostname="LAPTOP-D8GBQRP8" name="com.platformX.tests.QA_015_Neuspjesno_Dodavanje_Ugovora_Test2" tests="1" failures="0" timestamp="13 feb 2021 20:21:30 GMT" time="45.534" errors="0">
  <testcase name="qa_015_nesupjesno_dodavanje_ugovora_test2" time="45.534" classname="com.platformX.tests.QA_015_Neuspjesno_Dodavanje_Ugovora_Test2"/>
</testsuite> <!-- com.platformX.tests.QA_015_Neuspjesno_Dodavanje_Ugovora_Test2 -->
