<?xml version="1.0" encoding="UTF-8"?>
<!-- Generated by org.testng.reporters.JUnitReportReporter -->
<testsuite skipped="0" hostname="LAPTOP-D8GBQRP8" name="com.platformX.tests.PX_049_Dodavanje_Potpisanog_Ugovora_Test" tests="1" failures="0" timestamp="31 jan 2022 17:27:28 GMT" time="67.002" errors="0">
  <testcase name="px_049_dodavanje_potpisanog_ugovora_test" time="67.002" classname="com.platformX.tests.PX_049_Dodavanje_Potpisanog_Ugovora_Test"/>
</testsuite> <!-- com.platformX.tests.PX_049_Dodavanje_Potpisanog_Ugovora_Test -->
