<?xml version="1.0" encoding="UTF-8"?>
<!-- Generated by org.testng.reporters.JUnitReportReporter -->
<testsuite skipped="0" hostname="LAPTOP-D8GBQRP8" name="com.platformX.tests.PX_054_Odbacivanje_Ugovora_Test" tests="1" failures="0" timestamp="03 feb 2022 15:09:41 GMT" time="72.565" errors="0">
  <testcase name="px_054_odbacivanje_ugovora_test" time="72.565" classname="com.platformX.tests.PX_054_Odbacivanje_Ugovora_Test"/>
</testsuite> <!-- com.platformX.tests.PX_054_Odbacivanje_Ugovora_Test -->
