<?xml version="1.0" encoding="UTF-8"?>
<!-- Generated by org.testng.reporters.JUnitReportReporter -->
<testsuite skipped="0" hostname="LAPTOP-D8GBQRP8" name="com.platformX.distribution.tests.PX_DIST_Izmjena_Poste_Test" tests="1" failures="0" timestamp="18 mar 2022 10:32:12 GMT" time="22.121" errors="0">
  <testcase name="px_dist_izmjena_poste_test" time="22.121" classname="com.platformX.distribution.tests.PX_DIST_Izmjena_Poste_Test"/>
</testsuite> <!-- com.platformX.distribution.tests.PX_DIST_Izmjena_Poste_Test -->
