<?xml version="1.0" encoding="UTF-8"?>
<!-- Generated by org.testng.reporters.JUnitReportReporter -->
<testsuite skipped="0" hostname="LAPTOP-D8GBQRP8" name="com.platformX.tests.QA_021_Neuspjesno_Dodavanje_Ugovora_Test3" tests="1" failures="0" timestamp="04 maj 2021 17:08:42 GMT" time="43.708" errors="0">
  <testcase name="qa_021_nesupjesno_dodavanje_ugovora_test3" time="43.708" classname="com.platformX.tests.QA_021_Neuspjesno_Dodavanje_Ugovora_Test3"/>
</testsuite> <!-- com.platformX.tests.QA_021_Neuspjesno_Dodavanje_Ugovora_Test3 -->
