<?xml version="1.0" encoding="UTF-8"?>
<!-- Generated by org.testng.reporters.JUnitReportReporter -->
<testsuite skipped="0" hostname="LAPTOP-D8GBQRP8" name="com.platformX.tests.PX_063_Izmjena_Operativnog_Podrucja_Test" tests="1" failures="0" timestamp="03 feb 2022 15:11:51 GMT" time="23.300" errors="0">
  <testcase name="px_063_izmjena_operativnog_podrucja_test" time="23.300" classname="com.platformX.tests.PX_063_Izmjena_Operativnog_Podrucja_Test"/>
</testsuite> <!-- com.platformX.tests.PX_063_Izmjena_Operativnog_Podrucja_Test -->
