<?xml version="1.0" encoding="UTF-8"?>
<!-- Generated by org.testng.reporters.JUnitReportReporter -->
<testsuite skipped="0" hostname="LAPTOP-D8GBQRP8" name="com.platformX.tests.PX_024_Brisanje_Banke_Test" tests="1" failures="0" timestamp="24 maj 2023 11:57:19 GMT" time="58.208" errors="0">
  <testcase name="px_024_brisanje_banke_test" time="58.208" classname="com.platformX.tests.PX_024_Brisanje_Banke_Test"/>
</testsuite> <!-- com.platformX.tests.PX_024_Brisanje_Banke_Test -->
