<?xml version="1.0" encoding="UTF-8"?>
<!-- Generated by org.testng.reporters.JUnitReportReporter -->
<testsuite skipped="0" hostname="LAPTOP-D8GBQRP8" name="com.platformX.tests.PX_067_Brisanje_Pravnog_Lica_Test" tests="1" failures="0" timestamp="03 feb 2022 15:16:41 GMT" time="33.172" errors="0">
  <testcase name="px_067_brisanje_pravnog_lica_test" time="33.172" classname="com.platformX.tests.PX_067_Brisanje_Pravnog_Lica_Test"/>
</testsuite> <!-- com.platformX.tests.PX_067_Brisanje_Pravnog_Lica_Test -->
