<?xml version="1.0" encoding="UTF-8"?>
<!-- Generated by org.testng.reporters.JUnitReportReporter -->
<testsuite skipped="0" hostname="LAPTOP-D8GBQRP8" name="com.platformX.tests.QA_014_Neuspjesno_Dodavanje_Ugovora_Test1" tests="1" failures="0" timestamp="14 feb 2021 00:05:40 GMT" time="80.211" errors="0">
  <testcase name="qa_014_neuspjesno_dodavanje_ugovora_test1" time="80.211" classname="com.platformX.tests.QA_014_Neuspjesno_Dodavanje_Ugovora_Test1"/>
</testsuite> <!-- com.platformX.tests.QA_014_Neuspjesno_Dodavanje_Ugovora_Test1 -->
