<?xml version="1.0" encoding="UTF-8"?>
<!-- Generated by org.testng.reporters.JUnitReportReporter -->
<testsuite skipped="0" hostname="LAPTOP-D8GBQRP8" name="com.platformX.tests.QA_006_Dodaj_Uplatu_Test" tests="1" failures="0" timestamp="12 avg 2020 17:16:32 GMT" time="78.868" errors="0">
  <testcase name="qa_006_dodaj_uplatu_test" time="78.868" classname="com.platformX.tests.QA_006_Dodaj_Uplatu_Test"/>
</testsuite> <!-- com.platformX.tests.QA_006_Dodaj_Uplatu_Test -->
