<?xml version="1.0" encoding="UTF-8"?>
<!-- Generated by org.testng.reporters.JUnitReportReporter -->
<testsuite hostname="DESKTOP-DCVP31V" failures="0" tests="1" name="com.platformX.tests.PX_007_Verifikacija_Sekcije_Obracun_Test" time="22.510" errors="0" timestamp="22 Sep 2022 07:33:03 GMT" skipped="0">
  <testcase classname="com.platformX.tests.PX_007_Verifikacija_Sekcije_Obracun_Test" name="px_007_verifikacija_sekcije_obracun_test" time="22.510"/>
</testsuite> <!-- com.platformX.tests.PX_007_Verifikacija_Sekcije_Obracun_Test -->
