<?xml version="1.0" encoding="UTF-8"?>
<!-- Generated by org.testng.reporters.JUnitReportReporter -->
<testsuite skipped="0" hostname="LAPTOP-D8GBQRP8" name="com.platformX.distribution.tests.PX_DIST_003_Verifikacije_Sekcija_Test" tests="1" failures="0" timestamp="15 maj 2024 21:54:54 GMT" time="43.107" errors="0">
  <testcase name="px_dist_003_01_verifikacije_sekcije_sifarnici_test" time="43.107" classname="com.platformX.distribution.tests.PX_DIST_003_Verifikacije_Sekcija_Test"/>
</testsuite> <!-- com.platformX.distribution.tests.PX_DIST_003_Verifikacije_Sekcija_Test -->
