<?xml version="1.0" encoding="UTF-8"?>
<!-- Generated by org.testng.reporters.JUnitReportReporter -->
<testsuite skipped="0" hostname="LAPTOP-D8GBQRP8" name="com.platformX.tests.PX_002_Provjera_Validacija_Na_LogIn_Formi_Test" tests="3" failures="0" timestamp="21 nov 2021 11:44:23 GMT" time="27.007" errors="0">
  <testcase name="px_002_nevalidni_kredencijali_test" time="9.128" classname="com.platformX.tests.PX_002_Provjera_Validacija_Na_LogIn_Formi_Test"/>
  <testcase name="px_002_validna_lozinka_test" time="8.986" classname="com.platformX.tests.PX_002_Provjera_Validacija_Na_LogIn_Formi_Test"/>
  <testcase name="px_002_validno_korisnicko_ime_test" time="8.893" classname="com.platformX.tests.PX_002_Provjera_Validacija_Na_LogIn_Formi_Test"/>
</testsuite> <!-- com.platformX.tests.PX_002_Provjera_Validacija_Na_LogIn_Formi_Test -->
