<?xml version="1.0" encoding="UTF-8"?>
<!-- Generated by org.testng.reporters.JUnitReportReporter -->
<testsuite skipped="0" hostname="LAPTOP-D8GBQRP8" name="com.platformX.tests.PX_064_Brisanje_Operativnog_Podrucja_Test" tests="1" failures="0" timestamp="26 okt 2021 11:34:47 GMT" time="24.847" errors="0">
  <testcase name="px_064_brisanje_operativnog_podrucja_test" time="24.847" classname="com.platformX.tests.PX_064_Brisanje_Operativnog_Podrucja_Test"/>
</testsuite> <!-- com.platformX.tests.PX_064_Brisanje_Operativnog_Podrucja_Test -->
