<?xml version="1.0" encoding="UTF-8"?>
<!-- Generated by org.testng.reporters.JUnitReportReporter -->
<testsuite skipped="0" hostname="LAPTOP-D8GBQRP8" name="com.platformX.distribution.tests.PX_DIST_Neuspjesno_Brisanje_Poste_Test" tests="1" failures="0" timestamp="18 feb 2022 08:59:10 GMT" time="18.965" errors="0">
  <testcase name="px_dist_neuspjesno_brisanje_poste_test" time="18.965" classname="com.platformX.distribution.tests.PX_DIST_Neuspjesno_Brisanje_Poste_Test"/>
</testsuite> <!-- com.platformX.distribution.tests.PX_DIST_Neuspjesno_Brisanje_Poste_Test -->
