<?xml version="1.0" encoding="UTF-8"?>
<!-- Generated by org.testng.reporters.JUnitReportReporter -->
<testsuite skipped="0" hostname="LAPTOP-D8GBQRP8" name="com.platformX.tests.QA_055_Brisanje_Kategorije_Cijene_Test" tests="1" failures="0" timestamp="16 jul 2021 07:10:24 GMT" time="20.773" errors="0">
  <testcase name="qa_055_brisanje_kategorije_cijene_test" time="20.773" classname="com.platformX.tests.QA_055_Brisanje_Kategorije_Cijene_Test"/>
</testsuite> <!-- com.platformX.tests.QA_055_Brisanje_Kategorije_Cijene_Test -->
