<?xml version="1.0" encoding="UTF-8"?>
<!-- Generated by org.testng.reporters.JUnitReportReporter -->
<testsuite skipped="0" hostname="LAPTOP-D8GBQRP8" name="com.platformX.tests.QA_036_Neuspjesno_Ukljucivanje_Ugovora_Test" tests="1" failures="0" timestamp="01 mar 2021 08:11:45 GMT" time="45.271" errors="0">
  <testcase name="qa_036_neuspjesno_ukljucivanje_ugovora_test" time="45.271" classname="com.platformX.tests.QA_036_Neuspjesno_Ukljucivanje_Ugovora_Test"/>
</testsuite> <!-- com.platformX.tests.QA_036_Neuspjesno_Ukljucivanje_Ugovora_Test -->
