<?xml version="1.0" encoding="UTF-8"?>
<!-- Generated by org.testng.reporters.JUnitReportReporter -->
<testsuite skipped="0" hostname="LAPTOP-D8GBQRP8" name="com.platformX.tests.QA_044_Brisanje_Djelatnosti_Test" tests="1" failures="0" timestamp="16 maj 2021 20:23:42 GMT" time="23.063" errors="0">
  <testcase name="qa_044_brisanje_djelatnosti_test" time="23.063" classname="com.platformX.tests.QA_044_Brisanje_Djelatnosti_Test"/>
</testsuite> <!-- com.platformX.tests.QA_044_Brisanje_Djelatnosti_Test -->
