<?xml version="1.0" encoding="UTF-8"?>
<!-- Generated by org.testng.reporters.JUnitReportReporter -->
<testsuite skipped="0" hostname="LAPTOP-D8GBQRP8" name="com.platformX.distribution.tests.PX_DIST_001_LogIn_LogOut_Test" tests="1" failures="0" timestamp="01 apr 2023 21:19:57 GMT" time="17.874" errors="0">
  <testcase name="px_dist_001_logIn_logOut_test" time="17.874" classname="com.platformX.distribution.tests.PX_DIST_001_LogIn_LogOut_Test"/>
</testsuite> <!-- com.platformX.distribution.tests.PX_DIST_001_LogIn_LogOut_Test -->
