<?xml version="1.0" encoding="UTF-8"?>
<!-- Generated by org.testng.reporters.JUnitReportReporter -->
<testsuite skipped="0" hostname="LAPTOP-D8GBQRP8" name="com.platformX.tests.QA_009_Dodavanje_Ziro_Racuna_Test" tests="1" failures="0" timestamp="23 feb 2021 07:05:14 GMT" time="33.968" errors="0">
  <testcase name="qa_009_dodavanje_ziro_racuna_test" time="33.968" classname="com.platformX.tests.QA_009_Dodavanje_Ziro_Racuna_Test"/>
</testsuite> <!-- com.platformX.tests.QA_009_Dodavanje_Ziro_Racuna_Test -->
