<?xml version="1.0" encoding="UTF-8"?>
<!-- Generated by org.testng.reporters.JUnitReportReporter -->
<testsuite hostname="DESKTOP-DCVP31V" failures="0" tests="1" name="com.platformX.tests.PX_069_Dodavanje_Radne_Jedinice_Test" time="17.398" errors="0" timestamp="22 Sep 2022 10:18:03 GMT" skipped="0">
  <testcase classname="com.platformX.tests.PX_069_Dodavanje_Radne_Jedinice_Test" name="px_069_dodavanje_radne_jedinice_test" time="17.398"/>
</testsuite> <!-- com.platformX.tests.PX_069_Dodavanje_Radne_Jedinice_Test -->
