<?xml version="1.0" encoding="UTF-8"?>
<!-- Generated by org.testng.reporters.JUnitReportReporter -->
<testsuite skipped="0" hostname="LAPTOP-D8GBQRP8" name="com.platformX.distribution.tests.PX_DIST_Izmjena_Poste_Test" tests="1" failures="0" timestamp="18 feb 2022 09:12:10 GMT" time="24.046" errors="0">
  <testcase name="px_073_izmjena_poste_test" time="24.046" classname="com.platformX.distribution.tests.PX_DIST_Izmjena_Poste_Test"/>
</testsuite> <!-- com.platformX.distribution.tests.PX_DIST_Izmjena_Poste_Test -->
