<?xml version="1.0" encoding="UTF-8"?>
<!-- Generated by org.testng.reporters.JUnitReportReporter -->
<testsuite skipped="0" hostname="LAPTOP-D8GBQRP8" name="com.platformX.api.tests.PXD_001_Authentication_Test" tests="6" failures="0" timestamp="26 feb 2023 15:27:51 GMT" time="1.964" errors="0">
  <testcase name="pxd_authentication_test3" time="0.216" classname="com.platformX.api.tests.PXD_001_Authentication_Test"/>
  <testcase name="pxd_authentication_test2" time="0.126" classname="com.platformX.api.tests.PXD_001_Authentication_Test"/>
  <testcase name="pxd_authentication_test6" time="0.269" classname="com.platformX.api.tests.PXD_001_Authentication_Test"/>
  <testcase name="pxd_authentication_test4" time="0.259" classname="com.platformX.api.tests.PXD_001_Authentication_Test"/>
  <testcase name="pxd_authentication_test1" time="0.853" classname="com.platformX.api.tests.PXD_001_Authentication_Test"/>
  <testcase name="pxd_authentication_test5" time="0.241" classname="com.platformX.api.tests.PXD_001_Authentication_Test"/>
</testsuite> <!-- com.platformX.api.tests.PXD_001_Authentication_Test -->
