<?xml version="1.0" encoding="UTF-8"?>
<!-- Generated by org.testng.reporters.JUnitReportReporter -->
<testsuite skipped="0" hostname="LAPTOP-D8GBQRP8" name="com.platformX.tests.PX_078_Brisanje_Ulice_Test" tests="1" failures="0" timestamp="08 jan 2022 12:49:46 GMT" time="22.520" errors="0">
  <testcase name="px_078_brisanje_ulice_test" time="22.520" classname="com.platformX.tests.PX_078_Brisanje_Ulice_Test"/>
</testsuite> <!-- com.platformX.tests.PX_078_Brisanje_Ulice_Test -->
