<?xml version="1.0" encoding="UTF-8"?>
<!-- Generated by org.testng.reporters.JUnitReportReporter -->
<testsuite skipped="0" hostname="LAPTOP-D8GBQRP8" name="com.platformX.tests.PX_009_Verifikacija_Sekcije_Pravni_Odnosi_Test" tests="1" failures="0" timestamp="15 feb 2022 17:55:11 GMT" time="31.577" errors="0">
  <testcase name="px_009_verifikacija_sekcije_pravni_odnosi_test" time="31.577" classname="com.platformX.tests.PX_009_Verifikacija_Sekcije_Pravni_Odnosi_Test"/>
</testsuite> <!-- com.platformX.tests.PX_009_Verifikacija_Sekcije_Pravni_Odnosi_Test -->
