<?xml version="1.0" encoding="UTF-8"?>
<!-- Generated by org.testng.reporters.JUnitReportReporter -->
<testsuite skipped="0" hostname="LAPTOP-D8GBQRP8" name="com.platformX.tests.QA_034_Odbacivanje_Ugovora_Test" tests="1" failures="0" timestamp="27 jun 2021 10:49:46 GMT" time="59.395" errors="0">
  <testcase name="qa_034_odbacivanje_ugovora_test" time="59.395" classname="com.platformX.tests.QA_034_Odbacivanje_Ugovora_Test"/>
</testsuite> <!-- com.platformX.tests.QA_034_Odbacivanje_Ugovora_Test -->
