<?xml version="1.0" encoding="UTF-8"?>
<!-- Generated by org.testng.reporters.JUnitReportReporter -->
<testsuite skipped="0" hostname="LAPTOP-D8GBQRP8" name="com.platformX.api.tests.PXD_016_BasicCatalogs_MeterReadingImportTypes_Test" tests="3" failures="0" timestamp="08 apr 2024 20:04:20 GMT" time="1.943" errors="0">
  <testcase name="pxd_015_01_get_basic_catalogs_meter_reading_import_types_test3" time="0.354" classname="com.platformX.api.tests.PXD_016_BasicCatalogs_MeterReadingImportTypes_Test"/>
  <testcase name="pxd_016_01_get_basic_catalogs_meter_reading_import_types_test1" time="0.418" classname="com.platformX.api.tests.PXD_016_BasicCatalogs_MeterReadingImportTypes_Test"/>
  <testcase name="pxd_015_01_get_basic_catalogs_meter_reading_import_types_test2" time="1.171" classname="com.platformX.api.tests.PXD_016_BasicCatalogs_MeterReadingImportTypes_Test"/>
</testsuite> <!-- com.platformX.api.tests.PXD_016_BasicCatalogs_MeterReadingImportTypes_Test -->
