<?xml version="1.0" encoding="UTF-8"?>
<!-- Generated by org.testng.reporters.JUnitReportReporter -->
<testsuite skipped="0" hostname="LAPTOP-D8GBQRP8" name="com.platformX.tests.QA_007_Dodaj_Uplatu_Poziv_Na_Broj_Test2" tests="1" failures="0" timestamp="25 okt 2020 09:07:49 GMT" time="65.633" errors="0">
  <testcase name="qa_06_dodaj_uplatu_poziv_na_broj_test2" time="65.633" classname="com.platformX.tests.QA_007_Dodaj_Uplatu_Poziv_Na_Broj_Test2"/>
</testsuite> <!-- com.platformX.tests.QA_007_Dodaj_Uplatu_Poziv_Na_Broj_Test2 -->
