<?xml version="1.0" encoding="UTF-8"?>
<!-- Generated by org.testng.reporters.JUnitReportReporter -->
<testsuite skipped="0" hostname="LAPTOP-D8GBQRP8" name="com.platformX.tests.QA_001_LogIn_Test" tests="1" failures="0" timestamp="08 sep 2020 18:32:55 GMT" time="22.061" errors="0">
  <testcase name="qa_001_login_test" time="22.061" classname="com.platformX.tests.QA_001_LogIn_Test"/>
</testsuite> <!-- com.platformX.tests.QA_001_LogIn_Test -->
