<?xml version="1.0" encoding="UTF-8"?>
<!-- Generated by org.testng.reporters.JUnitReportReporter -->
<testsuite skipped="0" hostname="LAPTOP-D8GBQRP8" name="com.platformX.distribution.tests.PX_DIST_007_Verifikacija_Sekcije_Brojila_Test" tests="1" failures="0" timestamp="27 sep 2022 19:48:17 GMT" time="27.486" errors="0">
  <testcase name="px_dist_007_verifikacije_sekcije_brojila_test" time="27.486" classname="com.platformX.distribution.tests.PX_DIST_007_Verifikacija_Sekcije_Brojila_Test"/>
</testsuite> <!-- com.platformX.distribution.tests.PX_DIST_007_Verifikacija_Sekcije_Brojila_Test -->
