<?xml version="1.0" encoding="UTF-8"?>
<!-- Generated by org.testng.reporters.JUnitReportReporter -->
<testsuite skipped="0" hostname="LAPTOP-D8GBQRP8" name="com.platformX.tests.QA_057_Brisanje_Ziro_Racuna_Test" tests="1" failures="0" timestamp="27 jul 2021 20:25:49 GMT" time="34.918" errors="0">
  <testcase name="qa_057_brisanje_ziro_racuna_test" time="34.918" classname="com.platformX.tests.QA_057_Brisanje_Ziro_Racuna_Test"/>
</testsuite> <!-- com.platformX.tests.QA_057_Brisanje_Ziro_Racuna_Test -->
