<?xml version="1.0" encoding="UTF-8"?>
<!-- Generated by org.testng.reporters.JUnitReportReporter -->
<testsuite skipped="0" hostname="LAPTOP-D8GBQRP8" name="com.platformX.tests.PX_008_Verifikacija_Sekcije_Finansije_Test" tests="1" failures="0" timestamp="08 apr 2022 06:25:31 GMT" time="28.923" errors="0">
  <testcase name="px_008_verifikacija_sekcije_finansije_test" time="28.923" classname="com.platformX.tests.PX_008_Verifikacija_Sekcije_Finansije_Test"/>
</testsuite> <!-- com.platformX.tests.PX_008_Verifikacija_Sekcije_Finansije_Test -->
