<?xml version="1.0" encoding="UTF-8"?>
<!-- Generated by org.testng.reporters.JUnitReportReporter -->
<testsuite skipped="0" hostname="LAPTOP-D8GBQRP8" name="com.platformX.tests.QA_013_Dodavanje_Radne_Jedinice_Test" tests="1" failures="0" timestamp="28 sep 2021 10:38:47 GMT" time="29.126" errors="0">
  <testcase name="qa_013_dodavanje_radne_jedinice_test" time="29.126" classname="com.platformX.tests.QA_013_Dodavanje_Radne_Jedinice_Test"/>
</testsuite> <!-- com.platformX.tests.QA_013_Dodavanje_Radne_Jedinice_Test -->
