<?xml version="1.0" encoding="UTF-8"?>
<!-- Generated by org.testng.reporters.JUnitReportReporter -->
<testsuite hostname="DESKTOP-DCVP31V" failures="0" tests="1" name="com.platformX.tests.PX_005_Verifikacija_Sekcije_Kupci_Test" time="35.517" errors="0" timestamp="22 Sep 2022 10:04:06 GMT" skipped="0">
  <testcase classname="com.platformX.tests.PX_005_Verifikacija_Sekcije_Kupci_Test" name="px_005_verifikacija_sekcije_kupci_test" time="35.517"/>
</testsuite> <!-- com.platformX.tests.PX_005_Verifikacija_Sekcije_Kupci_Test -->
