<?xml version="1.0" encoding="UTF-8"?>
<!-- Generated by org.testng.reporters.JUnitReportReporter -->
<testsuite skipped="0" hostname="LAPTOP-D8GBQRP8" name="com.platformX.tests.PX_075_Neuspjesno_Dodavanje_Poste_Test" tests="1" failures="0" timestamp="16 nov 2021 08:52:39 GMT" time="20.017" errors="0">
  <testcase name="px_072_dodavanje_poste_test" time="20.017" classname="com.platformX.tests.PX_075_Neuspjesno_Dodavanje_Poste_Test"/>
</testsuite> <!-- com.platformX.tests.PX_075_Neuspjesno_Dodavanje_Poste_Test -->
