<?xml version="1.0" encoding="UTF-8"?>
<!-- Generated by org.testng.reporters.JUnitReportReporter -->
<testsuite skipped="0" hostname="LAPTOP-D8GBQRP8" name="com.platformX.tests.QA_043_Izmjena_Djelatnosti_Test" tests="1" failures="0" timestamp="22 maj 2021 18:35:50 GMT" time="21.908" errors="0">
  <testcase name="qa_043_izmjena_djelatnosti_test" time="21.908" classname="com.platformX.tests.QA_043_Izmjena_Djelatnosti_Test"/>
</testsuite> <!-- com.platformX.tests.QA_043_Izmjena_Djelatnosti_Test -->
