<?xml version="1.0" encoding="UTF-8"?>
<!-- Generated by org.testng.reporters.JUnitReportReporter -->
<testsuite skipped="0" hostname="LAPTOP-D8GBQRP8" name="com.platformX.tests.QA_015_Dodavanje_Uplate_Sa_Kupcem_Test" tests="1" failures="0" timestamp="12 mar 2021 09:24:28 GMT" time="53.184" errors="0">
  <testcase name="qa_015_dodavanje_uplate_sa_kupcem_test" time="53.184" classname="com.platformX.tests.QA_015_Dodavanje_Uplate_Sa_Kupcem_Test"/>
</testsuite> <!-- com.platformX.tests.QA_015_Dodavanje_Uplate_Sa_Kupcem_Test -->
