<?xml version="1.0" encoding="UTF-8"?>
<!-- Generated by org.testng.reporters.JUnitReportReporter -->
<testsuite skipped="0" hostname="LAPTOP-D8GBQRP8" name="com.platformX.tests.QA_003_Dodaj_Dnevnik_Uplata_Test" tests="1" failures="0" timestamp="12 avg 2020 17:53:52 GMT" time="58.500" errors="0">
  <testcase name="qa_003_dodaj_dnevnik_uplata_test" time="58.500" classname="com.platformX.tests.QA_003_Dodaj_Dnevnik_Uplata_Test"/>
</testsuite> <!-- com.platformX.tests.QA_003_Dodaj_Dnevnik_Uplata_Test -->
