<?xml version="1.0" encoding="UTF-8"?>
<!-- Generated by org.testng.reporters.JUnitReportReporter -->
<testsuite skipped="0" hostname="LAPTOP-D8GBQRP8" name="com.platformX.tests.PX_031_Dodavanje_Uplate_Test" tests="1" failures="0" timestamp="16 maj 2022 04:54:47 GMT" time="60.275" errors="0">
  <testcase name="px_031_dodavanje_uplate_test" time="60.275" classname="com.platformX.tests.PX_031_Dodavanje_Uplate_Test"/>
</testsuite> <!-- com.platformX.tests.PX_031_Dodavanje_Uplate_Test -->
