<?xml version="1.0" encoding="UTF-8"?>
<!-- Generated by org.testng.reporters.JUnitReportReporter -->
<testsuite skipped="0" hostname="DESKTOP-V755BNS" name="com.platformX.distribution.tests.PX_DIST_008_Verifikacija_Sekcije_Obracunski_Ugovore_Test" tests="1" failures="0" timestamp="29 Sep 2022 10:54:20 GMT" time="19.728" errors="0">
  <testcase name="px_dist_007_verifikacije_sekcije_obracunski_ugovori_test" time="19.728" classname="com.platformX.distribution.tests.PX_DIST_008_Verifikacija_Sekcije_Obracunski_Ugovore_Test"/>
</testsuite> <!-- com.platformX.distribution.tests.PX_DIST_008_Verifikacija_Sekcije_Obracunski_Ugovore_Test -->
