<?xml version="1.0" encoding="UTF-8"?>
<!-- Generated by org.testng.reporters.JUnitReportReporter -->
<testsuite skipped="0" hostname="LAPTOP-D8GBQRP8" name="com.platformX.tests.QA_008_Dodavanje_Banke_Test" tests="1" failures="0" timestamp="28 mar 2021 09:29:57 GMT" time="20.288" errors="0">
  <testcase name="qa_008_dodavanje_banke_test" time="20.288" classname="com.platformX.tests.QA_008_Dodavanje_Banke_Test"/>
</testsuite> <!-- com.platformX.tests.QA_008_Dodavanje_Banke_Test -->
