<?xml version="1.0" encoding="UTF-8"?>
<!-- Generated by org.testng.reporters.JUnitReportReporter -->
<testsuite skipped="0" hostname="LAPTOP-D8GBQRP8" name="com.platformX.tests.PX_056_Preregistracija_Ugovora_Test" tests="1" failures="0" timestamp="31 jan 2022 17:31:03 GMT" time="43.959" errors="0">
  <testcase name="px_056_preregistracija_ugovora_test" time="43.959" classname="com.platformX.tests.PX_056_Preregistracija_Ugovora_Test"/>
</testsuite> <!-- com.platformX.tests.PX_056_Preregistracija_Ugovora_Test -->
