<?xml version="1.0" encoding="UTF-8"?>
<!-- Generated by org.testng.reporters.JUnitReportReporter -->
<testsuite skipped="0" hostname="LAPTOP-D8GBQRP8" name="com.platformX.tests.QA_001_LogIn_LogOut_Test" tests="1" failures="0" timestamp="25 maj 2021 13:36:18 GMT" time="12.043" errors="0">
  <testcase name="qa_001_logIn_logOut_test" time="12.043" classname="com.platformX.tests.QA_001_LogIn_LogOut_Test"/>
</testsuite> <!-- com.platformX.tests.QA_001_LogIn_LogOut_Test -->
