<?xml version="1.0" encoding="UTF-8"?>
<!-- Generated by org.testng.reporters.JUnitReportReporter -->
<testsuite skipped="0" hostname="LAPTOP-D8GBQRP8" name="com.platformX.distribution.tests.PX_DIST_009_Verifikacija_Sekcije_Ocitanja_Test" tests="1" failures="0" timestamp="13 dec 2022 08:39:03 GMT" time="18.688" errors="0">
  <testcase name="px_dist_009_verifikacija_sekcije_ocitanja_test" time="18.688" classname="com.platformX.distribution.tests.PX_DIST_009_Verifikacija_Sekcije_Ocitanja_Test"/>
</testsuite> <!-- com.platformX.distribution.tests.PX_DIST_009_Verifikacija_Sekcije_Ocitanja_Test -->
