<?xml version="1.0" encoding="UTF-8"?>
<!-- Generated by org.testng.reporters.JUnitReportReporter -->
<testsuite skipped="0" hostname="LAPTOP-D8GBQRP8" name="com.platformX.tests.PX_082_Verifikacija_Sekcije_Kupci_Proizvodjaci_Test" tests="1" failures="0" timestamp="24 maj 2023 12:03:27 GMT" time="17.864" errors="0">
  <testcase name="px_082_verifikacija_sekcije_kupci_proizvodjaci_test" time="17.864" classname="com.platformX.tests.PX_082_Verifikacija_Sekcije_Kupci_Proizvodjaci_Test"/>
</testsuite> <!-- com.platformX.tests.PX_082_Verifikacija_Sekcije_Kupci_Proizvodjaci_Test -->
