<?xml version="1.0" encoding="UTF-8"?>
<!-- Generated by org.testng.reporters.JUnitReportReporter -->
<testsuite skipped="0" hostname="LAPTOP-D8GBQRP8" name="com.platformX.tests.QA_015_Dodavanje_Uplate_Sa_Kupcem_Test" tests="1" failures="0" timestamp="07 apr 2021 18:55:56 GMT" time="55.119" errors="0">
  <testcase name="qa_015_dodavanje_uplate_sa_kupcem_test" time="55.119" classname="com.platformX.tests.QA_015_Dodavanje_Uplate_Sa_Kupcem_Test"/>
</testsuite> <!-- com.platformX.tests.QA_015_Dodavanje_Uplate_Sa_Kupcem_Test -->
