<?xml version="1.0" encoding="UTF-8"?>
<!-- Generated by org.testng.reporters.JUnitReportReporter -->
<testsuite skipped="0" hostname="LAPTOP-D8GBQRP8" name="com.platformX.tests.QA_006_Dodaj_Uplatu_Poziv_Na_Broj_Test1" tests="1" failures="0" timestamp="14 feb 2021 01:09:16 GMT" time="93.827" errors="0">
  <testcase name="qa_006_dodaj_uplatu_poziv_na_broj_test1" time="93.827" classname="com.platformX.tests.QA_006_Dodaj_Uplatu_Poziv_Na_Broj_Test1"/>
</testsuite> <!-- com.platformX.tests.QA_006_Dodaj_Uplatu_Poziv_Na_Broj_Test1 -->
