<?xml version="1.0" encoding="UTF-8"?>
<!-- Generated by org.testng.reporters.JUnitReportReporter -->
<testsuite skipped="0" hostname="LAPTOP-D8GBQRP8" name="com.platformX.tests.PX_009_Verifikacija_Sekcije_Pravni_Odnosi_Test" tests="1" failures="0" timestamp="01 jun 2022 08:12:59 GMT" time="34.487" errors="0">
  <testcase name="px_009_verifikacija_sekcije_pravni_odnosi_test" time="34.487" classname="com.platformX.tests.PX_009_Verifikacija_Sekcije_Pravni_Odnosi_Test"/>
</testsuite> <!-- com.platformX.tests.PX_009_Verifikacija_Sekcije_Pravni_Odnosi_Test -->
