<?xml version="1.0" encoding="UTF-8"?>
<!-- Generated by org.testng.reporters.JUnitReportReporter -->
<testsuite skipped="0" hostname="LAPTOP-D8GBQRP8" name="com.platformX.api.tests.PXD_003_Get_Administration_Message_Positive_Test" tests="1" failures="0" timestamp="30 maj 2023 07:02:25 GMT" time="24.375" errors="0">
  <testcase name="get_administration_message_positive_test" time="24.375" classname="com.platformX.api.tests.PXD_003_Get_Administration_Message_Positive_Test"/>
</testsuite> <!-- com.platformX.api.tests.PXD_003_Get_Administration_Message_Positive_Test -->
