<?xml version="1.0" encoding="UTF-8"?>
<!-- Generated by org.testng.reporters.JUnitReportReporter -->
<testsuite skipped="0" hostname="LAPTOP-D8GBQRP8" name="com.platformX.tests.PX_064_Brisanje_Operativnog_Podrucja_Test" tests="1" failures="0" timestamp="28 sep 2021 11:05:54 GMT" time="20.991" errors="0">
  <testcase name="px_064_brisanje_operativnog_podrucja_test" time="20.991" classname="com.platformX.tests.PX_064_Brisanje_Operativnog_Podrucja_Test"/>
</testsuite> <!-- com.platformX.tests.PX_064_Brisanje_Operativnog_Podrucja_Test -->
