<?xml version="1.0" encoding="UTF-8"?>
<!-- Generated by org.testng.reporters.JUnitReportReporter -->
<testsuite skipped="0" hostname="LAPTOP-D8GBQRP8" name="com.platformX.tests.QA_013_Dodaj_Ugovor_Test" tests="1" failures="0" timestamp="31 dec 2020 10:04:32 GMT" time="48.920" errors="0">
  <testcase name="qa_013_dodaj_ugovor_test" time="48.920" classname="com.platformX.tests.QA_013_Dodaj_Ugovor_Test"/>
</testsuite> <!-- com.platformX.tests.QA_013_Dodaj_Ugovor_Test -->
