<?xml version="1.0" encoding="UTF-8"?>
<!-- Generated by org.testng.reporters.JUnitReportReporter -->
<testsuite skipped="0" hostname="LAPTOP-D8GBQRP8" name="com.platformX.tests.QA_021_Provjera_Validacija_Na_Ugovoru_Test" tests="1" failures="0" timestamp="26 nov 2020 11:22:38 GMT" time="34.516" errors="0">
  <testcase name="qa_021_provjera_validacija_na_ugovoru_test1" time="34.516" classname="com.platformX.tests.QA_021_Provjera_Validacija_Na_Ugovoru_Test"/>
</testsuite> <!-- com.platformX.tests.QA_021_Provjera_Validacija_Na_Ugovoru_Test -->
