<?xml version="1.0" encoding="UTF-8"?>
<!-- Generated by org.testng.reporters.JUnitReportReporter -->
<testsuite skipped="0" hostname="LAPTOP-D8GBQRP8" name="com.platformX.tests.QA_003_Verifikuj_Sekciju_Tarifni_Sistem_Test" tests="1" failures="0" timestamp="17 feb 2021 12:02:56 GMT" time="28.881" errors="0">
  <testcase name="qa_003_verifikuj_sekciju_tarifni_sistem_test" time="28.881" classname="com.platformX.tests.QA_003_Verifikuj_Sekciju_Tarifni_Sistem_Test"/>
</testsuite> <!-- com.platformX.tests.QA_003_Verifikuj_Sekciju_Tarifni_Sistem_Test -->
