<?xml version="1.0" encoding="UTF-8"?>
<!-- Generated by org.testng.reporters.JUnitReportReporter -->
<testsuite skipped="0" hostname="LAPTOP-D8GBQRP8" name="com.platformX.tests.PX_068_Dodavanje_Radne_Jedinice_Test" tests="1" failures="0" timestamp="26 okt 2021 08:55:32 GMT" time="36.864" errors="0">
  <testcase name="px_068_dodavanje_radne_jedinice_test" time="36.864" classname="com.platformX.tests.PX_068_Dodavanje_Radne_Jedinice_Test"/>
</testsuite> <!-- com.platformX.tests.PX_068_Dodavanje_Radne_Jedinice_Test -->
