<?xml version="1.0" encoding="UTF-8"?>
<!-- Generated by org.testng.reporters.JUnitReportReporter -->
<testsuite skipped="0" hostname="LAPTOP-D8GBQRP8" name="scp.test.SCP_003_Dodavanje_Objekta_Test" tests="1" failures="0" timestamp="20 sep 2022 11:35:38 GMT" time="15.779" errors="0">
  <testcase name="scp_003_dodavanje_objekta_test" time="15.779" classname="scp.test.SCP_003_Dodavanje_Objekta_Test"/>
</testsuite> <!-- scp.test.SCP_003_Dodavanje_Objekta_Test -->
