<?xml version="1.0" encoding="UTF-8"?>
<!-- Generated by org.testng.reporters.JUnitReportReporter -->
<testsuite skipped="0" hostname="LAPTOP-D8GBQRP8" name="com.platformX.tests.QA_032_Neuspjesno_Ukljucivanje_Ugovora_Test" tests="1" failures="0" timestamp="07 feb 2021 22:11:43 GMT" time="63.527" errors="0">
  <testcase name="qa_032_neuspjesno_ukljucivanje_ugovora_test" time="63.527" classname="com.platformX.tests.QA_032_Neuspjesno_Ukljucivanje_Ugovora_Test"/>
</testsuite> <!-- com.platformX.tests.QA_032_Neuspjesno_Ukljucivanje_Ugovora_Test -->
