<?xml version="1.0" encoding="UTF-8"?>
<!-- Generated by org.testng.reporters.JUnitReportReporter -->
<testsuite skipped="0" hostname="LAPTOP-D8GBQRP8" name="com.platformX.api.tests.PXD_015_BasicCatalogs_InstallmentPersonLocations_Test" tests="10" failures="0" timestamp="07 jan 2024 16:19:57 GMT" time="90.932" errors="0">
  <testcase name="pxd_015_04_create_installment_persons_location_test1" time="6.718" classname="com.platformX.api.tests.PXD_015_BasicCatalogs_InstallmentPersonLocations_Test"/>
  <testcase name="pxd_015_01_get_installment_person_location_test3" time="6.071" classname="com.platformX.api.tests.PXD_015_BasicCatalogs_InstallmentPersonLocations_Test"/>
  <testcase name="pxd_015_02_post_installment_persons_location_list_test1" time="6.390" classname="com.platformX.api.tests.PXD_015_BasicCatalogs_InstallmentPersonLocations_Test"/>
  <testcase name="pxd_015_01_get_installment_person_location_test1" time="33.406" classname="com.platformX.api.tests.PXD_015_BasicCatalogs_InstallmentPersonLocations_Test"/>
  <testcase name="pxd_015_01_get_installment_person_location_test2" time="6.118" classname="com.platformX.api.tests.PXD_015_BasicCatalogs_InstallmentPersonLocations_Test"/>
  <testcase name="pxd_015_03_get_active_installment_person_location_lookup_test2" time="6.951" classname="com.platformX.api.tests.PXD_015_BasicCatalogs_InstallmentPersonLocations_Test"/>
  <testcase name="pxd_015_06_delete_installment_person_location_test1" time="6.389" classname="com.platformX.api.tests.PXD_015_BasicCatalogs_InstallmentPersonLocations_Test"/>
  <testcase name="pxd_015_01_get_installment_person_location_test4" time="6.234" classname="com.platformX.api.tests.PXD_015_BasicCatalogs_InstallmentPersonLocations_Test"/>
  <testcase name="pxd_015_03_get_active_installment_person_lookup_test1" time="6.344" classname="com.platformX.api.tests.PXD_015_BasicCatalogs_InstallmentPersonLocations_Test"/>
  <testcase name="pxd_015_05_update_installment_person_location_test1" time="6.311" classname="com.platformX.api.tests.PXD_015_BasicCatalogs_InstallmentPersonLocations_Test"/>
</testsuite> <!-- com.platformX.api.tests.PXD_015_BasicCatalogs_InstallmentPersonLocations_Test -->
