<?xml version="1.0" encoding="UTF-8"?>
<!-- Generated by org.testng.reporters.JUnitReportReporter -->
<testsuite skipped="0" hostname="LAPTOP-D8GBQRP8" name="com.platformX.api.tests.PXD_005_BasicCatalogs_FieldUnits_Test" tests="10" failures="0" timestamp="22 jan 2024 14:38:08 GMT" time="2.954" errors="0">
  <testcase name="pxd_005_05_update_field_unit_test" time="0.145" classname="com.platformX.api.tests.PXD_005_BasicCatalogs_FieldUnits_Test"/>
  <testcase name="pxd_005_03_get_field_unit_lookup_test2" time="0.185" classname="com.platformX.api.tests.PXD_005_BasicCatalogs_FieldUnits_Test"/>
  <testcase name="pxd_005_06_delete_field_unit_test" time="0.167" classname="com.platformX.api.tests.PXD_005_BasicCatalogs_FieldUnits_Test"/>
  <testcase name="pxd_005_01_get_field_unit_test3" time="0.584" classname="com.platformX.api.tests.PXD_005_BasicCatalogs_FieldUnits_Test"/>
  <testcase name="pxd_005_04_create_field_unit_test1" time="0.818" classname="com.platformX.api.tests.PXD_005_BasicCatalogs_FieldUnits_Test"/>
  <testcase name="pxd_005_03_get_field_unit_lookup_test1" time="0.239" classname="com.platformX.api.tests.PXD_005_BasicCatalogs_FieldUnits_Test"/>
  <testcase name="pxd_005_01_get_field_unit_test2" time="0.160" classname="com.platformX.api.tests.PXD_005_BasicCatalogs_FieldUnits_Test"/>
  <testcase name="pxd_005_01_get_field_unit_test4" time="0.130" classname="com.platformX.api.tests.PXD_005_BasicCatalogs_FieldUnits_Test"/>
  <testcase name="pxd_005_01_get_field_unit_test1" time="0.242" classname="com.platformX.api.tests.PXD_005_BasicCatalogs_FieldUnits_Test"/>
  <testcase name="pxd_005_02_post_field_units_list_test" time="0.284" classname="com.platformX.api.tests.PXD_005_BasicCatalogs_FieldUnits_Test"/>
</testsuite> <!-- com.platformX.api.tests.PXD_005_BasicCatalogs_FieldUnits_Test -->
