<?xml version="1.0" encoding="UTF-8"?>
<!-- Generated by org.testng.reporters.JUnitReportReporter -->
<testsuite skipped="0" hostname="LAPTOP-D8GBQRP8" name="com.platformX.tests.QA_029_Iskljuci_Ugovor_Test" tests="1" failures="0" timestamp="13 feb 2021 21:02:42 GMT" time="67.144" errors="0">
  <testcase name="qa_029_iskljuci_ugovor_test" time="67.144" classname="com.platformX.tests.QA_029_Iskljuci_Ugovor_Test"/>
</testsuite> <!-- com.platformX.tests.QA_029_Iskljuci_Ugovor_Test -->
