<?xml version="1.0" encoding="UTF-8"?>
<!-- Generated by org.testng.reporters.JUnitReportReporter -->
<testsuite skipped="0" hostname="LAPTOP-D8GBQRP8" name="com.platformX.tests.QA_052_Dodavanje_Vrste_Zahtjeva_Test" tests="1" failures="0" timestamp="02 jul 2021 11:04:09 GMT" time="17.101" errors="0">
  <testcase name="qa_052_dodavanje_tarifne_grupe_test" time="17.101" classname="com.platformX.tests.QA_052_Dodavanje_Vrste_Zahtjeva_Test"/>
</testsuite> <!-- com.platformX.tests.QA_052_Dodavanje_Vrste_Zahtjeva_Test -->
