<?xml version="1.0" encoding="UTF-8"?>
<!-- Generated by org.testng.reporters.JUnitReportReporter -->
<testsuite skipped="0" hostname="LAPTOP-D8GBQRP8" name="com.platformX.tests.PX_028_Brisanje_Ziro_Racuna_Test" tests="1" failures="0" timestamp="18 mar 2022 10:29:39 GMT" time="32.678" errors="0">
  <testcase name="px_028_brisanje_ziro_racuna_test" time="32.678" classname="com.platformX.tests.PX_028_Brisanje_Ziro_Racuna_Test"/>
</testsuite> <!-- com.platformX.tests.PX_028_Brisanje_Ziro_Racuna_Test -->
