<?xml version="1.0" encoding="UTF-8"?>
<!-- Generated by org.testng.reporters.JUnitReportReporter -->
<testsuite skipped="0" hostname="LAPTOP-D8GBQRP8" name="com.platformX.distribution.tests.PX_DIST_Neuspjesno_Dodavanje_Poste_Test" tests="1" failures="0" timestamp="18 apr 2022 08:20:50 GMT" time="21.046" errors="0">
  <testcase name="px_dist_neuspjesno_dodavanje_poste_test" time="21.046" classname="com.platformX.distribution.tests.PX_DIST_Neuspjesno_Dodavanje_Poste_Test"/>
</testsuite> <!-- com.platformX.distribution.tests.PX_DIST_Neuspjesno_Dodavanje_Poste_Test -->
