<?xml version="1.0" encoding="UTF-8"?>
<!-- Generated by org.testng.reporters.JUnitReportReporter -->
<testsuite skipped="0" hostname="LAPTOP-D8GBQRP8" name="com.platformX.tests.QA_059_Izmjena_Umanjenja_Cijene_Test" tests="1" failures="0" timestamp="30 avg 2021 14:00:16 GMT" time="32.443" errors="0">
  <testcase name="qa_059_izmjena_umanjenja_cijene_test" time="32.443" classname="com.platformX.tests.QA_059_Izmjena_Umanjenja_Cijene_Test"/>
</testsuite> <!-- com.platformX.tests.QA_059_Izmjena_Umanjenja_Cijene_Test -->
