<?xml version="1.0" encoding="UTF-8"?>
<!-- Generated by org.testng.reporters.JUnitReportReporter -->
<testsuite skipped="0" hostname="LAPTOP-D8GBQRP8" name="com.platformX.tests.PX_043_Neuspjesno_Dodavanje_Ugovora_Test1" tests="1" failures="0" timestamp="30 jan 2022 16:32:35 GMT" time="80.675" errors="0">
  <testcase name="px_043_neuspjesno_dodavanje_ugovora_test1" time="80.675" classname="com.platformX.tests.PX_043_Neuspjesno_Dodavanje_Ugovora_Test1"/>
</testsuite> <!-- com.platformX.tests.PX_043_Neuspjesno_Dodavanje_Ugovora_Test1 -->
