<?xml version="1.0" encoding="UTF-8"?>
<!-- Generated by org.testng.reporters.JUnitReportReporter -->
<testsuite skipped="0" hostname="LAPTOP-D8GBQRP8" name="com.platformX.distribution.tests.PX_DIST_005_Verifikacija_Sekcije_Mjerna_Mjesta_Test" tests="1" failures="0" timestamp="25 avg 2022 12:21:53 GMT" time="24.237" errors="0">
  <testcase name="px_dist_005_verifikacije_sekcije_mjerna_mjesta_test" time="24.237" classname="com.platformX.distribution.tests.PX_DIST_005_Verifikacija_Sekcije_Mjerna_Mjesta_Test"/>
</testsuite> <!-- com.platformX.distribution.tests.PX_DIST_005_Verifikacija_Sekcije_Mjerna_Mjesta_Test -->
