<?xml version="1.0" encoding="UTF-8"?>
<!-- Generated by org.testng.reporters.JUnitReportReporter -->
<testsuite skipped="0" hostname="LAPTOP-D8GBQRP8" name="com.platformX.tests.QA_005_Verifikacija_Sekcije_Mjerna_Mjesta_Test" tests="1" failures="0" timestamp="01 mar 2021 08:11:45 GMT" time="16.362" errors="0">
  <testcase name="qa_005_verifikacija_sekcije_mjerna_mjesta_test" time="16.362" classname="com.platformX.tests.QA_005_Verifikacija_Sekcije_Mjerna_Mjesta_Test"/>
</testsuite> <!-- com.platformX.tests.QA_005_Verifikacija_Sekcije_Mjerna_Mjesta_Test -->
