<?xml version="1.0" encoding="UTF-8"?>
<!-- Generated by org.testng.reporters.JUnitReportReporter -->
<testsuite hostname="DESKTOP-DCVP31V" failures="0" tests="1" name="com.platformX.distribution.tests.PX_DIST_008_Verifikacija_Sekcije_Ocitanja_Test" time="30.113" errors="0" timestamp="27 Sep 2022 13:19:35 GMT" skipped="0">
  <testcase classname="com.platformX.distribution.tests.PX_DIST_008_Verifikacija_Sekcije_Ocitanja_Test" name="px_dist_008_verifikacija_sekcija_ocitanja_test" time="30.113"/>
</testsuite> <!-- com.platformX.distribution.tests.PX_DIST_008_Verifikacija_Sekcije_Ocitanja_Test -->
