<?xml version="1.0" encoding="UTF-8"?>
<!-- Generated by org.testng.reporters.JUnitReportReporter -->
<testsuite skipped="0" hostname="LAPTOP-D8GBQRP8" name="com.platformX.tests.PX_032_Dodavanje_Uplate_Poziv_Na_Broj_Test1" tests="1" failures="0" timestamp="15 feb 2022 17:39:05 GMT" time="60.854" errors="0">
  <testcase name="px_032_dodavanje_uplate_poziv_na_broj_test1" time="60.854" classname="com.platformX.tests.PX_032_Dodavanje_Uplate_Poziv_Na_Broj_Test1"/>
</testsuite> <!-- com.platformX.tests.PX_032_Dodavanje_Uplate_Poziv_Na_Broj_Test1 -->
