<?xml version="1.0" encoding="UTF-8"?>
<!-- Generated by org.testng.reporters.JUnitReportReporter -->
<testsuite skipped="0" hostname="LAPTOP-D8GBQRP8" name="com.platformX.tests.PX_054_Odbacivanje_Ugovora_Test" tests="1" failures="0" timestamp="26 dec 2021 08:37:49 GMT" time="67.981" errors="0">
  <testcase name="px_054_odbacivanje_ugovora_test" time="67.981" classname="com.platformX.tests.PX_054_Odbacivanje_Ugovora_Test"/>
</testsuite> <!-- com.platformX.tests.PX_054_Odbacivanje_Ugovora_Test -->
