<?xml version="1.0" encoding="UTF-8"?>
<!-- Generated by org.testng.reporters.JUnitReportReporter -->
<testsuite skipped="0" hostname="LAPTOP-D8GBQRP8" name="com.platformX.tests.PX_005_Verifikacija_Sekcije_Kupci_Test" tests="1" failures="0" timestamp="16 nov 2021 08:21:28 GMT" time="41.350" errors="0">
  <testcase name="px_005_verifikacija_sekcije_kupci_test" time="41.350" classname="com.platformX.tests.PX_005_Verifikacija_Sekcije_Kupci_Test"/>
</testsuite> <!-- com.platformX.tests.PX_005_Verifikacija_Sekcije_Kupci_Test -->
