<?xml version="1.0" encoding="UTF-8"?>
<!-- Generated by org.testng.reporters.JUnitReportReporter -->
<testsuite skipped="0" hostname="LAPTOP-D8GBQRP8" name="com.platformX.tests.PX_012_Dodavanje_Umanjenja_Cijene_Test" tests="1" failures="0" timestamp="07 maj 2022 08:18:43 GMT" time="16.385" errors="0">
  <testcase name="px_012_dodavanje_umanjenja_cijene_test" time="16.385" classname="com.platformX.tests.PX_012_Dodavanje_Umanjenja_Cijene_Test"/>
</testsuite> <!-- com.platformX.tests.PX_012_Dodavanje_Umanjenja_Cijene_Test -->
