<?xml version="1.0" encoding="UTF-8"?>
<!-- Generated by org.testng.reporters.JUnitReportReporter -->
<testsuite skipped="0" hostname="LAPTOP-D8GBQRP8" name="com.platformX.tests.PX_068_Neuspjesno_Brisanje_Pravnog_Lica_Test" tests="1" failures="0" timestamp="09 mar 2022 09:17:16 GMT" time="18.823" errors="0">
  <testcase name="px_068_neuspjesno_brisanje_pravnog_lica_test" time="18.823" classname="com.platformX.tests.PX_068_Neuspjesno_Brisanje_Pravnog_Lica_Test"/>
</testsuite> <!-- com.platformX.tests.PX_068_Neuspjesno_Brisanje_Pravnog_Lica_Test -->
