<?xml version="1.0" encoding="UTF-8"?>
<!-- Generated by org.testng.reporters.JUnitReportReporter -->
<testsuite skipped="0" hostname="LAPTOP-D8GBQRP8" name="com.platformX.tests.PX_013_Izmjena_Umanjenja_Cijene_Test" tests="1" failures="0" timestamp="21 nov 2021 10:17:55 GMT" time="30.731" errors="0">
  <testcase name="px_013_izmjena_umanjenja_cijene_test" time="30.731" classname="com.platformX.tests.PX_013_Izmjena_Umanjenja_Cijene_Test"/>
</testsuite> <!-- com.platformX.tests.PX_013_Izmjena_Umanjenja_Cijene_Test -->
