<?xml version="1.0" encoding="UTF-8"?>
<!-- Generated by org.testng.reporters.JUnitReportReporter -->
<testsuite skipped="0" hostname="DESKTOP-V755BNS" name="com.platformX.distribution.tests.PX_DIST_Brisanje_Citaca_Test" tests="1" failures="0" timestamp="26 Oct 2022 13:18:25 GMT" time="19.462" errors="0">
  <testcase name="px_dist_brisanje_citaca_test" time="19.462" classname="com.platformX.distribution.tests.PX_DIST_Brisanje_Citaca_Test"/>
</testsuite> <!-- com.platformX.distribution.tests.PX_DIST_Brisanje_Citaca_Test -->
