<?xml version="1.0" encoding="UTF-8"?>
<!-- Generated by org.testng.reporters.JUnitReportReporter -->
<testsuite hostname="DESKTOP-DCVP31V" failures="0" tests="1" name="com.platformX.distribution.tests.PX_DIST_012_Dodavanje_Ugovora_PxD_Test" time="60.746" errors="0" timestamp="07 Nov 2022 09:39:21 GMT" skipped="0">
  <testcase classname="com.platformX.distribution.tests.PX_DIST_012_Dodavanje_Ugovora_PxD_Test" name="px_dist_012_dodavanje_ugovora_pxd_test" time="60.746"/>
</testsuite> <!-- com.platformX.distribution.tests.PX_DIST_012_Dodavanje_Ugovora_PxD_Test -->
