<?xml version="1.0" encoding="UTF-8"?>
<!-- Generated by org.testng.reporters.JUnitReportReporter -->
<testsuite skipped="0" hostname="LAPTOP-D8GBQRP8" name="com.platformX.tests.QA_005_Verifikacija_Sekcije_Mjerna_Mjesta_Test" tests="1" failures="0" timestamp="31 avg 2021 19:45:47 GMT" time="20.459" errors="0">
  <testcase name="qa_005_verifikacija_sekcije_mjerna_mjesta_test" time="20.459" classname="com.platformX.tests.QA_005_Verifikacija_Sekcije_Mjerna_Mjesta_Test"/>
</testsuite> <!-- com.platformX.tests.QA_005_Verifikacija_Sekcije_Mjerna_Mjesta_Test -->
