<?xml version="1.0" encoding="UTF-8"?>
<!-- Generated by org.testng.reporters.JUnitReportReporter -->
<testsuite skipped="0" hostname="LAPTOP-D8GBQRP8" name="com.platformX.tests.QA_007_Verifikacija_Sekcije_Finansije_Test" tests="1" failures="0" timestamp="09 maj 2021 08:34:32 GMT" time="25.328" errors="0">
  <testcase name="qa_007_verifikacija_sekcije_finansije_test" time="25.328" classname="com.platformX.tests.QA_007_Verifikacija_Sekcije_Finansije_Test"/>
</testsuite> <!-- com.platformX.tests.QA_007_Verifikacija_Sekcije_Finansije_Test -->
