<?xml version="1.0" encoding="UTF-8"?>
<!-- Generated by org.testng.reporters.JUnitReportReporter -->
<testsuite skipped="0" hostname="LAPTOP-D8GBQRP8" name="com.platformX.tests.QA_038_Neuspjesno_Iskljucivanje_Ugovora_Test" tests="1" failures="0" timestamp="04 maj 2021 17:29:27 GMT" time="53.677" errors="0">
  <testcase name="qa_038_neuspjesno_iskljucivanje_ugovora_test" time="53.677" classname="com.platformX.tests.QA_038_Neuspjesno_Iskljucivanje_Ugovora_Test"/>
</testsuite> <!-- com.platformX.tests.QA_038_Neuspjesno_Iskljucivanje_Ugovora_Test -->
