<?xml version="1.0" encoding="UTF-8"?>
<!-- Generated by org.testng.reporters.JUnitReportReporter -->
<testsuite skipped="0" hostname="LAPTOP-D8GBQRP8" name="com.platformX.tests.PX_030_Dodavanje_Dnevnika_Uplata_Test" tests="1" failures="0" timestamp="18 mar 2022 10:31:23 GMT" time="45.568" errors="0">
  <testcase name="px_030_dodavanje_dnevnika_uplata_test" time="45.568" classname="com.platformX.tests.PX_030_Dodavanje_Dnevnika_Uplata_Test"/>
</testsuite> <!-- com.platformX.tests.PX_030_Dodavanje_Dnevnika_Uplata_Test -->
