<?xml version="1.0" encoding="UTF-8"?>
<!-- Generated by org.testng.reporters.JUnitReportReporter -->
<testsuite skipped="0" hostname="LAPTOP-D8GBQRP8" name="com.platformX.tests.QA_060_Brisanje_Umanjenja_Cijene_Test" tests="1" failures="0" timestamp="17 avg 2021 13:45:30 GMT" time="32.049" errors="0">
  <testcase name="qa_060_brisanje_umanjenja_cijene_test" time="32.049" classname="com.platformX.tests.QA_060_Brisanje_Umanjenja_Cijene_Test"/>
</testsuite> <!-- com.platformX.tests.QA_060_Brisanje_Umanjenja_Cijene_Test -->
