<?xml version="1.0" encoding="UTF-8"?>
<!-- Generated by org.testng.reporters.JUnitReportReporter -->
<testsuite skipped="0" hostname="LAPTOP-D8GBQRP8" name="com.platformX.tests.QA_020_Neuspjesno_Dodavanje_Ugovora_Test7" tests="1" failures="0" timestamp="07 feb 2021 19:44:14 GMT" time="56.091" errors="0">
  <testcase name="qa_020_nesupjesno_dodavanje_ugovora_test7" time="56.091" classname="com.platformX.tests.QA_020_Neuspjesno_Dodavanje_Ugovora_Test7"/>
</testsuite> <!-- com.platformX.tests.QA_020_Neuspjesno_Dodavanje_Ugovora_Test7 -->
