<?xml version="1.0" encoding="UTF-8"?>
<!-- Generated by org.testng.reporters.JUnitReportReporter -->
<testsuite skipped="0" hostname="LAPTOP-D8GBQRP8" name="com.platformX.tests.PX_074_Brisanje_Poste_Test" tests="1" failures="0" timestamp="04 apr 2022 06:43:08 GMT" time="27.464" errors="0">
  <testcase name="px_074_brisanje_poste_test" time="27.464" classname="com.platformX.tests.PX_074_Brisanje_Poste_Test"/>
</testsuite> <!-- com.platformX.tests.PX_074_Brisanje_Poste_Test -->
