<?xml version="1.0" encoding="UTF-8"?>
<!-- Generated by org.testng.reporters.JUnitReportReporter -->
<testsuite hostname="DESKTOP-DCVP31V" failures="0" tests="1" name="com.platformX.distribution.tests.PX_DIST_011_Verifikacija_Sekcije_Administracija_Test" time="15.520" errors="0" timestamp="30 Sep 2022 07:01:47 GMT" skipped="0">
  <testcase classname="com.platformX.distribution.tests.PX_DIST_011_Verifikacija_Sekcije_Administracija_Test" name="px_dist_010_verifikacija_sekcija_obracun_test" time="15.520"/>
</testsuite> <!-- com.platformX.distribution.tests.PX_DIST_011_Verifikacija_Sekcije_Administracija_Test -->
