<?xml version="1.0" encoding="UTF-8"?>
<!-- Generated by org.testng.reporters.JUnitReportReporter -->
<testsuite skipped="0" hostname="LAPTOP-D8GBQRP8" name="com.platformX.api.tests.PXD_005_BasicCatalogs_FieldUnits_Test" tests="10" failures="0" timestamp="16 jan 2024 20:02:33 GMT" time="5.090" errors="0">
  <testcase name="pxd_005_01_get_field_unit_test2" time="0.533" classname="com.platformX.api.tests.PXD_005_BasicCatalogs_FieldUnits_Test"/>
  <testcase name="pxd_005_05_update_field_unit_test" time="0.127" classname="com.platformX.api.tests.PXD_005_BasicCatalogs_FieldUnits_Test"/>
  <testcase name="pxd_005_02_post_field_units_list_test" time="0.379" classname="com.platformX.api.tests.PXD_005_BasicCatalogs_FieldUnits_Test"/>
  <testcase name="pxd_005_01_get_field_unit_test4" time="0.727" classname="com.platformX.api.tests.PXD_005_BasicCatalogs_FieldUnits_Test"/>
  <testcase name="pxd_005_06_delete_field_unit_test" time="0.134" classname="com.platformX.api.tests.PXD_005_BasicCatalogs_FieldUnits_Test"/>
  <testcase name="pxd_005_01_get_field_unit_test3" time="0.678" classname="com.platformX.api.tests.PXD_005_BasicCatalogs_FieldUnits_Test"/>
  <testcase name="pxd_005_04_create_field_unit_test" time="1.280" classname="com.platformX.api.tests.PXD_005_BasicCatalogs_FieldUnits_Test"/>
  <testcase name="pxd_005_01_get_field_unit_test1" time="0.908" classname="com.platformX.api.tests.PXD_005_BasicCatalogs_FieldUnits_Test"/>
  <testcase name="pxd_005_03_get_field_unit_lookup_test1" time="0.181" classname="com.platformX.api.tests.PXD_005_BasicCatalogs_FieldUnits_Test"/>
  <testcase name="pxd_005_03_get_field_unit_lookup_test2" time="0.143" classname="com.platformX.api.tests.PXD_005_BasicCatalogs_FieldUnits_Test"/>
</testsuite> <!-- com.platformX.api.tests.PXD_005_BasicCatalogs_FieldUnits_Test -->
