<?xml version="1.0" encoding="UTF-8"?>
<!-- Generated by org.testng.reporters.JUnitReportReporter -->
<testsuite skipped="0" hostname="LAPTOP-D8GBQRP8" name="com.platformX.tests.PX_081_Verifikacija_Sekcije_Nestandardne_Usluge_Test" tests="1" failures="0" timestamp="24 maj 2023 11:49:34 GMT" time="21.352" errors="0">
  <testcase name="px_081_verifikacija_sekcije_nestandardne_usluge_test" time="21.352" classname="com.platformX.tests.PX_081_Verifikacija_Sekcije_Nestandardne_Usluge_Test"/>
</testsuite> <!-- com.platformX.tests.PX_081_Verifikacija_Sekcije_Nestandardne_Usluge_Test -->
