<?xml version="1.0" encoding="UTF-8"?>
<!-- Generated by org.testng.reporters.JUnitReportReporter -->
<testsuite skipped="0" hostname="LAPTOP-D8GBQRP8" name="com.platformX.tests.PX_072_Neuspjesno_Brisanje_Poste_Test" tests="1" failures="0" timestamp="02 feb 2022 18:14:23 GMT" time="21.265" errors="0">
  <testcase name="px_072_neuspjesno_brisanje_poste_test" time="21.265" classname="com.platformX.tests.PX_072_Neuspjesno_Brisanje_Poste_Test"/>
</testsuite> <!-- com.platformX.tests.PX_072_Neuspjesno_Brisanje_Poste_Test -->
