<?xml version="1.0" encoding="UTF-8"?>
<!-- Generated by org.testng.reporters.JUnitReportReporter -->
<testsuite skipped="0" hostname="LAPTOP-D8GBQRP8" name="com.platformX.tests.PX_005_Verifikacija_Sekcije_Kupci_Test" tests="1" failures="0" timestamp="23 feb 2022 09:16:02 GMT" time="39.471" errors="0">
  <testcase name="px_005_verifikacija_sekcije_kupci_test" time="39.471" classname="com.platformX.tests.PX_005_Verifikacija_Sekcije_Kupci_Test"/>
</testsuite> <!-- com.platformX.tests.PX_005_Verifikacija_Sekcije_Kupci_Test -->
