<?xml version="1.0" encoding="UTF-8"?>
<!-- Generated by org.testng.reporters.JUnitReportReporter -->
<testsuite skipped="0" hostname="LAPTOP-D8GBQRP8" name="com.platformX.distribution.tests.PX_DIST_002_Provjera_Validacija_Na_LogIn_Formi_Test" tests="1" failures="0" timestamp="05 feb 2022 11:46:59 GMT" time="10.217" errors="0">
  <testcase name="px_dist_002_nevalidni_kredencijali_test" time="10.217" classname="com.platformX.distribution.tests.PX_DIST_002_Provjera_Validacija_Na_LogIn_Formi_Test"/>
</testsuite> <!-- com.platformX.distribution.tests.PX_DIST_002_Provjera_Validacija_Na_LogIn_Formi_Test -->
