<?xml version="1.0" encoding="UTF-8"?>
<!-- Generated by org.testng.reporters.JUnitReportReporter -->
<testsuite skipped="0" hostname="LAPTOP-D8GBQRP8" name="com.platformX.tests.QA_009_Preknjizi_Dnevnik_Uplata_Test" tests="1" failures="0" timestamp="20 sep 2020 10:46:28 GMT" time="63.243" errors="0">
  <testcase name="qa_007_dodaj_uplatu_sa_kupcem_test" time="63.243" classname="com.platformX.tests.QA_009_Preknjizi_Dnevnik_Uplata_Test"/>
</testsuite> <!-- com.platformX.tests.QA_009_Preknjizi_Dnevnik_Uplata_Test -->
