<?xml version="1.0" encoding="UTF-8"?>
<!-- Generated by org.testng.reporters.JUnitReportReporter -->
<testsuite skipped="0" hostname="LAPTOP-D8GBQRP8" name="com.platformX.tests.QA_014_Neuspjesno_Dodavanje_Ugovora_Test1" tests="1" failures="0" timestamp="12 dec 2020 07:32:57 GMT" time="96.991" errors="0">
  <testcase name="qa_014_neuspjesno_dodavanje_ugovora_test1" time="96.991" classname="com.platformX.tests.QA_014_Neuspjesno_Dodavanje_Ugovora_Test1"/>
</testsuite> <!-- com.platformX.tests.QA_014_Neuspjesno_Dodavanje_Ugovora_Test1 -->
