<?xml version="1.0" encoding="UTF-8"?>
<!-- Generated by org.testng.reporters.JUnitReportReporter -->
<testsuite skipped="0" hostname="LAPTOP-D8GBQRP8" name="com.platformX.api.tests.PXD_002_Get_User_Data_Test" tests="1" failures="0" timestamp="14 feb 2023 11:54:46 GMT" time="0.562" errors="0">
  <testcase name="pxd_get_user_data_test3" time="0.562" classname="com.platformX.api.tests.PXD_002_Get_User_Data_Test"/>
</testsuite> <!-- com.platformX.api.tests.PXD_002_Get_User_Data_Test -->
