<?xml version="1.0" encoding="UTF-8"?>
<!-- Generated by org.testng.reporters.JUnitReportReporter -->
<testsuite skipped="0" hostname="LAPTOP-D8GBQRP8" name="com.platformX.distribution.tests.PX_DIST_Dodavanje_Ulice_Test" tests="1" failures="0" timestamp="09 mar 2022 09:24:08 GMT" time="19.442" errors="0">
  <testcase name="px_dist_dodavanje_ulice_test" time="19.442" classname="com.platformX.distribution.tests.PX_DIST_Dodavanje_Ulice_Test"/>
</testsuite> <!-- com.platformX.distribution.tests.PX_DIST_Dodavanje_Ulice_Test -->
