<?xml version="1.0" encoding="UTF-8"?>
<!-- Generated by org.testng.reporters.JUnitReportReporter -->
<testsuite skipped="0" hostname="LAPTOP-D8GBQRP8" name="com.platformX.tests.QA_039_Neuspjesno_Odbacivanje_Ugovora_Test" tests="1" failures="0" timestamp="24 mar 2021 10:39:06 GMT" time="20.776" errors="0">
  <testcase name="qa_039_neuspjesno_odbacivanje_ugovora_test" time="20.776" classname="com.platformX.tests.QA_039_Neuspjesno_Odbacivanje_Ugovora_Test"/>
</testsuite> <!-- com.platformX.tests.QA_039_Neuspjesno_Odbacivanje_Ugovora_Test -->
