<?xml version="1.0" encoding="UTF-8"?>
<!-- Generated by org.testng.reporters.JUnitReportReporter -->
<testsuite skipped="0" hostname="LAPTOP-D8GBQRP8" name="com.platformX.tests.QA_002_Navigate_To_Dnevnici_Uplata_Test" tests="1" failures="0" timestamp="29 Jul 2020 03:30:47 GMT" time="27.739" errors="0">
  <testcase name="qa_001_login_test" time="27.739" classname="com.platformX.tests.QA_002_Navigate_To_Dnevnici_Uplata_Test"/>
</testsuite> <!-- com.platformX.tests.QA_002_Navigate_To_Dnevnici_Uplata_Test -->
