<?xml version="1.0" encoding="UTF-8"?>
<!-- Generated by org.testng.reporters.JUnitReportReporter -->
<testsuite skipped="0" hostname="LAPTOP-D8GBQRP8" name="com.platformX.tests.PX_067_Brisanje_Pravnog_Lica_Test" tests="1" failures="0" timestamp="03 okt 2021 13:51:48 GMT" time="92.663" errors="0">
  <testcase name="px_067_brisanje_pravnog_lica_test" time="92.663" classname="com.platformX.tests.PX_067_Brisanje_Pravnog_Lica_Test"/>
</testsuite> <!-- com.platformX.tests.PX_067_Brisanje_Pravnog_Lica_Test -->
