<?xml version="1.0" encoding="UTF-8"?>
<!-- Generated by org.testng.reporters.JUnitReportReporter -->
<testsuite hostname="DESKTOP-DCVP31V" failures="0" tests="1" name="com.platformX.tests.PX_040_Izmjena_Tarifne_Grupe_Test" time="21.965" errors="0" timestamp="21 Sep 2022 13:29:23 GMT" skipped="0">
  <testcase classname="com.platformX.tests.PX_040_Izmjena_Tarifne_Grupe_Test" name="px_040_izmjena_tarifne_grupe_test" time="21.965"/>
</testsuite> <!-- com.platformX.tests.PX_040_Izmjena_Tarifne_Grupe_Test -->
