<?xml version="1.0" encoding="UTF-8"?>
<!-- Generated by org.testng.reporters.JUnitReportReporter -->
<testsuite skipped="0" hostname="LAPTOP-D8GBQRP8" name="com.platformX.tests.QA_041_Preregistracija_Ugovora_Test" tests="1" failures="0" timestamp="16 maj 2021 12:52:09 GMT" time="33.097" errors="0">
  <testcase name="qa_041_preregistracija_ugovora_test" time="33.097" classname="com.platformX.tests.QA_041_Preregistracija_Ugovora_Test"/>
</testsuite> <!-- com.platformX.tests.QA_041_Preregistracija_Ugovora_Test -->
