<?xml version="1.0" encoding="UTF-8"?>
<!-- Generated by org.testng.reporters.JUnitReportReporter -->
<testsuite skipped="0" hostname="LAPTOP-D8GBQRP8" name="com.platformX.tests.QA_010_Verifikuj_Stranice_Test" tests="1" failures="0" timestamp="25 okt 2020 08:57:17 GMT" time="15.624" errors="0">
  <testcase name="qa_010_verifikuj_stranice_test" time="15.624" classname="com.platformX.tests.QA_010_Verifikuj_Stranice_Test"/>
</testsuite> <!-- com.platformX.tests.QA_010_Verifikuj_Stranice_Test -->
