<?xml version="1.0" encoding="UTF-8"?>
<!-- Generated by org.testng.reporters.JUnitReportReporter -->
<testsuite hostname="DESKTOP-DCVP31V" failures="0" tests="1" name="com.platformX.distribution.tests.PX_DIST_003_Verifikacija_Sekcije_Sifarnici_Test" time="51.355" errors="0" timestamp="04 Oct 2022 13:03:04 GMT" skipped="0">
  <testcase classname="com.platformX.distribution.tests.PX_DIST_003_Verifikacija_Sekcije_Sifarnici_Test" name="px_dist_003_verifikacije_sekcije_sifarnici_test" time="51.355"/>
</testsuite> <!-- com.platformX.distribution.tests.PX_DIST_003_Verifikacija_Sekcije_Sifarnici_Test -->
