<?xml version="1.0" encoding="UTF-8"?>
<!-- Generated by org.testng.reporters.JUnitReportReporter -->
<testsuite skipped="0" hostname="LAPTOP-D8GBQRP8" name="com.platformX.tests.PX_080_Verifikacija_Sekcija_Administracija_Izvjestaji_Test" tests="1" failures="0" timestamp="17 maj 2022 03:46:52 GMT" time="15.286" errors="0">
  <testcase name="px_080_verifikacija_sekcija_administracija_izvjestaji_test" time="15.286" classname="com.platformX.tests.PX_080_Verifikacija_Sekcija_Administracija_Izvjestaji_Test"/>
</testsuite> <!-- com.platformX.tests.PX_080_Verifikacija_Sekcija_Administracija_Izvjestaji_Test -->
