<?xml version="1.0" encoding="UTF-8"?>
<!-- Generated by org.testng.reporters.JUnitReportReporter -->
<testsuite skipped="0" hostname="LAPTOP-D8GBQRP8" name="scp.test.SCP_002_Dodavanja_Ugovora_Test" tests="1" failures="0" timestamp="08 sep 2022 19:11:23 GMT" time="11.928" errors="0">
  <testcase name="scp_002_dodavanje_ugovora_test" time="11.928" classname="scp.test.SCP_002_Dodavanja_Ugovora_Test"/>
</testsuite> <!-- scp.test.SCP_002_Dodavanja_Ugovora_Test -->
