<?xml version="1.0" encoding="UTF-8"?>
<!-- Generated by org.testng.reporters.JUnitReportReporter -->
<testsuite skipped="0" hostname="DESKTOP-V755BNS" name="com.platformX.tests.PX_038_Brisanje_Vrste_Zahtjeva_Test" tests="1" failures="0" timestamp="25 Oct 2022 13:18:39 GMT" time="20.956" errors="0">
  <testcase name="px_038_brisanje_vrste_zahtjeva_test" time="20.956" classname="com.platformX.tests.PX_038_Brisanje_Vrste_Zahtjeva_Test"/>
</testsuite> <!-- com.platformX.tests.PX_038_Brisanje_Vrste_Zahtjeva_Test -->
