<?xml version="1.0" encoding="UTF-8"?>
<!-- Generated by org.testng.reporters.JUnitReportReporter -->
<testsuite skipped="0" hostname="LAPTOP-D8GBQRP8" name="com.platformX.distribution.tests.PX_DIST_011_Verifikacija_Sekcije_Administracija_Test" tests="1" failures="0" timestamp="10 okt 2022 07:04:25 GMT" time="19.975" errors="0">
  <testcase name="px_dist_011_verifikacija_sekcija_administracija_test" time="19.975" classname="com.platformX.distribution.tests.PX_DIST_011_Verifikacija_Sekcije_Administracija_Test"/>
</testsuite> <!-- com.platformX.distribution.tests.PX_DIST_011_Verifikacija_Sekcije_Administracija_Test -->
