<?xml version="1.0" encoding="UTF-8"?>
<!-- Generated by org.testng.reporters.JUnitReportReporter -->
<testsuite skipped="0" hostname="LAPTOP-D8GBQRP8" name="com.platformX.api.tests.PXD_011_BasicCatalogs_Places_Test" tests="10" failures="0" timestamp="08 apr 2024 19:48:18 GMT" time="3.473" errors="0">
  <testcase name="pxd_011_03_get_place_lookup_test2" time="0.127" classname="com.platformX.api.tests.PXD_011_BasicCatalogs_Places_Test"/>
  <testcase name="pxd_011_05_update_place_test1" time="0.362" classname="com.platformX.api.tests.PXD_011_BasicCatalogs_Places_Test"/>
  <testcase name="pxd_011_03_get_place_lookup_test1" time="0.300" classname="com.platformX.api.tests.PXD_011_BasicCatalogs_Places_Test"/>
  <testcase name="pxd_011_01_get_place_test2" time="0.556" classname="com.platformX.api.tests.PXD_011_BasicCatalogs_Places_Test"/>
  <testcase name="pxd_011_04_create_place_test1" time="0.754" classname="com.platformX.api.tests.PXD_011_BasicCatalogs_Places_Test"/>
  <testcase name="pxd_011_01_get_place_test3" time="0.208" classname="com.platformX.api.tests.PXD_011_BasicCatalogs_Places_Test"/>
  <testcase name="pxd_011_01_get_place_test4" time="0.178" classname="com.platformX.api.tests.PXD_011_BasicCatalogs_Places_Test"/>
  <testcase name="pxd_011_01_get_place_test1" time="0.251" classname="com.platformX.api.tests.PXD_011_BasicCatalogs_Places_Test"/>
  <testcase name="pxd_011_02_post_places_list_test1" time="0.292" classname="com.platformX.api.tests.PXD_011_BasicCatalogs_Places_Test"/>
  <testcase name="pxd_011_06_delete_place_test1" time="0.445" classname="com.platformX.api.tests.PXD_011_BasicCatalogs_Places_Test"/>
</testsuite> <!-- com.platformX.api.tests.PXD_011_BasicCatalogs_Places_Test -->
