<?xml version="1.0" encoding="UTF-8"?>
<!-- Generated by org.testng.reporters.JUnitReportReporter -->
<testsuite skipped="0" hostname="LAPTOP-D8GBQRP8" name="com.platformX.tests.QA_031_Ukljuci_Ugovor_Test" tests="1" failures="0" timestamp="07 feb 2021 22:03:29 GMT" time="52.434" errors="0">
  <testcase name="qa_030_neuspjesno_iskljucivanje_ugovora_test" time="52.434" classname="com.platformX.tests.QA_031_Ukljuci_Ugovor_Test"/>
</testsuite> <!-- com.platformX.tests.QA_031_Ukljuci_Ugovor_Test -->
