<?xml version="1.0" encoding="UTF-8"?>
<!-- Generated by org.testng.reporters.JUnitReportReporter -->
<testsuite skipped="0" hostname="LAPTOP-D8GBQRP8" name="com.platformX.tests.QA_016_Neuspjesno_Dodavanje_Ugovora_Test3" tests="1" failures="0" timestamp="14 feb 2021 00:08:03 GMT" time="67.523" errors="0">
  <testcase name="qa_016_nesupjesno_dodavanje_ugovora_test3" time="67.523" classname="com.platformX.tests.QA_016_Neuspjesno_Dodavanje_Ugovora_Test3"/>
</testsuite> <!-- com.platformX.tests.QA_016_Neuspjesno_Dodavanje_Ugovora_Test3 -->
