<?xml version="1.0" encoding="UTF-8"?>
<!-- Generated by org.testng.reporters.JUnitReportReporter -->
<testsuite skipped="0" hostname="LAPTOP-D8GBQRP8" name="com.platformX.tests.QA_016_Preknjizavanje_Dnevnika_Uplata_Test" tests="1" failures="0" timestamp="21 maj 2021 04:27:09 GMT" time="58.786" errors="0">
  <testcase name="qa_016_preknjizavanje_dnevnika_uplata_test" time="58.786" classname="com.platformX.tests.QA_016_Preknjizavanje_Dnevnika_Uplata_Test"/>
</testsuite> <!-- com.platformX.tests.QA_016_Preknjizavanje_Dnevnika_Uplata_Test -->
