<?xml version="1.0" encoding="UTF-8"?>
<!-- Generated by org.testng.reporters.JUnitReportReporter -->
<testsuite skipped="0" hostname="LAPTOP-D8GBQRP8" name="com.platformX.tests.QA_005_Verifikacija_Sekcije_Mjerna_Mjesta_Test" tests="1" failures="0" timestamp="07 apr 2021 18:41:56 GMT" time="20.420" errors="0">
  <testcase name="qa_005_verifikacija_sekcije_mjerna_mjesta_test" time="20.420" classname="com.platformX.tests.QA_005_Verifikacija_Sekcije_Mjerna_Mjesta_Test"/>
</testsuite> <!-- com.platformX.tests.QA_005_Verifikacija_Sekcije_Mjerna_Mjesta_Test -->
