<?xml version="1.0" encoding="UTF-8"?>
<!-- Generated by org.testng.reporters.JUnitReportReporter -->
<testsuite skipped="0" hostname="LAPTOP-D8GBQRP8" name="com.platformX.tests.QA_025_Dodavanje_Potpisanog_Ugovora_Test" tests="1" failures="0" timestamp="26 feb 2021 08:07:13 GMT" time="49.441" errors="0">
  <testcase name="qa_025_dodavanje_potpisanog_ugovora_test" time="49.441" classname="com.platformX.tests.QA_025_Dodavanje_Potpisanog_Ugovora_Test"/>
</testsuite> <!-- com.platformX.tests.QA_025_Dodavanje_Potpisanog_Ugovora_Test -->
