<?xml version="1.0" encoding="UTF-8"?>
<!-- Generated by org.testng.reporters.JUnitReportReporter -->
<testsuite hostname="DESKTOP-DCVP31V" failures="0" tests="1" name="com.platformX.tests.PX_047_Provjera_Validacija_Na_Ugovoru_Test1" time="17.533" errors="0" timestamp="22 Sep 2022 10:12:35 GMT" skipped="0">
  <testcase classname="com.platformX.tests.PX_047_Provjera_Validacija_Na_Ugovoru_Test1" name="px_047_provjera_validacija_na_ugovoru_test1" time="17.533"/>
</testsuite> <!-- com.platformX.tests.PX_047_Provjera_Validacija_Na_Ugovoru_Test1 -->
