<?xml version="1.0" encoding="UTF-8"?>
<!-- Generated by org.testng.reporters.JUnitReportReporter -->
<testsuite skipped="0" hostname="LAPTOP-D8GBQRP8" name="com.platformX.tests.QA_005_Dodaj_Dnevnik_Uplata_Test" tests="1" failures="0" timestamp="13 feb 2021 20:02:08 GMT" time="43.297" errors="0">
  <testcase name="qa_005_dodaj_dnevnik_uplata_test" time="43.297" classname="com.platformX.tests.QA_005_Dodaj_Dnevnik_Uplata_Test"/>
</testsuite> <!-- com.platformX.tests.QA_005_Dodaj_Dnevnik_Uplata_Test -->
