<?xml version="1.0" encoding="UTF-8"?>
<!-- Generated by org.testng.reporters.JUnitReportReporter -->
<testsuite skipped="0" hostname="LAPTOP-D8GBQRP8" name="com.platformX.tests.QA_056_Izmjena_Ziro_Racuna_Test" tests="1" failures="0" timestamp="16 jul 2021 07:25:00 GMT" time="33.804" errors="0">
  <testcase name="qa_056_izmjena_ziro_racuna_test" time="33.804" classname="com.platformX.tests.QA_056_Izmjena_Ziro_Racuna_Test"/>
</testsuite> <!-- com.platformX.tests.QA_056_Izmjena_Ziro_Racuna_Test -->
