<?xml version="1.0" encoding="UTF-8"?>
<!-- Generated by org.testng.reporters.JUnitReportReporter -->
<testsuite skipped="0" hostname="LAPTOP-D8GBQRP8" name="com.platformX.tests.QA_007_Dodaj_Uplatu_Sa_Kupcem_Test" tests="1" failures="0" timestamp="12 avg 2020 17:15:05 GMT" time="60.392" errors="0">
  <testcase name="qa_007_dodaj_uplatu_sa_kupcem_test" time="60.392" classname="com.platformX.tests.QA_007_Dodaj_Uplatu_Sa_Kupcem_Test"/>
</testsuite> <!-- com.platformX.tests.QA_007_Dodaj_Uplatu_Sa_Kupcem_Test -->
