<?xml version="1.0" encoding="UTF-8"?>
<!-- Generated by org.testng.reporters.JUnitReportReporter -->
<testsuite skipped="0" hostname="LAPTOP-D8GBQRP8" name="com.platformX.tests.QA_060_Brisanje_Umanjenja_Cijene_Test" tests="1" failures="0" timestamp="02 avg 2021 20:07:52 GMT" time="25.311" errors="0">
  <testcase name="qa_059_izmjena_umanjenja_cijene_test" time="25.311" classname="com.platformX.tests.QA_060_Brisanje_Umanjenja_Cijene_Test"/>
</testsuite> <!-- com.platformX.tests.QA_060_Brisanje_Umanjenja_Cijene_Test -->
