<?xml version="1.0" encoding="UTF-8"?>
<!-- Generated by org.testng.reporters.JUnitReportReporter -->
<testsuite hostname="DESKTOP-DCVP31V" failures="0" tests="1" name="com.platformX.tests.PX_072_Neuspjesno_Brisanje_Poste_Test" time="18.855" errors="0" timestamp="22 Sep 2022 07:16:49 GMT" skipped="0">
  <testcase classname="com.platformX.tests.PX_072_Neuspjesno_Brisanje_Poste_Test" name="px_072_neuspjesno_brisanje_poste_test" time="18.855"/>
</testsuite> <!-- com.platformX.tests.PX_072_Neuspjesno_Brisanje_Poste_Test -->
