<?xml version="1.0" encoding="UTF-8"?>
<!-- Generated by org.testng.reporters.JUnitReportReporter -->
<testsuite skipped="0" hostname="LAPTOP-D8GBQRP8" name="com.platformX.tests.QA_033_Neuspjesna_Deaktivacija_Ugovora_Test" tests="1" failures="0" timestamp="01 mar 2021 08:49:52 GMT" time="97.384" errors="0">
  <testcase name="qa_033_neuspjesna_deaktivacija_ugovora_test" time="97.384" classname="com.platformX.tests.QA_033_Neuspjesna_Deaktivacija_Ugovora_Test"/>
</testsuite> <!-- com.platformX.tests.QA_033_Neuspjesna_Deaktivacija_Ugovora_Test -->
