<?xml version="1.0" encoding="UTF-8"?>
<!-- Generated by org.testng.reporters.JUnitReportReporter -->
<testsuite skipped="0" hostname="LAPTOP-D8GBQRP8" name="com.platformX.tests.QA_032_Deaktivacija_Ugovora_Test" tests="1" failures="0" timestamp="09 maj 2021 08:34:32 GMT" time="52.406" errors="0">
  <testcase name="qa_032_deaktivacija_ugovora_test" time="52.406" classname="com.platformX.tests.QA_032_Deaktivacija_Ugovora_Test"/>
</testsuite> <!-- com.platformX.tests.QA_032_Deaktivacija_Ugovora_Test -->
