<?xml version="1.0" encoding="UTF-8"?>
<!-- Generated by org.testng.reporters.JUnitReportReporter -->
<testsuite skipped="0" hostname="LAPTOP-D8GBQRP8" name="com.platformX.tests.QA_059_Izmjena_Umanjenja_Cijene_Test" tests="1" failures="0" timestamp="02 avg 2021 19:58:13 GMT" time="33.775" errors="0">
  <testcase name="qa_059_izmjena_umanjenja_cijene_test" time="33.775" classname="com.platformX.tests.QA_059_Izmjena_Umanjenja_Cijene_Test"/>
</testsuite> <!-- com.platformX.tests.QA_059_Izmjena_Umanjenja_Cijene_Test -->
