<?xml version="1.0" encoding="UTF-8"?>
<!-- Generated by org.testng.reporters.JUnitReportReporter -->
<testsuite skipped="0" hostname="LAPTOP-D8GBQRP8" name="com.platformX.api.tests.PXD_004_BasicCatalogs_Companies_Test" tests="7" failures="1" timestamp="07 jan 2024 22:46:42 GMT" time="3.098" errors="0">
  <testcase name="pxd_004_03_get_company_lookup_test1" time="0.272" classname="com.platformX.api.tests.PXD_004_BasicCatalogs_Companies_Test"/>
  <testcase name="pxd_004_01_get_company_test3" time="0.187" classname="com.platformX.api.tests.PXD_004_BasicCatalogs_Companies_Test"/>
  <testcase name="pxd_004_01_get_company_test1" time="0.275" classname="com.platformX.api.tests.PXD_004_BasicCatalogs_Companies_Test">
    <failure type="java.lang.AssertionError" message="expected [200] but found [404]">
      <![CDATA[java.lang.AssertionError: expected [200] but found [404]
	at org.testng.Assert.fail(Assert.java:93)
	at org.testng.Assert.failNotEquals(Assert.java:512)
	at org.testng.Assert.assertEqualsImpl(Assert.java:134)
	at org.testng.Assert.assertEquals(Assert.java:115)
	at org.testng.Assert.assertEquals(Assert.java:388)
	at org.testng.Assert.assertEquals(Assert.java:398)
	at com.platformX.api.tests.PXD_004_BasicCatalogs_Companies_Test.pxd_004_01_get_company_test1(PXD_004_BasicCatalogs_Companies_Test.java:42)
	at sun.reflect.NativeMethodAccessorImpl.invoke0(Native Method)
	at sun.reflect.NativeMethodAccessorImpl.invoke(Unknown Source)
	at sun.reflect.DelegatingMethodAccessorImpl.invoke(Unknown Source)
	at java.lang.reflect.Method.invoke(Unknown Source)
	at org.testng.internal.MethodInvocationHelper.invokeMethod(MethodInvocationHelper.java:108)
	at org.testng.internal.Invoker.invokeMethod(Invoker.java:661)
	at org.testng.internal.Invoker.invokeTestMethod(Invoker.java:869)
	at org.testng.internal.Invoker.invokeTestMethods(Invoker.java:1193)
	at org.testng.internal.TestMethodWorker.invokeTestMethods(TestMethodWorker.java:126)
	at org.testng.internal.TestMethodWorker.run(TestMethodWorker.java:109)
	at org.testng.TestRunner.privateRun(TestRunner.java:744)
	at org.testng.TestRunner.run(TestRunner.java:602)
	at org.testng.SuiteRunner.runTest(SuiteRunner.java:380)
	at org.testng.SuiteRunner.runSequentially(SuiteRunner.java:375)
	at org.testng.SuiteRunner.privateRun(SuiteRunner.java:340)
	at org.testng.SuiteRunner.run(SuiteRunner.java:289)
	at org.testng.SuiteRunnerWorker.runSuite(SuiteRunnerWorker.java:52)
	at org.testng.SuiteRunnerWorker.run(SuiteRunnerWorker.java:86)
	at org.testng.TestNG.runSuitesSequentially(TestNG.java:1301)
	at org.testng.TestNG.runSuitesLocally(TestNG.java:1226)
	at org.testng.TestNG.runSuites(TestNG.java:1144)
	at org.testng.TestNG.run(TestNG.java:1115)
	at org.testng.remote.AbstractRemoteTestNG.run(AbstractRemoteTestNG.java:115)
	at org.testng.remote.RemoteTestNG.initAndRun(RemoteTestNG.java:251)
	at org.testng.remote.RemoteTestNG.main(RemoteTestNG.java:77)
]]>
    </failure>
  </testcase> <!-- pxd_004_01_get_company_test1 -->
  <testcase name="pxd_004_01_get_company_test2" time="0.148" classname="com.platformX.api.tests.PXD_004_BasicCatalogs_Companies_Test"/>
  <testcase name="pxd_004_02_post_companies_list_test1" time="1.582" classname="com.platformX.api.tests.PXD_004_BasicCatalogs_Companies_Test"/>
  <testcase name="pxd_004_03_get_company_lookup_test2" time="0.278" classname="com.platformX.api.tests.PXD_004_BasicCatalogs_Companies_Test"/>
  <testcase name="pxd_004_01_get_company_test4" time="0.356" classname="com.platformX.api.tests.PXD_004_BasicCatalogs_Companies_Test"/>
</testsuite> <!-- com.platformX.api.tests.PXD_004_BasicCatalogs_Companies_Test -->
