<?xml version="1.0" encoding="UTF-8"?>
<!-- Generated by org.testng.reporters.JUnitReportReporter -->
<testsuite skipped="0" hostname="LAPTOP-D8GBQRP8" name="com.platformX.tests.PX_041_Brisanje_Tarifne_Grupe_Test" tests="1" failures="0" timestamp="21 sep 2021 13:19:06 GMT" time="26.838" errors="0">
  <testcase name="px_041_brisanje_tarifne_grupe_test" time="26.838" classname="com.platformX.tests.PX_041_Brisanje_Tarifne_Grupe_Test"/>
</testsuite> <!-- com.platformX.tests.PX_041_Brisanje_Tarifne_Grupe_Test -->
