<?xml version="1.0" encoding="UTF-8"?>
<!-- Generated by org.testng.reporters.JUnitReportReporter -->
<testsuite skipped="0" hostname="LAPTOP-D8GBQRP8" name="com.platformX.tests.QA_004_Verifikacija_Sekcije_Kupci_Test" tests="1" failures="0" timestamp="29 avg 2021 11:53:40 GMT" time="26.560" errors="0">
  <testcase name="qa_004_verifikacija_sekcije_kupci_test" time="26.560" classname="com.platformX.tests.QA_004_Verifikacija_Sekcije_Kupci_Test"/>
</testsuite> <!-- com.platformX.tests.QA_004_Verifikacija_Sekcije_Kupci_Test -->
