<?xml version="1.0" encoding="UTF-8"?>
<!-- Generated by org.testng.reporters.JUnitReportReporter -->
<testsuite skipped="0" hostname="DESKTOP-V755BNS" name="com.platformX.distribution.tests.PX_DIST_006_Verifikacija_Sekcije_Kupci_Test" tests="1" failures="0" timestamp="22 Sep 2022 12:38:01 GMT" time="13.732" errors="0">
  <testcase name="px_dist_005_verifikacije_sekcije_kupci_test" time="13.732" classname="com.platformX.distribution.tests.PX_DIST_006_Verifikacija_Sekcije_Kupci_Test"/>
</testsuite> <!-- com.platformX.distribution.tests.PX_DIST_006_Verifikacija_Sekcije_Kupci_Test -->
