<?xml version="1.0" encoding="UTF-8"?>
<!-- Generated by org.testng.reporters.JUnitReportReporter -->
<testsuite skipped="0" hostname="LAPTOP-D8GBQRP8" name="com.platformX.distribution.tests.PX_DIST_Dodavanje_Poste_Test" tests="1" failures="0" timestamp="18 feb 2022 08:50:30 GMT" time="17.597" errors="0">
  <testcase name="px_072_dodavanje_poste_test" time="17.597" classname="com.platformX.distribution.tests.PX_DIST_Dodavanje_Poste_Test"/>
</testsuite> <!-- com.platformX.distribution.tests.PX_DIST_Dodavanje_Poste_Test -->
