<?xml version="1.0" encoding="UTF-8"?>
<!-- Generated by org.testng.reporters.JUnitReportReporter -->
<testsuite hostname="DESKTOP-DCVP31V" failures="0" tests="1" name="com.platformX.tests.PX_065_Dodavanje_Pravnog_Lica_Test" time="24.615" errors="0" timestamp="22 Sep 2022 07:09:16 GMT" skipped="0">
  <testcase classname="com.platformX.tests.PX_065_Dodavanje_Pravnog_Lica_Test" name="px_065_dodavanje_pravnog_lica_test" time="24.615"/>
</testsuite> <!-- com.platformX.tests.PX_065_Dodavanje_Pravnog_Lica_Test -->
