<?xml version="1.0" encoding="UTF-8"?>
<!-- Generated by org.testng.reporters.JUnitReportReporter -->
<testsuite skipped="0" hostname="LAPTOP-D8GBQRP8" name="com.platformX.tests.QA_011_Dodavanje_Uplate_Test" tests="1" failures="0" timestamp="04 maj 2021 16:59:22 GMT" time="59.080" errors="0">
  <testcase name="qa_011_dodavanje_uplate_test" time="59.080" classname="com.platformX.tests.QA_011_Dodavanje_Uplate_Test"/>
</testsuite> <!-- com.platformX.tests.QA_011_Dodavanje_Uplate_Test -->
