<?xml version="1.0" encoding="UTF-8"?>
<!-- Generated by org.testng.reporters.JUnitReportReporter -->
<testsuite skipped="0" hostname="LAPTOP-D8GBQRP8" name="com.platformX.tests.QA_002_Verify_Dnevnici_Uplata_Page_Test" tests="1" failures="0" timestamp="29 jul 2020 20:12:16 GMT" time="14.955" errors="0">
  <testcase name="qa_002_verify_dnevnici_uplata_test" time="14.955" classname="com.platformX.tests.QA_002_Verify_Dnevnici_Uplata_Page_Test"/>
</testsuite> <!-- com.platformX.tests.QA_002_Verify_Dnevnici_Uplata_Page_Test -->
