<?xml version="1.0" encoding="UTF-8"?>
<!-- Generated by org.testng.reporters.JUnitReportReporter -->
<testsuite skipped="0" hostname="LAPTOP-D8GBQRP8" name="com.platformX.tests.QA_0000_Initial_Test" tests="1" failures="0" timestamp="29 Jul 2020 02:33:40 GMT" time="12.024" errors="0">
  <testcase name="qa_0000_initial_test" time="12.024" classname="com.platformX.tests.QA_0000_Initial_Test"/>
</testsuite> <!-- com.platformX.tests.QA_0000_Initial_Test -->
