<?xml version="1.0" encoding="UTF-8"?>
<!-- Generated by org.testng.reporters.JUnitReportReporter -->
<testsuite skipped="0" hostname="LAPTOP-D8GBQRP8" name="com.platformX.tests.PX_042_Dodavanje_Ugovora_Test" tests="1" failures="0" timestamp="30 jan 2022 16:26:35 GMT" time="58.524" errors="0">
  <testcase name="px_042_dodavanje_ugovora_test" time="58.524" classname="com.platformX.tests.PX_042_Dodavanje_Ugovora_Test"/>
</testsuite> <!-- com.platformX.tests.PX_042_Dodavanje_Ugovora_Test -->
