<?xml version="1.0" encoding="UTF-8"?>
<!-- Generated by org.testng.reporters.JUnitReportReporter -->
<testsuite skipped="0" hostname="LAPTOP-D8GBQRP8" name="com.platformX.tests.QA_028_Odbaci_Ugovor_Test" tests="1" failures="0" timestamp="13 feb 2021 20:58:56 GMT" time="58.776" errors="0">
  <testcase name="qa_028_odbaci_ugovor_test" time="58.776" classname="com.platformX.tests.QA_028_Odbaci_Ugovor_Test"/>
</testsuite> <!-- com.platformX.tests.QA_028_Odbaci_Ugovor_Test -->
