<?xml version="1.0" encoding="UTF-8"?>
<!-- Generated by org.testng.reporters.JUnitReportReporter -->
<testsuite skipped="0" hostname="LAPTOP-D8GBQRP8" name="com.platformX.tests.QA_051_Izmjena_Kategorije_Cijene_Test" tests="1" failures="0" timestamp="27 jun 2021 11:15:12 GMT" time="17.646" errors="0">
  <testcase name="qa_047_dodavanje_tarifne_grupe_test" time="17.646" classname="com.platformX.tests.QA_051_Izmjena_Kategorije_Cijene_Test"/>
</testsuite> <!-- com.platformX.tests.QA_051_Izmjena_Kategorije_Cijene_Test -->
