<?xml version="1.0" encoding="UTF-8"?>
<!-- Generated by org.testng.reporters.JUnitReportReporter -->
<testsuite skipped="0" hostname="LAPTOP-D8GBQRP8" name="com.platformX.tests.QA_021_Neuspjesno_Dodavanje_Ugovora_Test3" tests="1" failures="0" timestamp="07 apr 2021 19:05:21 GMT" time="41.698" errors="0">
  <testcase name="qa_021_nesupjesno_dodavanje_ugovora_test3" time="41.698" classname="com.platformX.tests.QA_021_Neuspjesno_Dodavanje_Ugovora_Test3"/>
</testsuite> <!-- com.platformX.tests.QA_021_Neuspjesno_Dodavanje_Ugovora_Test3 -->
