<?xml version="1.0" encoding="UTF-8"?>
<!-- Generated by org.testng.reporters.JUnitReportReporter -->
<testsuite skipped="0" hostname="LAPTOP-D8GBQRP8" name="com.platformX.tests.QA_022_Provjera_Validacija_Na_Ugovoru_Test2" tests="1" failures="0" timestamp="14 feb 2021 00:15:06 GMT" time="32.122" errors="0">
  <testcase name="qa_022_provjera_validacija_na_ugovoru_test2" time="32.122" classname="com.platformX.tests.QA_022_Provjera_Validacija_Na_Ugovoru_Test2"/>
</testsuite> <!-- com.platformX.tests.QA_022_Provjera_Validacija_Na_Ugovoru_Test2 -->
