<?xml version="1.0" encoding="UTF-8"?>
<!-- Generated by org.testng.reporters.JUnitReportReporter -->
<testsuite hostname="DESKTOP-9BFN4VL" failures="0" tests="1" name="com.platformX.distribution.tests.PX_DIST_Uredjivanje_Zbirnog_Kontrolnog_Mjernog_Mjesta_Test" time="39.826" errors="0" timestamp="07 Nov 2022 13:13:03 GMT" skipped="0">
  <testcase classname="com.platformX.distribution.tests.PX_DIST_Uredjivanje_Zbirnog_Kontrolnog_Mjernog_Mjesta_Test" name="px_dist_uredjivanje_zbirnog_kontrolnog_mjernog_mjesta_test" time="39.826"/>
</testsuite> <!-- com.platformX.distribution.tests.PX_DIST_Uredjivanje_Zbirnog_Kontrolnog_Mjernog_Mjesta_Test -->
