<?xml version="1.0" encoding="UTF-8"?>
<!-- Generated by org.testng.reporters.JUnitReportReporter -->
<testsuite skipped="0" hostname="LAPTOP-D8GBQRP8" name="com.platformX.tests.PX_038_Brisanje_Vrste_Zahtjeva_Test" tests="1" failures="0" timestamp="31 jan 2022 17:21:35 GMT" time="23.506" errors="0">
  <testcase name="px_038_brisanje_vrste_zahtjeva_test" time="23.506" classname="com.platformX.tests.PX_038_Brisanje_Vrste_Zahtjeva_Test"/>
</testsuite> <!-- com.platformX.tests.PX_038_Brisanje_Vrste_Zahtjeva_Test -->
