<?xml version="1.0" encoding="UTF-8"?>
<!-- Generated by org.testng.reporters.JUnitReportReporter -->
<testsuite skipped="0" hostname="LAPTOP-D8GBQRP8" name="com.platformX.distribution.tests.PX_DIST_Dodavanje_Poste_Test" tests="1" failures="0" timestamp="04 apr 2022 06:43:54 GMT" time="24.664" errors="0">
  <testcase name="px_dist_dodavanje_poste_test" time="24.664" classname="com.platformX.distribution.tests.PX_DIST_Dodavanje_Poste_Test"/>
</testsuite> <!-- com.platformX.distribution.tests.PX_DIST_Dodavanje_Poste_Test -->
