<?xml version="1.0" encoding="UTF-8"?>
<!-- Generated by org.testng.reporters.JUnitReportReporter -->
<testsuite skipped="0" hostname="DESKTOP-V755BNS" name="com.platformX.distribution.tests.PX_DIST_Dodavanje_Zbirnog_Kontrolnog_Mjernog_Mjesta" tests="1" failures="0" timestamp="04 Nov 2022 08:05:06 GMT" time="36.217" errors="0">
  <testcase name="px_dist_dodavanje_zbirnog_kontrolnog_mjernog_mjesta_test" time="36.217" classname="com.platformX.distribution.tests.PX_DIST_Dodavanje_Zbirnog_Kontrolnog_Mjernog_Mjesta"/>
</testsuite> <!-- com.platformX.distribution.tests.PX_DIST_Dodavanje_Zbirnog_Kontrolnog_Mjernog_Mjesta -->
