<?xml version="1.0" encoding="UTF-8"?>
<!-- Generated by org.testng.reporters.JUnitReportReporter -->
<testsuite skipped="0" hostname="DESKTOP-V755BNS" name="com.platformX.tests.PX_066_Izmjena_Pravnog_Lica_Test" tests="1" failures="0" timestamp="12 Oct 2022 10:28:30 GMT" time="30.292" errors="0">
  <testcase name="px_066_izmjena_pravnog_lica_test" time="30.292" classname="com.platformX.tests.PX_066_Izmjena_Pravnog_Lica_Test"/>
</testsuite> <!-- com.platformX.tests.PX_066_Izmjena_Pravnog_Lica_Test -->
