<?xml version="1.0" encoding="UTF-8"?>
<!-- Generated by org.testng.reporters.JUnitReportReporter -->
<testsuite skipped="0" hostname="LAPTOP-D8GBQRP8" name="com.platformX.api.tests.PXD_001_Authentication_Test" tests="9" failures="0" timestamp="18 feb 2024 17:48:44 GMT" time="2.458" errors="0">
  <testcase name="pxd_001_01_authentication_test3" time="0.147" classname="com.platformX.api.tests.PXD_001_Authentication_Test"/>
  <testcase name="pxd_001_01_authentication_test4" time="0.268" classname="com.platformX.api.tests.PXD_001_Authentication_Test"/>
  <testcase name="pxd_001_01_authentication_test5" time="0.099" classname="com.platformX.api.tests.PXD_001_Authentication_Test"/>
  <testcase name="pxd_001_01_authentication_test6" time="0.162" classname="com.platformX.api.tests.PXD_001_Authentication_Test"/>
  <testcase name="pxd_001_01_authentication_test1" time="1.123" classname="com.platformX.api.tests.PXD_001_Authentication_Test"/>
  <testcase name="pxd_001_01_authentication_test2" time="0.132" classname="com.platformX.api.tests.PXD_001_Authentication_Test"/>
  <testcase name="pxd_001_02_get_user_data_test1" time="0.272" classname="com.platformX.api.tests.PXD_001_Authentication_Test"/>
  <testcase name="pxd_001_02_get_user_data_test3" time="0.104" classname="com.platformX.api.tests.PXD_001_Authentication_Test"/>
  <testcase name="pxd_001_02_get_user_data_test2" time="0.151" classname="com.platformX.api.tests.PXD_001_Authentication_Test"/>
</testsuite> <!-- com.platformX.api.tests.PXD_001_Authentication_Test -->
