<?xml version="1.0" encoding="UTF-8"?>
<!-- Generated by org.testng.reporters.JUnitReportReporter -->
<testsuite skipped="0" hostname="LAPTOP-D8GBQRP8" name="com.platformX.api.tests.PXD_002_Get_User_Data_Test" tests="3" failures="0" timestamp="01 apr 2023 21:10:12 GMT" time="1.607" errors="0">
  <testcase name="pxd_get_user_data_test3" time="0.420" classname="com.platformX.api.tests.PXD_002_Get_User_Data_Test"/>
  <testcase name="pxd_get_user_data_test2" time="0.379" classname="com.platformX.api.tests.PXD_002_Get_User_Data_Test"/>
  <testcase name="pxd_get_user_data_test1" time="0.808" classname="com.platformX.api.tests.PXD_002_Get_User_Data_Test"/>
</testsuite> <!-- com.platformX.api.tests.PXD_002_Get_User_Data_Test -->
