<?xml version="1.0" encoding="UTF-8"?>
<!-- Generated by org.testng.reporters.JUnitReportReporter -->
<testsuite skipped="0" hostname="LAPTOP-D8GBQRP8" name="com.platformX.distribution.tests.PX_DIST_Brisanje_Poste_Test" tests="1" failures="0" timestamp="27 sep 2022 17:24:35 GMT" time="21.887" errors="0">
  <testcase name="px_dist_brisanje_poste_test" time="21.887" classname="com.platformX.distribution.tests.PX_DIST_Brisanje_Poste_Test"/>
</testsuite> <!-- com.platformX.distribution.tests.PX_DIST_Brisanje_Poste_Test -->
