<?xml version="1.0" encoding="UTF-8"?>
<!-- Generated by org.testng.reporters.JUnitReportReporter -->
<testsuite skipped="0" hostname="LAPTOP-D8GBQRP8" name="com.platformX.tests.PX_056_Preregistracija_Ugovora_Test" tests="1" failures="0" timestamp="20 okt 2021 11:00:14 GMT" time="38.043" errors="0">
  <testcase name="px_056_preregistracija_ugovora_test" time="38.043" classname="com.platformX.tests.PX_056_Preregistracija_Ugovora_Test"/>
</testsuite> <!-- com.platformX.tests.PX_056_Preregistracija_Ugovora_Test -->
