<?xml version="1.0" encoding="UTF-8"?>
<!-- Generated by org.testng.reporters.JUnitReportReporter -->
<testsuite skipped="0" hostname="LAPTOP-D8GBQRP8" name="com.platformX.tests.QA_003_Verifikacija_Sekcije_Tarifni_Sistem_Test" tests="1" failures="0" timestamp="08 apr 2021 19:33:01 GMT" time="33.535" errors="0">
  <testcase name="qa_003_verifikacije_sekcije_tarifni_sistem_test" time="33.535" classname="com.platformX.tests.QA_003_Verifikacija_Sekcije_Tarifni_Sistem_Test"/>
</testsuite> <!-- com.platformX.tests.QA_003_Verifikacija_Sekcije_Tarifni_Sistem_Test -->
