<?xml version="1.0" encoding="UTF-8"?>
<!-- Generated by org.testng.reporters.JUnitReportReporter -->
<testsuite hostname="DESKTOP-DCVP31V" failures="0" tests="1" name="scp.test.SCP_005_Sekcija_Sifarnici_Test" time="23.407" errors="0" timestamp="15 Jul 2024 11:39:53 GMT" skipped="0">
  <testcase classname="scp.test.SCP_005_Sekcija_Sifarnici_Test" name="scp_005_dodavanje_radni_statusi_test" time="23.407"/>
</testsuite> <!-- scp.test.SCP_005_Sekcija_Sifarnici_Test -->
