<?xml version="1.0" encoding="UTF-8"?>
<!-- Generated by org.testng.reporters.JUnitReportReporter -->
<testsuite skipped="0" hostname="LAPTOP-D8GBQRP8" name="com.platformX.tests.QA_026_Deaktiviraj_Ugovor_Test" tests="1" failures="0" timestamp="13 feb 2021 20:53:37 GMT" time="67.405" errors="0">
  <testcase name="qa_026_deaktiviraj_ugovor_test" time="67.405" classname="com.platformX.tests.QA_026_Deaktiviraj_Ugovor_Test"/>
</testsuite> <!-- com.platformX.tests.QA_026_Deaktiviraj_Ugovor_Test -->
