<?xml version="1.0" encoding="UTF-8"?>
<!-- Generated by org.testng.reporters.JUnitReportReporter -->
<testsuite hostname="DESKTOP-DCVP31V" failures="0" tests="1" name="com.platformX.tests.PX_067_Brisanje_Pravnog_Lica_Test" time="28.518" errors="0" timestamp="22 Sep 2022 07:14:27 GMT" skipped="0">
  <testcase classname="com.platformX.tests.PX_067_Brisanje_Pravnog_Lica_Test" name="px_067_brisanje_pravnog_lica_test" time="28.518"/>
</testsuite> <!-- com.platformX.tests.PX_067_Brisanje_Pravnog_Lica_Test -->
