<?xml version="1.0" encoding="UTF-8"?>
<!-- Generated by org.testng.reporters.JUnitReportReporter -->
<testsuite skipped="0" hostname="LAPTOP-D8GBQRP8" name="com.platformX.tests.QA_049_Brisanje_Tarifne_Grupe_Test" tests="1" failures="0" timestamp="22 maj 2021 19:42:56 GMT" time="24.352" errors="0">
  <testcase name="qa_049_brisanje_tarifne_grupe_test" time="24.352" classname="com.platformX.tests.QA_049_Brisanje_Tarifne_Grupe_Test"/>
</testsuite> <!-- com.platformX.tests.QA_049_Brisanje_Tarifne_Grupe_Test -->
