<?xml version="1.0" encoding="UTF-8"?>
<!-- Generated by org.testng.reporters.JUnitReportReporter -->
<testsuite hostname="DESKTOP-DCVP31V" failures="0" tests="1" name="com.platformX.tests.PX_076_Dodavanje_Ulice_Test" time="18.022" errors="0" timestamp="22 Sep 2022 07:20:30 GMT" skipped="0">
  <testcase classname="com.platformX.tests.PX_076_Dodavanje_Ulice_Test" name="px_076_dodavanje_ulice_test" time="18.022"/>
</testsuite> <!-- com.platformX.tests.PX_076_Dodavanje_Ulice_Test -->
