<?xml version="1.0" encoding="UTF-8"?>
<!-- Generated by org.testng.reporters.JUnitReportReporter -->
<testsuite skipped="0" hostname="DESKTOP-V755BNS" name="com.platformX.distribution.tests.PX_DIST_Uredjivanje_Obracunskog_Ugovora_PxD_Test" tests="1" failures="0" timestamp="04 Nov 2022 08:06:19 GMT" time="66.657" errors="0">
  <testcase name="px_dist_uredjivanje_obracunskog_ugovora_pxd_test" time="66.657" classname="com.platformX.distribution.tests.PX_DIST_Uredjivanje_Obracunskog_Ugovora_PxD_Test"/>
</testsuite> <!-- com.platformX.distribution.tests.PX_DIST_Uredjivanje_Obracunskog_Ugovora_PxD_Test -->
