<?xml version="1.0" encoding="UTF-8"?>
<!-- Generated by org.testng.reporters.JUnitReportReporter -->
<testsuite skipped="0" hostname="LAPTOP-D8GBQRP8" name="com.platformX.tests.QA_022_Provjera_Validacija_Na_Ugovoru_Test2" tests="1" failures="0" timestamp="12 dec 2020 07:32:57 GMT" time="41.577" errors="0">
  <testcase name="qa_021_provjera_validacija_na_ugovoru_test1" time="41.577" classname="com.platformX.tests.QA_022_Provjera_Validacija_Na_Ugovoru_Test2"/>
</testsuite> <!-- com.platformX.tests.QA_022_Provjera_Validacija_Na_Ugovoru_Test2 -->
