<?xml version="1.0" encoding="UTF-8"?>
<!-- Generated by org.testng.reporters.JUnitReportReporter -->
<testsuite hostname="DESKTOP-DCVP31V" failures="0" tests="1" name="com.platformX.distribution.tests.PX_DIST_Dodavanje_Elektroenergetske_Saglasnosti_Test" time="42.004" errors="0" timestamp="10 Nov 2022 11:13:17 GMT" skipped="0">
  <testcase classname="com.platformX.distribution.tests.PX_DIST_Dodavanje_Elektroenergetske_Saglasnosti_Test" name="px_dist_dodavanje_elektroenergetske_saglasnosti_test" time="42.004"/>
</testsuite> <!-- com.platformX.distribution.tests.PX_DIST_Dodavanje_Elektroenergetske_Saglasnosti_Test -->
