<?xml version="1.0" encoding="UTF-8"?>
<!-- Generated by org.testng.reporters.JUnitReportReporter -->
<testsuite skipped="0" hostname="LAPTOP-D8GBQRP8" name="com.platformX.tests.QA_016_Preknjizavanje_Dnevnika_Uplata_Test" tests="1" failures="0" timestamp="23 feb 2021 07:24:35 GMT" time="59.390" errors="0">
  <testcase name="qa_016_preknjizavanje_dnevnika_uplata_test" time="59.390" classname="com.platformX.tests.QA_016_Preknjizavanje_Dnevnika_Uplata_Test"/>
</testsuite> <!-- com.platformX.tests.QA_016_Preknjizavanje_Dnevnika_Uplata_Test -->
