<?xml version="1.0" encoding="UTF-8"?>
<!-- Generated by org.testng.reporters.JUnitReportReporter -->
<testsuite hostname="DESKTOP-KCELP7P" failures="0" tests="1" name="com.platformX.distribution.tests.PX_DIST_012_Dodavanje_Terenske_Jedinice_Test" time="17.110" errors="0" timestamp="11 okt 2022 10:42:51 GMT" skipped="0">
  <testcase classname="com.platformX.distribution.tests.PX_DIST_012_Dodavanje_Terenske_Jedinice_Test" name="px_dist_012_dodavanje_terenske_jedinice_test" time="17.110"/>
</testsuite> <!-- com.platformX.distribution.tests.PX_DIST_012_Dodavanje_Terenske_Jedinice_Test -->
