<?xml version="1.0" encoding="UTF-8"?>
<!-- Generated by org.testng.reporters.JUnitReportReporter -->
<testsuite skipped="0" hostname="LAPTOP-D8GBQRP8" name="com.platformX.tests.PX_007_Verifikacija_Sekcije_Obracun_Test" tests="1" failures="0" timestamp="03 feb 2022 14:43:32 GMT" time="31.205" errors="0">
  <testcase name="px_007_verifikacija_sekcije_obracun_test" time="31.205" classname="com.platformX.tests.PX_007_Verifikacija_Sekcije_Obracun_Test"/>
</testsuite> <!-- com.platformX.tests.PX_007_Verifikacija_Sekcije_Obracun_Test -->
