<?xml version="1.0" encoding="UTF-8"?>
<!-- Generated by org.testng.reporters.JUnitReportReporter -->
<testsuite skipped="0" hostname="LAPTOP-D8GBQRP8" name="com.platformX.tests.PX_046_Neuspjesno_Dodavanje_Ugovora_Test4" tests="1" failures="0" timestamp="30 jan 2022 16:11:26 GMT" time="55.372" errors="0">
  <testcase name="px_046_nesupjesno_dodavanje_ugovora_test4" time="55.372" classname="com.platformX.tests.PX_046_Neuspjesno_Dodavanje_Ugovora_Test4"/>
</testsuite> <!-- com.platformX.tests.PX_046_Neuspjesno_Dodavanje_Ugovora_Test4 -->
