<?xml version="1.0" encoding="UTF-8"?>
<!-- Generated by org.testng.reporters.JUnitReportReporter -->
<testsuite skipped="0" hostname="LAPTOP-D8GBQRP8" name="com.platformX.tests.PX_005_Radne_Jedinice_CRUD_Test" tests="2" failures="0" timestamp="12 jun 2023 19:35:38 GMT" time="84.238" errors="0">
  <testcase name="px_005_2_uredjivanje_radne_jedinice_test" time="60.167" classname="com.platformX.tests.PX_005_Radne_Jedinice_CRUD_Test"/>
  <testcase name="px_005_1_dodavanje_radne_jedinice_test" time="24.071" classname="com.platformX.tests.PX_005_Radne_Jedinice_CRUD_Test"/>
</testsuite> <!-- com.platformX.tests.PX_005_Radne_Jedinice_CRUD_Test -->
