<?xml version="1.0" encoding="UTF-8"?>
<!-- Generated by org.testng.reporters.JUnitReportReporter -->
<testsuite skipped="0" hostname="LAPTOP-D8GBQRP8" name="com.platformX.tests.PX_024_Brisanje_Banke_Test" tests="1" failures="0" timestamp="05 feb 2022 11:01:48 GMT" time="30.168" errors="0">
  <testcase name="px_024_brisanje_banke_test" time="30.168" classname="com.platformX.tests.PX_024_Brisanje_Banke_Test"/>
</testsuite> <!-- com.platformX.tests.PX_024_Brisanje_Banke_Test -->
