<?xml version="1.0" encoding="UTF-8"?>
<!-- Generated by org.testng.reporters.JUnitReportReporter -->
<testsuite skipped="0" hostname="LAPTOP-D8GBQRP8" name="com.platformX.tests.PX_036_Dodavanje_Vrste_Zahtjeva_Test" tests="1" failures="0" timestamp="28 sep 2021 11:55:30 GMT" time="14.064" errors="0">
  <testcase name="px_036_dodavanje_vrste_zahtjeva_test" time="14.064" classname="com.platformX.tests.PX_036_Dodavanje_Vrste_Zahtjeva_Test"/>
</testsuite> <!-- com.platformX.tests.PX_036_Dodavanje_Vrste_Zahtjeva_Test -->
