<?xml version="1.0" encoding="UTF-8"?>
<!-- Generated by org.testng.reporters.JUnitReportReporter -->
<testsuite skipped="0" hostname="LAPTOP-D8GBQRP8" name="com.platformX.tests.QA_002_Verifikuj_Sekciju_Sifarnici_Test" tests="1" failures="0" timestamp="17 feb 2021 11:57:55 GMT" time="45.044" errors="0">
  <testcase name="qa_002_verifikuj_sekciju_sifarnici_test" time="45.044" classname="com.platformX.tests.QA_002_Verifikuj_Sekciju_Sifarnici_Test"/>
</testsuite> <!-- com.platformX.tests.QA_002_Verifikuj_Sekciju_Sifarnici_Test -->
