<?xml version="1.0" encoding="UTF-8"?>
<!-- Generated by org.testng.reporters.JUnitReportReporter -->
<testsuite skipped="0" hostname="LAPTOP-D8GBQRP8" name="com.platformX.tests.QA_035_Ukljucivanje_Ugovora_Test" tests="1" failures="0" timestamp="07 apr 2021 19:40:33 GMT" time="52.043" errors="0">
  <testcase name="qa_035_ukljucivanje_ugovora_test" time="52.043" classname="com.platformX.tests.QA_035_Ukljucivanje_Ugovora_Test"/>
</testsuite> <!-- com.platformX.tests.QA_035_Ukljucivanje_Ugovora_Test -->
