<?xml version="1.0" encoding="UTF-8"?>
<!-- Generated by org.testng.reporters.JUnitReportReporter -->
<testsuite skipped="0" hostname="LAPTOP-D8GBQRP8" name="com.platformX.tests.PX_002_Provjera_Validacija_Na_LogIn_Formi_Test" tests="1" failures="0" timestamp="20 okt 2021 10:04:02 GMT" time="22.046" errors="0">
  <testcase name="px_002_bez_korisnickog_imena_test" time="22.046" classname="com.platformX.tests.PX_002_Provjera_Validacija_Na_LogIn_Formi_Test"/>
</testsuite> <!-- com.platformX.tests.PX_002_Provjera_Validacija_Na_LogIn_Formi_Test -->
