<?xml version="1.0" encoding="UTF-8"?>
<!-- Generated by org.testng.reporters.JUnitReportReporter -->
<testsuite skipped="0" hostname="LAPTOP-D8GBQRP8" name="com.platformX.tests.QA_061_Validacija_Umanjenja_Cijene_Isti_Broj_Mjeseci_Test" tests="1" failures="0" timestamp="11 avg 2021 09:18:05 GMT" time="15.666" errors="0">
  <testcase name="qa_061_validacija_umanjenja_cijene_isti_broj_mjeseci_test" time="15.666" classname="com.platformX.tests.QA_061_Validacija_Umanjenja_Cijene_Isti_Broj_Mjeseci_Test"/>
</testsuite> <!-- com.platformX.tests.QA_061_Validacija_Umanjenja_Cijene_Isti_Broj_Mjeseci_Test -->
