<?xml version="1.0" encoding="UTF-8"?>
<!-- Generated by org.testng.reporters.JUnitReportReporter -->
<testsuite skipped="0" hostname="LAPTOP-D8GBQRP8" name="com.platformX.tests.QA_006_Verifikuj_Sekciju_Obracun_Test" tests="1" failures="0" timestamp="17 feb 2021 12:24:05 GMT" time="25.601" errors="0">
  <testcase name="qa_006_verifikuj_sekciju_obracun_test" time="25.601" classname="com.platformX.tests.QA_006_Verifikuj_Sekciju_Obracun_Test"/>
</testsuite> <!-- com.platformX.tests.QA_006_Verifikuj_Sekciju_Obracun_Test -->
