<?xml version="1.0" encoding="UTF-8"?>
<!-- Generated by org.testng.reporters.JUnitReportReporter -->
<testsuite skipped="0" hostname="LAPTOP-D8GBQRP8" name="com.platformX.tests.QA_024_Izmjena_Polja_Signed_Na_Ugovoru_Test" tests="1" failures="0" timestamp="13 dec 2020 08:04:28 GMT" time="107.141" errors="0">
  <testcase name="qa_024_izmjena_polja_signed_na_ugovoru_test" time="107.141" classname="com.platformX.tests.QA_024_Izmjena_Polja_Signed_Na_Ugovoru_Test"/>
</testsuite> <!-- com.platformX.tests.QA_024_Izmjena_Polja_Signed_Na_Ugovoru_Test -->
