<?xml version="1.0" encoding="UTF-8"?>
<!-- Generated by org.testng.reporters.JUnitReportReporter -->
<testsuite skipped="0" hostname="LAPTOP-D8GBQRP8" name="com.platformX.tests.QA_027_Neuspjesna_Deaktivacija_Ugovora_Test" tests="1" failures="0" timestamp="19 dec 2020 08:57:26 GMT" time="34.695" errors="0">
  <testcase name="qa_027_neuspjesna_deaktivacija_ugovora_test" time="34.695" classname="com.platformX.tests.QA_027_Neuspjesna_Deaktivacija_Ugovora_Test"/>
</testsuite> <!-- com.platformX.tests.QA_027_Neuspjesna_Deaktivacija_Ugovora_Test -->
