<?xml version="1.0" encoding="UTF-8"?>
<!-- Generated by org.testng.reporters.JUnitReportReporter -->
<testsuite skipped="0" hostname="LAPTOP-D8GBQRP8" name="com.platformX.tests.PX_052_Deaktivacija_Ugovora_Test" tests="1" failures="0" timestamp="03 feb 2022 15:02:48 GMT" time="68.574" errors="0">
  <testcase name="px_052_deaktivacija_ugovora_test" time="68.574" classname="com.platformX.tests.PX_052_Deaktivacija_Ugovora_Test"/>
</testsuite> <!-- com.platformX.tests.PX_052_Deaktivacija_Ugovora_Test -->
