<?xml version="1.0" encoding="UTF-8"?>
<!-- Generated by org.testng.reporters.JUnitReportReporter -->
<testsuite skipped="0" hostname="LAPTOP-D8GBQRP8" name="com.platformX.api.tests.PXD_002_Get_User_Data_Test" tests="3" failures="0" timestamp="11 mar 2023 20:36:37 GMT" time="1.339" errors="0">
  <testcase name="pxd_get_user_data_test3" time="0.261" classname="com.platformX.api.tests.PXD_002_Get_User_Data_Test"/>
  <testcase name="pxd_get_user_data_test2" time="0.206" classname="com.platformX.api.tests.PXD_002_Get_User_Data_Test"/>
  <testcase name="pxd_get_user_data_test1" time="0.872" classname="com.platformX.api.tests.PXD_002_Get_User_Data_Test"/>
</testsuite> <!-- com.platformX.api.tests.PXD_002_Get_User_Data_Test -->
