<?xml version="1.0" encoding="UTF-8"?>
<!-- Generated by org.testng.reporters.JUnitReportReporter -->
<testsuite skipped="0" hostname="LAPTOP-D8GBQRP8" name="com.platformX.tests.PX_068_Neuspjesno_Brisanje_Pravnog_Lica_Test" tests="1" failures="0" timestamp="07 nov 2021 19:29:12 GMT" time="21.938" errors="0">
  <testcase name="px_068_neuspjesno_brisanje_pravnog_lica_test" time="21.938" classname="com.platformX.tests.PX_068_Neuspjesno_Brisanje_Pravnog_Lica_Test"/>
</testsuite> <!-- com.platformX.tests.PX_068_Neuspjesno_Brisanje_Pravnog_Lica_Test -->
