<?xml version="1.0" encoding="UTF-8"?>
<!-- Generated by org.testng.reporters.JUnitReportReporter -->
<testsuite hostname="DESKTOP-DCVP31V" failures="0" tests="1" name="com.platformX.tests.PX_008_Verifikacija_Sekcije_Finansije_Test" time="25.495" errors="0" timestamp="22 Sep 2022 09:43:42 GMT" skipped="0">
  <testcase classname="com.platformX.tests.PX_008_Verifikacija_Sekcije_Finansije_Test" name="px_008_verifikacija_sekcije_finansije_test" time="25.495"/>
</testsuite> <!-- com.platformX.tests.PX_008_Verifikacija_Sekcije_Finansije_Test -->
