<?xml version="1.0" encoding="UTF-8"?>
<!-- Generated by org.testng.reporters.JUnitReportReporter -->
<testsuite skipped="0" hostname="LAPTOP-D8GBQRP8" name="com.platformX.tests.QA_008_Dodavanje_Banke_Test" tests="1" failures="0" timestamp="18 apr 2021 19:04:31 GMT" time="20.480" errors="0">
  <testcase name="qa_008_dodavanje_banke_test" time="20.480" classname="com.platformX.tests.QA_008_Dodavanje_Banke_Test"/>
</testsuite> <!-- com.platformX.tests.QA_008_Dodavanje_Banke_Test -->
