<?xml version="1.0" encoding="UTF-8"?>
<!-- Generated by org.testng.reporters.JUnitReportReporter -->
<testsuite skipped="0" hostname="LAPTOP-D8GBQRP8" name="com.platformX.tests.PX_010_Pretraga_Pravnih_Lica_Sa_Pocetne_Stranice_Test" tests="1" failures="0" timestamp="30 jan 2022 15:27:25 GMT" time="33.867" errors="0">
  <testcase name="px_010_pretraga_pravnih_lica_sa_pocetne_stranice_test" time="33.867" classname="com.platformX.tests.PX_010_Pretraga_Pravnih_Lica_Sa_Pocetne_Stranice_Test"/>
</testsuite> <!-- com.platformX.tests.PX_010_Pretraga_Pravnih_Lica_Sa_Pocetne_Stranice_Test -->
