<?xml version="1.0" encoding="UTF-8"?>
<!-- Generated by org.testng.reporters.JUnitReportReporter -->
<testsuite skipped="0" hostname="LAPTOP-D8GBQRP8" name="com.platformX.api.tests.PXD_010_BasicCatalogs_Municipalities_Test" tests="10" failures="0" timestamp="08 apr 2024 19:48:09 GMT" time="3.298" errors="0">
  <testcase name="pxd_010_02_post_municipalities_list_test1" time="0.325" classname="com.platformX.api.tests.PXD_010_BasicCatalogs_Municipalities_Test"/>
  <testcase name="pxd_010_03_get_municipality_lookup_test2" time="0.169" classname="com.platformX.api.tests.PXD_010_BasicCatalogs_Municipalities_Test"/>
  <testcase name="pxd_010_05_update_municipality_test1" time="0.246" classname="com.platformX.api.tests.PXD_010_BasicCatalogs_Municipalities_Test"/>
  <testcase name="pxd_010_01_get_municipality_test2" time="0.586" classname="com.platformX.api.tests.PXD_010_BasicCatalogs_Municipalities_Test"/>
  <testcase name="pxd_010_04_create_municipality_test1" time="0.872" classname="com.platformX.api.tests.PXD_010_BasicCatalogs_Municipalities_Test"/>
  <testcase name="pxd_010_01_get_municipality_test3" time="0.179" classname="com.platformX.api.tests.PXD_010_BasicCatalogs_Municipalities_Test"/>
  <testcase name="pxd_010_03_get_municipality_lookup_test1" time="0.243" classname="com.platformX.api.tests.PXD_010_BasicCatalogs_Municipalities_Test"/>
  <testcase name="pxd_0010_06_delete_municipality_test1" time="0.171" classname="com.platformX.api.tests.PXD_010_BasicCatalogs_Municipalities_Test"/>
  <testcase name="pxd_010_01_get_municipality_test1" time="0.232" classname="com.platformX.api.tests.PXD_010_BasicCatalogs_Municipalities_Test"/>
  <testcase name="pxd_010_01_get_municipality_test4" time="0.275" classname="com.platformX.api.tests.PXD_010_BasicCatalogs_Municipalities_Test"/>
</testsuite> <!-- com.platformX.api.tests.PXD_010_BasicCatalogs_Municipalities_Test -->
