<?xml version="1.0" encoding="UTF-8"?>
<!-- Generated by org.testng.reporters.JUnitReportReporter -->
<testsuite skipped="0" hostname="LAPTOP-D8GBQRP8" name="com.platformX.api.tests.PXD_014_BasicCatalogs_InstallmentPersons_Test" tests="10" failures="0" timestamp="08 apr 2024 19:48:43 GMT" time="3.585" errors="0">
  <testcase name="pxd_014_01_get_installment_person_test2" time="0.588" classname="com.platformX.api.tests.PXD_014_BasicCatalogs_InstallmentPersons_Test"/>
  <testcase name="pxd_014_04_create_installment_person_test1" time="1.006" classname="com.platformX.api.tests.PXD_014_BasicCatalogs_InstallmentPersons_Test"/>
  <testcase name="pxd_014_01_get_installment_person_test1" time="0.186" classname="com.platformX.api.tests.PXD_014_BasicCatalogs_InstallmentPersons_Test"/>
  <testcase name="pxd_014_01_get_installment_person_test4" time="0.129" classname="com.platformX.api.tests.PXD_014_BasicCatalogs_InstallmentPersons_Test"/>
  <testcase name="pxd_014_01_get_installment_person_test3" time="0.258" classname="com.platformX.api.tests.PXD_014_BasicCatalogs_InstallmentPersons_Test"/>
  <testcase name="pxd_014_02_post_installment_persons_list_test1" time="0.321" classname="com.platformX.api.tests.PXD_014_BasicCatalogs_InstallmentPersons_Test"/>
  <testcase name="pxd_014_05_update_installment_person_test1" time="0.180" classname="com.platformX.api.tests.PXD_014_BasicCatalogs_InstallmentPersons_Test"/>
  <testcase name="pxd_014_06_delete_installment_person_test1" time="0.430" classname="com.platformX.api.tests.PXD_014_BasicCatalogs_InstallmentPersons_Test"/>
  <testcase name="pxd_014_03_get_installment_person_lookup_test2" time="0.147" classname="com.platformX.api.tests.PXD_014_BasicCatalogs_InstallmentPersons_Test"/>
  <testcase name="pxd_014_03_get_installment_person_lookup_test1" time="0.340" classname="com.platformX.api.tests.PXD_014_BasicCatalogs_InstallmentPersons_Test"/>
</testsuite> <!-- com.platformX.api.tests.PXD_014_BasicCatalogs_InstallmentPersons_Test -->
