<?xml version="1.0" encoding="UTF-8"?>
<!-- Generated by org.testng.reporters.JUnitReportReporter -->
<testsuite hostname="DESKTOP-O3FB7AP" failures="0" tests="1" name="com.application.tests.VCI_003_Newsletter_Test" time="77.452" errors="0" timestamp="2025-05-08T10:33:28 CEST" skipped="0">
  <testcase classname="com.application.tests.VCI_003_Newsletter_Test" name="vci_003_verify_newsletter_test" time="77.452"/>
</testsuite> <!-- com.application.tests.VCI_003_Newsletter_Test -->
