<?xml version="1.0" encoding="UTF-8"?>
<!-- Generated by org.testng.reporters.JUnitReportReporter -->
<testsuite skipped="0" hostname="LAPTOP-D8GBQRP8" name="com.platformX.tests.QA_016_Preknjizavanje_Dnevnika_Uplata_Test" tests="1" failures="0" timestamp="08 mar 2021 10:15:01 GMT" time="49.611" errors="0">
  <testcase name="qa_016_preknjizavanje_dnevnika_uplata_test" time="49.611" classname="com.platformX.tests.QA_016_Preknjizavanje_Dnevnika_Uplata_Test"/>
</testsuite> <!-- com.platformX.tests.QA_016_Preknjizavanje_Dnevnika_Uplata_Test -->
