<?xml version="1.0" encoding="UTF-8"?>
<!-- Generated by org.testng.reporters.JUnitReportReporter -->
<testsuite skipped="0" hostname="LAPTOP-D8GBQRP8" name="com.platformX.tests.QA_024_Neuspjesno_Dodavanje_Ugovora_Test6" tests="1" failures="0" timestamp="26 feb 2021 08:06:05 GMT" time="69.652" errors="0">
  <testcase name="qa_024_nesupjesno_dodavanje_ugovora_test6" time="69.652" classname="com.platformX.tests.QA_024_Neuspjesno_Dodavanje_Ugovora_Test6"/>
</testsuite> <!-- com.platformX.tests.QA_024_Neuspjesno_Dodavanje_Ugovora_Test6 -->
