<?xml version="1.0" encoding="UTF-8"?>
<!-- Generated by org.testng.reporters.JUnitReportReporter -->
<testsuite skipped="0" hostname="LAPTOP-D8GBQRP8" name="com.platformX.tests.QA_022_Provjera_Validacija_Na_Ugovoru_Test2" tests="1" failures="0" timestamp="13 feb 2021 20:27:44 GMT" time="29.145" errors="0">
  <testcase name="qa_022_provjera_validacija_na_ugovoru_test2" time="29.145" classname="com.platformX.tests.QA_022_Provjera_Validacija_Na_Ugovoru_Test2"/>
</testsuite> <!-- com.platformX.tests.QA_022_Provjera_Validacija_Na_Ugovoru_Test2 -->
