<?xml version="1.0" encoding="UTF-8"?>
<!-- Generated by org.testng.reporters.JUnitReportReporter -->
<testsuite skipped="0" hostname="LAPTOP-D8GBQRP8" name="com.platformX.tests.PX_073_Izmjena_Poste_Test" tests="1" failures="0" timestamp="16 nov 2021 08:45:15 GMT" time="23.246" errors="0">
  <testcase name="px_073_izmjena_poste_test" time="23.246" classname="com.platformX.tests.PX_073_Izmjena_Poste_Test"/>
</testsuite> <!-- com.platformX.tests.PX_073_Izmjena_Poste_Test -->
