<?xml version="1.0" encoding="UTF-8"?>
<!-- Generated by org.testng.reporters.JUnitReportReporter -->
<testsuite skipped="0" hostname="LAPTOP-D8GBQRP8" name="com.platformX.tests.PX_062_Dodavanje_Operativnog_Podrucja_Test" tests="1" failures="0" timestamp="06 maj 2022 08:39:58 GMT" time="14.289" errors="0">
  <testcase name="px_062_dodavanje_operativnog_podrucja_test" time="14.289" classname="com.platformX.tests.PX_062_Dodavanje_Operativnog_Podrucja_Test"/>
</testsuite> <!-- com.platformX.tests.PX_062_Dodavanje_Operativnog_Podrucja_Test -->
