<?xml version="1.0" encoding="UTF-8"?>
<!-- Generated by org.testng.reporters.JUnitReportReporter -->
<testsuite hostname="DESKTOP-KCELP7P" failures="0" tests="1" name="com.platformX.distribution.tests.PX_DIST_Dodavanje_Opstine_Test" time="16.175" errors="0" timestamp="12 okt 2022 15:05:48 GMT" skipped="0">
  <testcase classname="com.platformX.distribution.tests.PX_DIST_Dodavanje_Opstine_Test" name="px_dist_dodavanje_opstine_test" time="16.175"/>
</testsuite> <!-- com.platformX.distribution.tests.PX_DIST_Dodavanje_Opstine_Test -->
