<?xml version="1.0" encoding="UTF-8"?>
<!-- Generated by org.testng.reporters.JUnitReportReporter -->
<testsuite skipped="0" hostname="LAPTOP-D8GBQRP8" name="com.platformX.tests.QA_025_Dodavanje_Potpisanog_Ugovora_Test" tests="1" failures="0" timestamp="21 maj 2021 18:07:25 GMT" time="40.122" errors="0">
  <testcase name="qa_025_dodavanje_potpisanog_ugovora_test" time="40.122" classname="com.platformX.tests.QA_025_Dodavanje_Potpisanog_Ugovora_Test"/>
</testsuite> <!-- com.platformX.tests.QA_025_Dodavanje_Potpisanog_Ugovora_Test -->
