<?xml version="1.0" encoding="UTF-8"?>
<!-- Generated by org.testng.reporters.JUnitReportReporter -->
<testsuite skipped="0" hostname="LAPTOP-D8GBQRP8" name="com.platformX.tests.PX_029_Neuspjesno_Dodavanje_Ziro_Racuna_Test" tests="1" failures="0" timestamp="21 sep 2021 09:39:49 GMT" time="42.602" errors="0">
  <testcase name="px_029_neuspjesno_dodavanje_ziro_racuna_test" time="42.602" classname="com.platformX.tests.PX_029_Neuspjesno_Dodavanje_Ziro_Racuna_Test"/>
</testsuite> <!-- com.platformX.tests.PX_029_Neuspjesno_Dodavanje_Ziro_Racuna_Test -->
