<?xml version="1.0" encoding="UTF-8"?>
<!-- Generated by org.testng.reporters.JUnitReportReporter -->
<testsuite skipped="0" hostname="LAPTOP-D8GBQRP8" name="com.platformX.tests.PX_053_Neuspjesna_Deaktivacija_Ugovora_Test" tests="1" failures="0" timestamp="03 feb 2022 15:05:50 GMT" time="60.200" errors="0">
  <testcase name="px_053_neuspjesna_deaktivacija_ugovora_test" time="60.200" classname="com.platformX.tests.PX_053_Neuspjesna_Deaktivacija_Ugovora_Test"/>
</testsuite> <!-- com.platformX.tests.PX_053_Neuspjesna_Deaktivacija_Ugovora_Test -->
