<?xml version="1.0" encoding="UTF-8"?>
<!-- Generated by org.testng.reporters.JUnitReportReporter -->
<testsuite skipped="0" hostname="LAPTOP-D8GBQRP8" name="com.platformX.api.tests.PXD_007_BasicCatalogs_Suppliers_Test" tests="10" failures="0" timestamp="08 apr 2024 19:47:38 GMT" time="3.529" errors="0">
  <testcase name="pxd_007_05_update_supplier_test1" time="0.403" classname="com.platformX.api.tests.PXD_007_BasicCatalogs_Suppliers_Test"/>
  <testcase name="pxd_007_01_get_supplier_test4" time="0.136" classname="com.platformX.api.tests.PXD_007_BasicCatalogs_Suppliers_Test"/>
  <testcase name="pxd_007_01_get_supplier_test2" time="0.581" classname="com.platformX.api.tests.PXD_007_BasicCatalogs_Suppliers_Test"/>
  <testcase name="pxd_007_04_create_supplier_test1" time="0.826" classname="com.platformX.api.tests.PXD_007_BasicCatalogs_Suppliers_Test"/>
  <testcase name="pxd_007_03_get_supplier_lookup_test1" time="0.223" classname="com.platformX.api.tests.PXD_007_BasicCatalogs_Suppliers_Test"/>
  <testcase name="pxd_007_03_get_supplier_lookup_test2" time="0.128" classname="com.platformX.api.tests.PXD_007_BasicCatalogs_Suppliers_Test"/>
  <testcase name="pxd_007_01_get_supplier_test3" time="0.188" classname="com.platformX.api.tests.PXD_007_BasicCatalogs_Suppliers_Test"/>
  <testcase name="pxd_007_06_delete_supplier_test1" time="0.292" classname="com.platformX.api.tests.PXD_007_BasicCatalogs_Suppliers_Test"/>
  <testcase name="pxd_007_01_get_supplier_test1" time="0.289" classname="com.platformX.api.tests.PXD_007_BasicCatalogs_Suppliers_Test"/>
  <testcase name="pxd_007_02_post_suppliers_list_test1" time="0.463" classname="com.platformX.api.tests.PXD_007_BasicCatalogs_Suppliers_Test"/>
</testsuite> <!-- com.platformX.api.tests.PXD_007_BasicCatalogs_Suppliers_Test -->
