<?xml version="1.0" encoding="UTF-8"?>
<!-- Generated by org.testng.reporters.JUnitReportReporter -->
<testsuite skipped="0" hostname="LAPTOP-D8GBQRP8" name="com.platformX.tests.PX_055_Neuspjesno_Odbacivanje_Ugovora_Test" tests="1" failures="0" timestamp="06 maj 2022 08:39:32 GMT" time="18.009" errors="0">
  <testcase name="px_055_neuspjesno_odbacivanje_ugovora_test" time="18.009" classname="com.platformX.tests.PX_055_Neuspjesno_Odbacivanje_Ugovora_Test"/>
</testsuite> <!-- com.platformX.tests.PX_055_Neuspjesno_Odbacivanje_Ugovora_Test -->
