<?xml version="1.0" encoding="UTF-8"?>
<!-- Generated by org.testng.reporters.JUnitReportReporter -->
<testsuite skipped="0" hostname="LAPTOP-D8GBQRP8" name="com.platformX.tests.QA_020_Neuspjesno_Dodavanje_Ugovora_Test7" tests="1" failures="0" timestamp="12 dec 2020 07:35:56 GMT" time="73.883" errors="0">
  <testcase name="qa_020_nesupjesno_dodavanje_ugovora_test7" time="73.883" classname="com.platformX.tests.QA_020_Neuspjesno_Dodavanje_Ugovora_Test7"/>
</testsuite> <!-- com.platformX.tests.QA_020_Neuspjesno_Dodavanje_Ugovora_Test7 -->
