<?xml version="1.0" encoding="UTF-8"?>
<!-- Generated by org.testng.reporters.JUnitReportReporter -->
<testsuite skipped="0" hostname="LAPTOP-D8GBQRP8" name="com.platformX.tests.PX_033_Dodavanje_Uplate_Poziv_Na_Broj_Test2" tests="1" failures="0" timestamp="17 maj 2022 03:32:52 GMT" time="66.967" errors="0">
  <testcase name="px_033_dodavanje_uplate_poziv_na_broj_test2" time="66.967" classname="com.platformX.tests.PX_033_Dodavanje_Uplate_Poziv_Na_Broj_Test2"/>
</testsuite> <!-- com.platformX.tests.PX_033_Dodavanje_Uplate_Poziv_Na_Broj_Test2 -->
