<?xml version="1.0" encoding="UTF-8"?>
<!-- Generated by org.testng.reporters.JUnitReportReporter -->
<testsuite hostname="DESKTOP-KCELP7P" failures="0" tests="1" name="com.platformX.tests.PX_014_Brisanje_Umanjenja_Cijene_Test" time="26.831" errors="0" timestamp="01 jul 2022 09:18:34 GMT" skipped="0">
  <testcase classname="com.platformX.tests.PX_014_Brisanje_Umanjenja_Cijene_Test" name="px_014_brisanje_umanjenja_cijene_test" time="26.831"/>
</testsuite> <!-- com.platformX.tests.PX_014_Brisanje_Umanjenja_Cijene_Test -->
