<?xml version="1.0" encoding="UTF-8"?>
<!-- Generated by org.testng.reporters.JUnitReportReporter -->
<testsuite skipped="0" hostname="LAPTOP-D8GBQRP8" name="com.platformX.tests.QA_047_Dodavanje_Tafifne_Grupe_Test" tests="1" failures="0" timestamp="22 maj 2021 19:24:09 GMT" time="22.180" errors="0">
  <testcase name="qa_047_dodavanje_tarifne_grupe_test" time="22.180" classname="com.platformX.tests.QA_047_Dodavanje_Tafifne_Grupe_Test"/>
</testsuite> <!-- com.platformX.tests.QA_047_Dodavanje_Tafifne_Grupe_Test -->
