<?xml version="1.0" encoding="UTF-8"?>
<!-- Generated by org.testng.reporters.JUnitReportReporter -->
<testsuite hostname="DESKTOP-DCVP31V" failures="0" tests="1" name="com.platformX.tests.PX_033_Dodavanje_Uplate_Poziv_Na_Broj_Test2" time="56.083" errors="0" timestamp="22 Sep 2022 10:10:48 GMT" skipped="0">
  <testcase classname="com.platformX.tests.PX_033_Dodavanje_Uplate_Poziv_Na_Broj_Test2" name="px_033_dodavanje_uplate_poziv_na_broj_test2" time="56.083"/>
</testsuite> <!-- com.platformX.tests.PX_033_Dodavanje_Uplate_Poziv_Na_Broj_Test2 -->
