<?xml version="1.0" encoding="UTF-8"?>
<!-- Generated by org.testng.reporters.JUnitReportReporter -->
<testsuite skipped="0" hostname="LAPTOP-D8GBQRP8" name="com.platformX.distribution.tests.PX_DIST_Neuspjesno_Brisanje_Poste_Test" tests="1" failures="0" timestamp="23 feb 2022 07:57:52 GMT" time="23.248" errors="0">
  <testcase name="px_dist_neuspjesno_brisanje_poste_test" time="23.248" classname="com.platformX.distribution.tests.PX_DIST_Neuspjesno_Brisanje_Poste_Test"/>
</testsuite> <!-- com.platformX.distribution.tests.PX_DIST_Neuspjesno_Brisanje_Poste_Test -->
