<?xml version="1.0" encoding="UTF-8"?>
<!-- Generated by org.testng.reporters.JUnitReportReporter -->
<testsuite skipped="0" hostname="LAPTOP-D8GBQRP8" name="com.platformX.tests.PX_001_LogIn_LogOut_Test" tests="1" failures="0" timestamp="27 sep 2022 19:36:02 GMT" time="18.581" errors="0">
  <testcase name="px_001_logIn_logOut_test" time="18.581" classname="com.platformX.tests.PX_001_LogIn_LogOut_Test"/>
</testsuite> <!-- com.platformX.tests.PX_001_LogIn_LogOut_Test -->
